#0 building with "default" instance using docker driver

#1 [internal] load build definition from ubuntu-22.04-opencv-full-build.Dockerfile
#1 transferring dockerfile: 6.81kB done
#1 DONE 0.0s

#2 [internal] load metadata for docker.io/library/ubuntu:22.04
#2 DONE 0.0s

#3 [internal] load .dockerignore
#3 transferring context: 2B done
#3 DONE 0.0s

#4 [opencv_download 1/3] FROM docker.io/library/ubuntu:22.04
#4 DONE 0.0s

#5 [test 2/6] RUN set -xeu && 	DEBIAN_FRONTEND=noninteractive apt-get update && 	DEBIAN_FRONTEND=noninteractive apt-get install -y curl clang libclang-dev cmake
#5 CACHED

#6 [opencv_download 2/3] RUN set -xeu && 	DEBIAN_FRONTEND=noninteractive apt-get update && 	DEBIAN_FRONTEND=noninteractive apt-get install -y curl
#6 CACHED

#7 [opencv_download 3/3] RUN set -xeu &&     mkdir -p /root/dist &&     curl -sSfL "https://github.com/opencv/opencv/archive/refs/tags/4.8.0.tar.gz" | tar xz -C /root/dist &&     curl -sSfL "https://github.com/opencv/opencv_contrib/archive/refs/tags/4.8.0.tar.gz" | tar xz -C /root/dist &&     sed -ri 's/Ptr<FarnebackOpticalFlow> cv::cuda::FarnebackOpticalFlow::create/Ptr<cv::cuda::FarnebackOpticalFlow> cv::cuda::FarnebackOpticalFlow::create/' "/root/dist/opencv_contrib-4.8.0/modules/cudaoptflow/src/farneback.cpp" # patch for version 4.8.0
#7 CACHED

#8 [backend 2/4] RUN set -xeu && 	DEBIAN_FRONTEND=noninteractive apt-get update && 	DEBIAN_FRONTEND=noninteractive apt-get install -y clang libclang-dev cmake
#8 CACHED

#9 [test 3/6] RUN set -xeu &&     curl --proto '=https' --tlsv1.2 -sSf https://sh.rustup.rs | sh -s -- -y --profile=minimal
#9 CACHED

#10 [backend 3/4] COPY --from=opencv_download /root/dist /root/dist
#10 CACHED

#11 [test 4/6] RUN set -xeu && 	cargo new /root/app
#11 0.448 + cargo new /root/app
#11 0.480     Creating binary (application) `app` package
#11 1.043 note: see more `Cargo.toml` keys and their definitions at https://doc.rust-lang.org/cargo/reference/manifest.html
#11 DONE 1.1s

#12 [backend 4/4] RUN set -xeu &&     mkdir -p /root/build &&     cmake -B /root/build -S "/root/dist/opencv-4.8.0" -D OPENCV_EXTRA_MODULES_PATH="/root/dist/opencv_contrib-4.8.0/modules" -D CMAKE_INSTALL_PREFIX=/opt/opencv     	-D BUILD_CUDA_STUBS=OFF     	-D BUILD_DOCS=OFF     	-D BUILD_EXAMPLES=OFF     	-D BUILD_IPP_IW=OFF     	-D BUILD_ITT=OFF     	-D BUILD_JASPER=OFF     	-D BUILD_JAVA=OFF     	-D BUILD_JPEG=OFF     	-D BUILD_OPENEXR=OFF     	-D BUILD_PERF_TESTS=OFF     	-D BUILD_PNG=OFF     	-D BUILD_PROTOBUF=OFF     	-D BUILD_SHARED_LIBS=OFF     	-D BUILD_TBB=OFF     	-D BUILD_TESTS=OFF     	-D BUILD_TIFF=OFF     	-D BUILD_WEBP=OFF     	-D BUILD_WITH_DYNAMIC_IPP=OFF     	-D BUILD_ZLIB=OFF 		-D BUILD_opencv_alphamat=OFF 		-D BUILD_opencv_aruco=OFF 		-D BUILD_opencv_bgsegm=OFF 		-D BUILD_opencv_bioinspired=OFF 		-D BUILD_opencv_calib3d=OFF 		-D BUILD_opencv_ccalib=OFF 		-D BUILD_opencv_core=ON 		-D BUILD_opencv_datasets=OFF 		-D BUILD_opencv_dnn=OFF 		-D BUILD_opencv_dnn_objdetect=OFF 		-D BUILD_opencv_dnn_superres=OFF 		-D BUILD_opencv_dpm=OFF 		-D BUILD_opencv_face=OFF 		-D BUILD_opencv_features2d=OFF 		-D BUILD_opencv_flann=OFF 		-D BUILD_opencv_fuzzy=OFF 		-D BUILD_opencv_gapi=OFF 		-D BUILD_opencv_hfs=OFF 		-D BUILD_opencv_highgui=OFF 		-D BUILD_opencv_img_hash=OFF 		-D BUILD_opencv_imgcodecs=OFF 		-D BUILD_opencv_imgproc=OFF 		-D BUILD_opencv_intensity_transform=OFF 		-D BUILD_opencv_java_bindings_generator=OFF 		-D BUILD_opencv_js_bindings_generator=OFF 		-D BUILD_opencv_line_descriptor=OFF 		-D BUILD_opencv_mcc=OFF 		-D BUILD_opencv_ml=OFF 		-D BUILD_opencv_objc_bindings_generator=OFF 		-D BUILD_opencv_objdetect=OFF 		-D BUILD_opencv_optflow=OFF 		-D BUILD_opencv_phase_unwrapping=OFF 		-D BUILD_opencv_photo=OFF 		-D BUILD_opencv_plot=OFF 		-D BUILD_opencv_python_bindings_generator=OFF 		-D BUILD_opencv_python_tests=OFF 		-D BUILD_opencv_quality=OFF 		-D BUILD_opencv_rapid=OFF 		-D BUILD_opencv_reg=OFF 		-D BUILD_opencv_rgbd=OFF 		-D BUILD_opencv_saliency=OFF 		-D BUILD_opencv_sfm=OFF 		-D BUILD_opencv_shape=OFF 		-D BUILD_opencv_stereo=OFF 		-D BUILD_opencv_stitching=OFF 		-D BUILD_opencv_structured_light=OFF 		-D BUILD_opencv_superres=OFF 		-D BUILD_opencv_surface_matching=OFF 		-D BUILD_opencv_text=OFF 		-D BUILD_opencv_tracking=OFF 		-D BUILD_opencv_video=OFF 		-D BUILD_opencv_videoio=OFF 		-D BUILD_opencv_videostab=OFF 		-D BUILD_opencv_wechat_qrcode=OFF 		-D BUILD_opencv_xfeatures2d=OFF 		-D BUILD_opencv_ximgproc=OFF 		-D BUILD_opencv_xobjdetect=OFF 		-D BUILD_opencv_xphoto=OFF 		-D BUILD_opencv_freetype=OFF     	-D BUILD_opencv_apps=OFF     	-D BUILD_opencv_python2=OFF     	-D BUILD_opencv_python3=OFF     	-D CMAKE_BUILD_TYPE=Release     	-D ENABLE_CONFIG_VERIFICATION=OFF     	-D CV_ENABLE_INTRINSICS=ON     	-D ENABLE_PIC=ON     	-D INSTALL_CREATE_DISTRIB=OFF     	-D INSTALL_PYTHON_EXAMPLES=OFF     	-D INSTALL_C_EXAMPLES=OFF     	-D INSTALL_TESTS=OFF     	-D OPENCV_ENABLE_NONFREE=OFF     	-D OPENCV_FORCE_3RDPARTY_BUILD=ON     	-D OPENCV_GENERATE_PKGCONFIG=OFF     	-D PROTOBUF_UPDATE_FILES=OFF 		-D OPENCV_DNN_OPENCL=OFF 		-D OPENCV_DNN_TFLITE=OFF 		-D OPENCV_TEST_DNN_TFLITE=OFF     	-D WITH_1394=OFF     	-D WITH_ADE=OFF     	-D WITH_ARAVIS=OFF     	-D WITH_CLP=OFF     	-D WITH_CUBLAS=OFF     	-D WITH_CUDA=OFF     	-D WITH_CUFFT=OFF     	-D WITH_EIGEN=OFF     	-D WITH_FFMPEG=OFF 		-D WITH_FLATBUFFERS=OFF 		-D WITH_FREETYPE=OFF     	-D WITH_GDAL=OFF     	-D WITH_GDCM=OFF     	-D WITH_GIGEAPI=OFF     	-D WITH_GPHOTO2=OFF     	-D WITH_GSTREAMER=OFF     	-D WITH_GSTREAMER_0_10=OFF     	-D WITH_GTK=OFF     	-D WITH_GTK_2_X=OFF     	-D WITH_HALIDE=OFF     	-D WITH_IMGCODEC_HDcR=OFF 		-D WITH_IMGCODEC_HDR=OFF     	-D WITH_IMGCODEC_PXM=OFF 		-D WITH_IMGCODEC_PFM=OFF     	-D WITH_IMGCODEC_SUNRASTER=OFF     	-D WITH_INF_ENGINE=OFF     	-D WITH_IPP=OFF     	-D WITH_ITT=OFF     	-D WITH_JASPER=OFF     	-D WITH_JPEG=OFF     	-D WITH_LAPACK=OFF     	-D WITH_LIBV4L=OFF     	-D WITH_MATLAB=OFF     	-D WITH_MFX=OFF     	-D WITH_NVCUVID=OFF     	-D WITH_OPENCL=OFF     	-D WITH_OPENCLAMDBLAS=OFF     	-D WITH_OPENCLAMDFFT=OFF     	-D WITH_OPENCL_SVM=OFF     	-D WITH_OPENEXR=OFF     	-D WITH_OPENGL=OFF     	-D WITH_OPENMP=OFF     	-D WITH_OPENNI2=OFF     	-D WITH_OPENNI=OFF     	-D WITH_OPENVX=OFF 		-D WITH_OBSENSOR=OFF     	-D WITH_PNG=OFF     	-D WITH_PROTOBUF=OFF     	-D WITH_PTHREADS_PF=ON     	-D WITH_PVAPI=OFF 		-D WITH_TESSERACT=OFF     	-D WITH_QT=OFF     	-D WITH_QUIRC=OFF     	-D WITH_TBB=OFF     	-D WITH_TIFF=OFF     	-D WITH_UNICAP=OFF     	-D WITH_V4L=OFF     	-D WITH_VA=OFF     	-D WITH_VA_INTEL=OFF     	-D WITH_VTK=OFF     	-D WITH_WEBP=OFF     	-D WITH_XIMEA=OFF     	-D WITH_XINE=OFF &&     make -C /root/build -j`nproc` install
#12 0.347 + mkdir -p /root/build
#12 0.349 + cmake -B /root/build -S /root/dist/opencv-4.8.0 -D OPENCV_EXTRA_MODULES_PATH=/root/dist/opencv_contrib-4.8.0/modules -D CMAKE_INSTALL_PREFIX=/opt/opencv -D BUILD_CUDA_STUBS=OFF -D BUILD_DOCS=OFF -D BUILD_EXAMPLES=OFF -D BUILD_IPP_IW=OFF -D BUILD_ITT=OFF -D BUILD_JASPER=OFF -D BUILD_JAVA=OFF -D BUILD_JPEG=OFF -D BUILD_OPENEXR=OFF -D BUILD_PERF_TESTS=OFF -D BUILD_PNG=OFF -D BUILD_PROTOBUF=OFF -D BUILD_SHARED_LIBS=OFF -D BUILD_TBB=OFF -D BUILD_TESTS=OFF -D BUILD_TIFF=OFF -D BUILD_WEBP=OFF -D BUILD_WITH_DYNAMIC_IPP=OFF -D BUILD_ZLIB=OFF -D BUILD_opencv_alphamat=OFF -D BUILD_opencv_aruco=OFF -D BUILD_opencv_bgsegm=OFF -D BUILD_opencv_bioinspired=OFF -D BUILD_opencv_calib3d=OFF -D BUILD_opencv_ccalib=OFF -D BUILD_opencv_core=ON -D BUILD_opencv_datasets=OFF -D BUILD_opencv_dnn=OFF -D BUILD_opencv_dnn_objdetect=OFF -D BUILD_opencv_dnn_superres=OFF -D BUILD_opencv_dpm=OFF -D BUILD_opencv_face=OFF -D BUILD_opencv_features2d=OFF -D BUILD_opencv_flann=OFF -D BUILD_opencv_fuzzy=OFF -D BUILD_opencv_gapi=OFF -D BUILD_opencv_hfs=OFF -D BUILD_opencv_highgui=OFF -D BUILD_opencv_img_hash=OFF -D BUILD_opencv_imgcodecs=OFF -D BUILD_opencv_imgproc=OFF -D BUILD_opencv_intensity_transform=OFF -D BUILD_opencv_java_bindings_generator=OFF -D BUILD_opencv_js_bindings_generator=OFF -D BUILD_opencv_line_descriptor=OFF -D BUILD_opencv_mcc=OFF -D BUILD_opencv_ml=OFF -D BUILD_opencv_objc_bindings_generator=OFF -D BUILD_opencv_objdetect=OFF -D BUILD_opencv_optflow=OFF -D BUILD_opencv_phase_unwrapping=OFF -D BUILD_opencv_photo=OFF -D BUILD_opencv_plot=OFF -D BUILD_opencv_python_bindings_generator=OFF -D BUILD_opencv_python_tests=OFF -D BUILD_opencv_quality=OFF -D BUILD_opencv_rapid=OFF -D BUILD_opencv_reg=OFF -D BUILD_opencv_rgbd=OFF -D BUILD_opencv_saliency=OFF -D BUILD_opencv_sfm=OFF -D BUILD_opencv_shape=OFF -D BUILD_opencv_stereo=OFF -D BUILD_opencv_stitching=OFF -D BUILD_opencv_structured_light=OFF -D BUILD_opencv_superres=OFF -D BUILD_opencv_surface_matching=OFF -D BUILD_opencv_text=OFF -D BUILD_opencv_tracking=OFF -D BUILD_opencv_video=OFF -D BUILD_opencv_videoio=OFF -D BUILD_opencv_videostab=OFF -D BUILD_opencv_wechat_qrcode=OFF -D BUILD_opencv_xfeatures2d=OFF -D BUILD_opencv_ximgproc=OFF -D BUILD_opencv_xobjdetect=OFF -D BUILD_opencv_xphoto=OFF -D BUILD_opencv_freetype=OFF -D BUILD_opencv_apps=OFF -D BUILD_opencv_python2=OFF -D BUILD_opencv_python3=OFF -D CMAKE_BUILD_TYPE=Release -D ENABLE_CONFIG_VERIFICATION=OFF -D CV_ENABLE_INTRINSICS=ON -D ENABLE_PIC=ON -D INSTALL_CREATE_DISTRIB=OFF -D INSTALL_PYTHON_EXAMPLES=OFF -D INSTALL_C_EXAMPLES=OFF -D INSTALL_TESTS=OFF -D OPENCV_ENABLE_NONFREE=OFF -D OPENCV_FORCE_3RDPARTY_BUILD=ON -D OPENCV_GENERATE_PKGCONFIG=OFF -D PROTOBUF_UPDATE_FILES=OFF -D OPENCV_DNN_OPENCL=OFF -D OPENCV_DNN_TFLITE=OFF -D OPENCV_TEST_DNN_TFLITE=OFF -D WITH_1394=OFF -D WITH_ADE=OFF -D WITH_ARAVIS=OFF -D WITH_CLP=OFF -D WITH_CUBLAS=OFF -D WITH_CUDA=OFF -D WITH_CUFFT=OFF -D WITH_EIGEN=OFF -D WITH_FFMPEG=OFF -D WITH_FLATBUFFERS=OFF -D WITH_FREETYPE=OFF -D WITH_GDAL=OFF -D WITH_GDCM=OFF -D WITH_GIGEAPI=OFF -D WITH_GPHOTO2=OFF -D WITH_GSTREAMER=OFF -D WITH_GSTREAMER_0_10=OFF -D WITH_GTK=OFF -D WITH_GTK_2_X=OFF -D WITH_HALIDE=OFF -D WITH_IMGCODEC_HDcR=OFF -D WITH_IMGCODEC_HDR=OFF -D WITH_IMGCODEC_PXM=OFF -D WITH_IMGCODEC_PFM=OFF -D WITH_IMGCODEC_SUNRASTER=OFF -D WITH_INF_ENGINE=OFF -D WITH_IPP=OFF -D WITH_ITT=OFF -D WITH_JASPER=OFF -D WITH_JPEG=OFF -D WITH_LAPACK=OFF -D WITH_LIBV4L=OFF -D WITH_MATLAB=OFF -D WITH_MFX=OFF -D WITH_NVCUVID=OFF -D WITH_OPENCL=OFF -D WITH_OPENCLAMDBLAS=OFF -D WITH_OPENCLAMDFFT=OFF -D WITH_OPENCL_SVM=OFF -D WITH_OPENEXR=OFF -D WITH_OPENGL=OFF -D WITH_OPENMP=OFF -D WITH_OPENNI2=OFF -D WITH_OPENNI=OFF -D WITH_OPENVX=OFF -D WITH_OBSENSOR=OFF -D WITH_PNG=OFF -D WITH_PROTOBUF=OFF -D WITH_PTHREADS_PF=ON -D WITH_PVAPI=OFF -D WITH_TESSERACT=OFF -D WITH_QT=OFF -D WITH_QUIRC=OFF -D WITH_TBB=OFF -D WITH_TIFF=OFF -D WITH_UNICAP=OFF -D WITH_V4L=OFF -D WITH_VA=OFF -D WITH_VA_INTEL=OFF -D WITH_VTK=OFF -D WITH_WEBP=OFF -D WITH_XIMEA=OFF -D WITH_XINE=OFF
#12 0.437 -- The CXX compiler identification is Clang 14.0.0
#12 0.469 -- The C compiler identification is GNU 11.4.0
#12 0.476 -- Detecting CXX compiler ABI info
#12 0.581 -- Detecting CXX compiler ABI info - done
#12 0.586 -- Check for working CXX compiler: /usr/bin/c++ - skipped
#12 0.586 -- Detecting CXX compile features
#12 0.587 -- Detecting CXX compile features - done
#12 0.590 -- Detecting C compiler ABI info
#12 0.638 -- Detecting C compiler ABI info - done
#12 0.644 -- Check for working C compiler: /usr/bin/cc - skipped
#12 0.645 -- Detecting C compile features
#12 0.645 -- Detecting C compile features - done
#12 0.648 -- ocv_init_download: OpenCV source tree is not fetched as git repository. 3rdparty resources will be downloaded from github.com by default.
#12 0.648 -- Detected processor: x86_64
#12 0.664 -- Could NOT find PythonInterp (missing: PYTHON_EXECUTABLE) (Required is at least version "2.7")
#12 0.675 -- Found PythonInterp: /usr/bin/python3 (found suitable version "3.10.12", minimum required is "3.2") 
#12 0.681 -- Could NOT find PythonLibs (missing: PYTHON_LIBRARIES PYTHON_INCLUDE_DIRS) (Required is exact version "3.10.12")
#12 0.700 Traceback (most recent call last):
#12 0.700   File "<string>", line 1, in <module>
#12 0.700 ModuleNotFoundError: No module named 'numpy'
#12 0.706 -- Looking for ccache - not found
#12 0.706 -- Performing Test HAVE_CXX_FSIGNED_CHAR
#12 0.813 -- Performing Test HAVE_CXX_FSIGNED_CHAR - Success
#12 0.814 -- Performing Test HAVE_C_FSIGNED_CHAR
#12 0.866 -- Performing Test HAVE_C_FSIGNED_CHAR - Success
#12 0.866 -- Performing Test HAVE_CXX_W
#12 0.974 -- Performing Test HAVE_CXX_W - Success
#12 0.975 -- Performing Test HAVE_C_W
#12 1.026 -- Performing Test HAVE_C_W - Success
#12 1.026 -- Performing Test HAVE_CXX_WALL
#12 1.146 -- Performing Test HAVE_CXX_WALL - Success
#12 1.146 -- Performing Test HAVE_C_WALL
#12 1.198 -- Performing Test HAVE_C_WALL - Success
#12 1.199 -- Performing Test HAVE_CXX_WRETURN_TYPE
#12 1.309 -- Performing Test HAVE_CXX_WRETURN_TYPE - Success
#12 1.309 -- Performing Test HAVE_C_WRETURN_TYPE
#12 1.362 -- Performing Test HAVE_C_WRETURN_TYPE - Success
#12 1.362 -- Performing Test HAVE_CXX_WNON_VIRTUAL_DTOR
#12 1.466 -- Performing Test HAVE_CXX_WNON_VIRTUAL_DTOR - Success
#12 1.467 -- Performing Test HAVE_C_WNON_VIRTUAL_DTOR
#12 1.518 -- Performing Test HAVE_C_WNON_VIRTUAL_DTOR - Failed
#12 1.518 -- Performing Test HAVE_CXX_WADDRESS
#12 1.619 -- Performing Test HAVE_CXX_WADDRESS - Success
#12 1.620 -- Performing Test HAVE_C_WADDRESS
#12 1.669 -- Performing Test HAVE_C_WADDRESS - Success
#12 1.669 -- Performing Test HAVE_CXX_WSEQUENCE_POINT
#12 1.773 -- Performing Test HAVE_CXX_WSEQUENCE_POINT - Success
#12 1.774 -- Performing Test HAVE_C_WSEQUENCE_POINT
#12 1.826 -- Performing Test HAVE_C_WSEQUENCE_POINT - Success
#12 1.827 -- Performing Test HAVE_CXX_WFORMAT
#12 1.924 -- Performing Test HAVE_CXX_WFORMAT - Success
#12 1.924 -- Performing Test HAVE_C_WFORMAT
#12 1.977 -- Performing Test HAVE_C_WFORMAT - Success
#12 1.977 -- Performing Test HAVE_CXX_WFORMAT_SECURITY
#12 2.086 -- Performing Test HAVE_CXX_WFORMAT_SECURITY - Success
#12 2.087 -- Performing Test HAVE_C_WFORMAT_SECURITY
#12 2.139 -- Performing Test HAVE_C_WFORMAT_SECURITY - Success
#12 2.139 -- Performing Test HAVE_CXX_WMISSING_DECLARATIONS
#12 2.260 -- Performing Test HAVE_CXX_WMISSING_DECLARATIONS - Success
#12 2.260 -- Performing Test HAVE_C_WMISSING_DECLARATIONS
#12 2.318 -- Performing Test HAVE_C_WMISSING_DECLARATIONS - Success
#12 2.319 -- Performing Test HAVE_CXX_WMISSING_PROTOTYPES
#12 2.433 -- Performing Test HAVE_CXX_WMISSING_PROTOTYPES - Success
#12 2.433 -- Performing Test HAVE_C_WMISSING_PROTOTYPES
#12 2.484 -- Performing Test HAVE_C_WMISSING_PROTOTYPES - Success
#12 2.484 -- Performing Test HAVE_CXX_WSTRICT_PROTOTYPES
#12 2.583 -- Performing Test HAVE_CXX_WSTRICT_PROTOTYPES - Success
#12 2.584 -- Performing Test HAVE_C_WSTRICT_PROTOTYPES
#12 2.633 -- Performing Test HAVE_C_WSTRICT_PROTOTYPES - Success
#12 2.633 -- Performing Test HAVE_CXX_WUNDEF
#12 2.752 -- Performing Test HAVE_CXX_WUNDEF - Success
#12 2.752 -- Performing Test HAVE_C_WUNDEF
#12 2.804 -- Performing Test HAVE_C_WUNDEF - Success
#12 2.804 -- Performing Test HAVE_CXX_WINIT_SELF
#12 2.921 -- Performing Test HAVE_CXX_WINIT_SELF - Success
#12 2.921 -- Performing Test HAVE_C_WINIT_SELF
#12 2.972 -- Performing Test HAVE_C_WINIT_SELF - Success
#12 2.972 -- Performing Test HAVE_CXX_WPOINTER_ARITH
#12 3.070 -- Performing Test HAVE_CXX_WPOINTER_ARITH - Success
#12 3.070 -- Performing Test HAVE_C_WPOINTER_ARITH
#12 3.122 -- Performing Test HAVE_C_WPOINTER_ARITH - Success
#12 3.122 -- Performing Test HAVE_CXX_WSHADOW
#12 3.265 -- Performing Test HAVE_CXX_WSHADOW - Success
#12 3.265 -- Performing Test HAVE_C_WSHADOW
#12 3.317 -- Performing Test HAVE_C_WSHADOW - Success
#12 3.317 -- Performing Test HAVE_CXX_WSIGN_PROMO
#12 3.427 -- Performing Test HAVE_CXX_WSIGN_PROMO - Success
#12 3.428 -- Performing Test HAVE_C_WSIGN_PROMO
#12 3.477 -- Performing Test HAVE_C_WSIGN_PROMO - Failed
#12 3.478 -- Performing Test HAVE_CXX_WUNINITIALIZED
#12 3.590 -- Performing Test HAVE_CXX_WUNINITIALIZED - Success
#12 3.590 -- Performing Test HAVE_C_WUNINITIALIZED
#12 3.642 -- Performing Test HAVE_C_WUNINITIALIZED - Success
#12 3.643 -- Performing Test HAVE_CXX_WINCONSISTENT_MISSING_OVERRIDE
#12 3.753 -- Performing Test HAVE_CXX_WINCONSISTENT_MISSING_OVERRIDE - Success
#12 3.753 -- Performing Test HAVE_C_WINCONSISTENT_MISSING_OVERRIDE
#12 3.778 -- Performing Test HAVE_C_WINCONSISTENT_MISSING_OVERRIDE - Failed
#12 3.778 -- Performing Test HAVE_CXX_WNO_DELETE_NON_VIRTUAL_DTOR
#12 3.876 -- Performing Test HAVE_CXX_WNO_DELETE_NON_VIRTUAL_DTOR - Success
#12 3.876 -- Performing Test HAVE_C_WNO_DELETE_NON_VIRTUAL_DTOR
#12 3.925 -- Performing Test HAVE_C_WNO_DELETE_NON_VIRTUAL_DTOR - Failed
#12 3.926 -- Performing Test HAVE_CXX_WNO_UNNAMED_TYPE_TEMPLATE_ARGS
#12 4.024 -- Performing Test HAVE_CXX_WNO_UNNAMED_TYPE_TEMPLATE_ARGS - Success
#12 4.024 -- Performing Test HAVE_C_WNO_UNNAMED_TYPE_TEMPLATE_ARGS
#12 4.071 -- Performing Test HAVE_C_WNO_UNNAMED_TYPE_TEMPLATE_ARGS - Failed
#12 4.071 -- Performing Test HAVE_CXX_WNO_COMMENT
#12 4.175 -- Performing Test HAVE_CXX_WNO_COMMENT - Success
#12 4.175 -- Performing Test HAVE_C_WNO_COMMENT
#12 4.226 -- Performing Test HAVE_C_WNO_COMMENT - Success
#12 4.226 -- Performing Test HAVE_CXX_WNO_DEPRECATED_ENUM_ENUM_CONVERSION
#12 4.332 -- Performing Test HAVE_CXX_WNO_DEPRECATED_ENUM_ENUM_CONVERSION - Success
#12 4.332 -- Performing Test HAVE_C_WNO_DEPRECATED_ENUM_ENUM_CONVERSION
#12 4.383 -- Performing Test HAVE_C_WNO_DEPRECATED_ENUM_ENUM_CONVERSION - Failed
#12 4.384 -- Performing Test HAVE_CXX_WNO_DEPRECATED_ANON_ENUM_ENUM_CONVERSION
#12 4.480 -- Performing Test HAVE_CXX_WNO_DEPRECATED_ANON_ENUM_ENUM_CONVERSION - Success
#12 4.480 -- Performing Test HAVE_C_WNO_DEPRECATED_ANON_ENUM_ENUM_CONVERSION
#12 4.529 -- Performing Test HAVE_C_WNO_DEPRECATED_ANON_ENUM_ENUM_CONVERSION - Failed
#12 4.530 -- Performing Test HAVE_CXX_FDIAGNOSTICS_SHOW_OPTION
#12 4.626 -- Performing Test HAVE_CXX_FDIAGNOSTICS_SHOW_OPTION - Success
#12 4.627 -- Performing Test HAVE_C_FDIAGNOSTICS_SHOW_OPTION
#12 4.676 -- Performing Test HAVE_C_FDIAGNOSTICS_SHOW_OPTION - Success
#12 4.676 -- Performing Test HAVE_CXX_WNO_LONG_LONG
#12 4.773 -- Performing Test HAVE_CXX_WNO_LONG_LONG - Success
#12 4.773 -- Performing Test HAVE_C_WNO_LONG_LONG
#12 4.822 -- Performing Test HAVE_C_WNO_LONG_LONG - Success
#12 4.822 -- Performing Test HAVE_CXX_PTHREAD
#12 4.925 -- Performing Test HAVE_CXX_PTHREAD - Success
#12 4.926 -- Performing Test HAVE_C_PTHREAD
#12 4.974 -- Performing Test HAVE_C_PTHREAD - Success
#12 4.975 -- Performing Test HAVE_CXX_QUNUSED_ARGUMENTS
#12 5.075 -- Performing Test HAVE_CXX_QUNUSED_ARGUMENTS - Success
#12 5.075 -- Performing Test HAVE_C_QUNUSED_ARGUMENTS
#12 5.096 -- Performing Test HAVE_C_QUNUSED_ARGUMENTS - Failed
#12 5.096 -- Performing Test HAVE_CXX_FFUNCTION_SECTIONS
#12 5.191 -- Performing Test HAVE_CXX_FFUNCTION_SECTIONS - Success
#12 5.191 -- Performing Test HAVE_C_FFUNCTION_SECTIONS
#12 5.241 -- Performing Test HAVE_C_FFUNCTION_SECTIONS - Success
#12 5.242 -- Performing Test HAVE_CXX_FDATA_SECTIONS
#12 5.339 -- Performing Test HAVE_CXX_FDATA_SECTIONS - Success
#12 5.339 -- Performing Test HAVE_C_FDATA_SECTIONS
#12 5.386 -- Performing Test HAVE_C_FDATA_SECTIONS - Success
#12 5.389 -- Performing Test HAVE_CXX_MSSE (check file: cmake/checks/cpu_sse.cpp)
#12 5.515 -- Performing Test HAVE_CXX_MSSE - Success
#12 5.515 -- Performing Test HAVE_CXX_MSSE2 (check file: cmake/checks/cpu_sse2.cpp)
#12 5.648 -- Performing Test HAVE_CXX_MSSE2 - Success
#12 5.649 -- Performing Test HAVE_CXX_MSSE3 (check file: cmake/checks/cpu_sse3.cpp)
#12 5.787 -- Performing Test HAVE_CXX_MSSE3 - Success
#12 5.787 -- Performing Test HAVE_CXX_MSSSE3 (check file: cmake/checks/cpu_ssse3.cpp)
#12 5.931 -- Performing Test HAVE_CXX_MSSSE3 - Success
#12 5.931 -- Performing Test HAVE_CXX_MSSE4_1 (check file: cmake/checks/cpu_sse41.cpp)
#12 6.060 -- Performing Test HAVE_CXX_MSSE4_1 - Success
#12 6.061 -- Performing Test HAVE_CXX_MPOPCNT (check file: cmake/checks/cpu_popcnt.cpp)
#12 6.165 -- Performing Test HAVE_CXX_MPOPCNT - Success
#12 6.165 -- Performing Test HAVE_CXX_MSSE4_2 (check file: cmake/checks/cpu_sse42.cpp)
#12 6.310 -- Performing Test HAVE_CXX_MSSE4_2 - Success
#12 6.310 -- Performing Test HAVE_CXX_MF16C (check file: cmake/checks/cpu_fp16.cpp)
#12 6.661 -- Performing Test HAVE_CXX_MF16C - Success
#12 6.662 -- Performing Test HAVE_CXX_MFMA
#12 6.762 -- Performing Test HAVE_CXX_MFMA - Success
#12 6.762 -- Performing Test HAVE_CXX_MAVX (check file: cmake/checks/cpu_avx.cpp)
#12 7.116 -- Performing Test HAVE_CXX_MAVX - Success
#12 7.117 -- Performing Test HAVE_CXX_MAVX2 (check file: cmake/checks/cpu_avx2.cpp)
#12 7.464 -- Performing Test HAVE_CXX_MAVX2 - Success
#12 7.464 -- Performing Test HAVE_CXX_MAVX512F (check file: cmake/checks/cpu_avx512.cpp)
#12 7.832 -- Performing Test HAVE_CXX_MAVX512F - Success
#12 7.833 -- Performing Test HAVE_CXX_MAVX512F_MAVX512CD (check file: cmake/checks/cpu_avx512common.cpp)
#12 8.190 -- Performing Test HAVE_CXX_MAVX512F_MAVX512CD - Success
#12 8.191 -- Performing Test HAVE_CXX_MAVX512F_MAVX512CD_MAVX512VL_MAVX512BW_MAVX512DQ (check file: cmake/checks/cpu_avx512skx.cpp)
#12 8.539 -- Performing Test HAVE_CXX_MAVX512F_MAVX512CD_MAVX512VL_MAVX512BW_MAVX512DQ - Success
#12 8.541 -- Performing Test HAVE_CPU_BASELINE_FLAGS
#12 8.635 -- Performing Test HAVE_CPU_BASELINE_FLAGS - Success
#12 8.638 -- Performing Test HAVE_CPU_DISPATCH_FLAGS_SSE4_1
#12 8.734 -- Performing Test HAVE_CPU_DISPATCH_FLAGS_SSE4_1 - Success
#12 8.737 -- Performing Test HAVE_CPU_DISPATCH_FLAGS_SSE4_2
#12 8.840 -- Performing Test HAVE_CPU_DISPATCH_FLAGS_SSE4_2 - Success
#12 8.842 -- Performing Test HAVE_CPU_DISPATCH_FLAGS_FP16
#12 8.940 -- Performing Test HAVE_CPU_DISPATCH_FLAGS_FP16 - Success
#12 8.943 -- Performing Test HAVE_CPU_DISPATCH_FLAGS_AVX
#12 9.039 -- Performing Test HAVE_CPU_DISPATCH_FLAGS_AVX - Success
#12 9.042 -- Performing Test HAVE_CPU_DISPATCH_FLAGS_AVX2
#12 9.140 -- Performing Test HAVE_CPU_DISPATCH_FLAGS_AVX2 - Success
#12 9.142 -- Performing Test HAVE_CPU_DISPATCH_FLAGS_AVX512_SKX
#12 9.236 -- Performing Test HAVE_CPU_DISPATCH_FLAGS_AVX512_SKX - Success
#12 9.236 -- Performing Test HAVE_CXX_FVISIBILITY_HIDDEN
#12 9.330 -- Performing Test HAVE_CXX_FVISIBILITY_HIDDEN - Success
#12 9.330 -- Performing Test HAVE_C_FVISIBILITY_HIDDEN
#12 9.379 -- Performing Test HAVE_C_FVISIBILITY_HIDDEN - Success
#12 9.379 -- Performing Test HAVE_CXX_FVISIBILITY_INLINES_HIDDEN
#12 9.475 -- Performing Test HAVE_CXX_FVISIBILITY_INLINES_HIDDEN - Success
#12 9.475 -- Performing Test HAVE_C_FVISIBILITY_INLINES_HIDDEN
#12 9.524 -- Performing Test HAVE_C_FVISIBILITY_INLINES_HIDDEN - Failed
#12 9.524 -- Performing Test HAVE_LINK_AS_NEEDED
#12 9.605 -- Performing Test HAVE_LINK_AS_NEEDED - Success
#12 9.605 -- Performing Test HAVE_LINK_NO_UNDEFINED
#12 9.704 -- Performing Test HAVE_LINK_NO_UNDEFINED - Success
#12 9.707 -- Looking for pthread.h
#12 9.758 -- Looking for pthread.h - found
#12 9.759 -- Looking for posix_memalign
#12 9.815 -- Looking for posix_memalign - found
#12 9.816 -- Looking for malloc.h
#12 9.871 -- Looking for malloc.h - found
#12 9.871 -- Looking for memalign
#12 9.926 -- Looking for memalign - found
#12 9.932 -- Could NOT find ZLIB (missing: ZLIB_LIBRARY ZLIB_INCLUDE_DIR) (Required is at least version "1.2.3")
#12 9.934 -- Looking for fseeko
#12 9.996 -- Looking for fseeko - found
#12 9.997 -- Looking for unistd.h
#12 10.06 -- Looking for unistd.h - found
#12 10.06 -- Looking for sys/types.h
#12 10.12 -- Looking for sys/types.h - found
#12 10.12 -- Looking for stdint.h
#12 10.18 -- Looking for stdint.h - found
#12 10.18 -- Looking for stddef.h
#12 10.23 -- Looking for stddef.h - found
#12 10.23 -- Check size of off64_t
#12 10.26 -- Check size of off64_t - failed
#12 10.26 -- Performing Test HAVE_C_WNO_SHORTEN_64_TO_32
#12 10.31 -- Performing Test HAVE_C_WNO_SHORTEN_64_TO_32 - Failed
#12 10.31 -- Performing Test HAVE_C_WNO_ATTRIBUTES
#12 10.36 -- Performing Test HAVE_C_WNO_ATTRIBUTES - Success
#12 10.36 -- Performing Test HAVE_C_WNO_STRICT_PROTOTYPES
#12 10.41 -- Performing Test HAVE_C_WNO_STRICT_PROTOTYPES - Success
#12 10.41 -- Performing Test HAVE_C_WNO_MISSING_PROTOTYPES
#12 10.46 -- Performing Test HAVE_C_WNO_MISSING_PROTOTYPES - Success
#12 10.46 -- Performing Test HAVE_C_WNO_MISSING_DECLARATIONS
#12 10.51 -- Performing Test HAVE_C_WNO_MISSING_DECLARATIONS - Success
#12 10.51 -- Performing Test HAVE_C_WNO_SHIFT_NEGATIVE_VALUE
#12 10.57 -- Performing Test HAVE_C_WNO_SHIFT_NEGATIVE_VALUE - Success
#12 10.57 -- Performing Test HAVE_C_WNO_UNDEF
#12 10.62 -- Performing Test HAVE_C_WNO_UNDEF - Success
#12 10.62 -- Performing Test HAVE_C_WNO_IMPLICIT_FALLTHROUGH
#12 10.67 -- Performing Test HAVE_C_WNO_IMPLICIT_FALLTHROUGH - Success
#12 10.68 -- Could NOT find OpenJPEG (minimal suitable version: 2.0, recommended version >= 2.3.1). OpenJPEG will be built from sources
#12 10.68 -- Performing Test HAVE_C_WNO_IMPLICIT_CONST_INT_FLOAT_CONVERSION
#12 10.73 -- Performing Test HAVE_C_WNO_IMPLICIT_CONST_INT_FLOAT_CONVERSION - Failed
#12 10.73 -- Performing Test HAVE_C_WNO_UNUSED_BUT_SET_VARIABLE
#12 10.78 -- Performing Test HAVE_C_WNO_UNUSED_BUT_SET_VARIABLE - Success
#12 10.78 -- OpenJPEG: VERSION = 2.5.0, BUILD = opencv-4.8.0-openjp2-2.5.0
#12 10.78 -- Looking for string.h
#12 10.84 -- Looking for string.h - found
#12 10.84 -- Looking for memory.h
#12 10.89 -- Looking for memory.h - found
#12 10.89 -- Looking for stdlib.h
#12 10.95 -- Looking for stdlib.h - found
#12 10.95 -- Looking for stdio.h
#12 11.01 -- Looking for stdio.h - found
#12 11.01 -- Looking for math.h
#12 11.06 -- Looking for math.h - found
#12 11.06 -- Looking for float.h
#12 11.12 -- Looking for float.h - found
#12 11.12 -- Looking for time.h
#12 11.17 -- Looking for time.h - found
#12 11.17 -- Looking for stdarg.h
#12 11.22 -- Looking for stdarg.h - found
#12 11.22 -- Looking for ctype.h
#12 11.27 -- Looking for ctype.h - found
#12 11.27 -- Looking for assert.h
#12 11.33 -- Looking for assert.h - found
#12 11.33 -- Looking for stdint.h
#12 11.38 -- Looking for stdint.h - found
#12 11.38 -- Looking for inttypes.h
#12 11.43 -- Looking for inttypes.h - found
#12 11.43 -- Looking for strings.h
#12 11.48 -- Looking for strings.h - found
#12 11.48 -- Looking for sys/stat.h
#12 11.54 -- Looking for sys/stat.h - found
#12 11.54 -- Looking for unistd.h
#12 11.59 -- Looking for unistd.h - found
#12 11.59 -- Looking for include file malloc.h
#12 11.65 -- Looking for include file malloc.h - found
#12 11.65 -- Looking for _aligned_malloc
#12 11.67 -- Looking for _aligned_malloc - not found
#12 11.67 -- Looking for posix_memalign
#12 11.72 -- Looking for posix_memalign - found
#12 11.72 -- Looking for memalign
#12 11.78 -- Looking for memalign - found
#12 11.78 -- Performing Test HAVE_C_WNO_CAST_FUNCTION_TYPE
#12 11.83 -- Performing Test HAVE_C_WNO_CAST_FUNCTION_TYPE - Success
#12 11.83 -- Performing Test HAVE_C_WNO_SHADOW
#12 11.88 -- Performing Test HAVE_C_WNO_SHADOW - Success
#12 11.88 -- Performing Test HAVE_C_WNO_UNUSED_FUNCTION
#12 11.93 -- Performing Test HAVE_C_WNO_UNUSED_FUNCTION - Success
#12 12.05 -- OpenJPEG libraries will be built from sources: libopenjp2 (version "2.5.0")
#12 12.08 -- Module opencv_alphamat disabled because the following dependencies are not found: Eigen
#12 12.09 -- Performing Test HAVE_CXX_WNO_UNDEF
#12 12.17 -- Performing Test HAVE_CXX_WNO_UNDEF - Success
#12 12.19 -- Performing Test HAVE_CXX_WNO_INCONSISTENT_MISSING_OVERRIDE
#12 12.27 -- Performing Test HAVE_CXX_WNO_INCONSISTENT_MISSING_OVERRIDE - Success
#12 12.28 -- freetype2:   NO
#12 12.28 -- harfbuzz:    NO
#12 12.30 -- Could NOT find HDF5 (missing: HDF5_LIBRARIES HDF5_INCLUDE_DIRS) (found version "")
#12 12.31 -- Julia not found. Not compiling Julia Bindings. 
#12 12.32 -- Module opencv_ovis disabled because OGRE3D was not found
#12 12.33 -- No preference for use of exported gflags CMake configuration set, and no hints for include/library directories provided. Defaulting to preferring an installed/exported gflags CMake configuration if available.
#12 12.34 -- Failed to find installed gflags CMake configuration, searching for gflags build directories exported with CMake.
#12 12.34 -- Failed to find gflags - Failed to find an installed/exported CMake configuration for gflags, will perform search for installed gflags components.
#12 12.34 -- Failed to find gflags - Could not find gflags include directory, set GFLAGS_INCLUDE_DIR to directory containing gflags/gflags.h
#12 12.34 -- Failed to find glog - Could not find glog include directory, set GLOG_INCLUDE_DIR to directory containing glog/logging.h
#12 12.34 -- Module opencv_sfm disabled because the following dependencies are not found: Eigen Glog/Gflags
#12 12.37 -- Allocator metrics storage type: 'long long'
#12 12.39 -- 
#12 12.39 -- General configuration for OpenCV 4.8.0 =====================================
#12 12.39 --   Version control:               unknown
#12 12.39 -- 
#12 12.39 --   Extra modules:
#12 12.39 --     Location (extra):            /root/dist/opencv_contrib-4.8.0/modules
#12 12.39 --     Version control (extra):     unknown
#12 12.39 -- 
#12 12.39 --   Platform:
#12 12.39 --     Timestamp:                   2024-12-27T19:13:36Z
#12 12.39 --     Host:                        Linux 5.15.167.4-microsoft-standard-WSL2 x86_64
#12 12.39 --     CMake:                       3.22.1
#12 12.39 --     CMake generator:             Unix Makefiles
#12 12.39 --     CMake build tool:            /usr/bin/gmake
#12 12.39 --     Configuration:               Release
#12 12.39 -- 
#12 12.39 --   CPU/HW features:
#12 12.39 --     Baseline:                    SSE SSE2 SSE3
#12 12.39 --       requested:                 SSE3
#12 12.39 --     Dispatched code generation:  SSE4_1 SSE4_2 FP16 AVX AVX2 AVX512_SKX
#12 12.39 --       requested:                 SSE4_1 SSE4_2 AVX FP16 AVX2 AVX512_SKX
#12 12.39 --       SSE4_1 (2 files):          + SSSE3 SSE4_1
#12 12.39 --       SSE4_2 (1 files):          + SSSE3 SSE4_1 POPCNT SSE4_2
#12 12.39 --       FP16 (0 files):            + SSSE3 SSE4_1 POPCNT SSE4_2 FP16 AVX
#12 12.39 --       AVX (1 files):             + SSSE3 SSE4_1 POPCNT SSE4_2 AVX
#12 12.39 --       AVX2 (12 files):           + SSSE3 SSE4_1 POPCNT SSE4_2 FP16 FMA3 AVX AVX2
#12 12.39 --       AVX512_SKX (1 files):      + SSSE3 SSE4_1 POPCNT SSE4_2 FP16 FMA3 AVX AVX2 AVX_512F AVX512_COMMON AVX512_SKX
#12 12.39 -- 
#12 12.39 --   C/C++:
#12 12.39 --     Built as dynamic libs?:      NO
#12 12.39 --     C++ standard:                11
#12 12.39 --     C++ Compiler:                /usr/bin/c++  (ver 14.0.0)
#12 12.39 --     C++ flags (Release):         -fsigned-char -W -Wall -Wreturn-type -Wnon-virtual-dtor -Waddress -Wsequence-point -Wformat -Wformat-security -Wmissing-declarations -Wmissing-prototypes -Wstrict-prototypes -Wundef -Winit-self -Wpointer-arith -Wshadow -Wsign-promo -Wuninitialized -Winconsistent-missing-override -Wno-delete-non-virtual-dtor -Wno-unnamed-type-template-args -Wno-comment -Wno-deprecated-enum-enum-conversion -Wno-deprecated-anon-enum-enum-conversion -fdiagnostics-show-option -Wno-long-long -pthread -Qunused-arguments -ffunction-sections -fdata-sections  -msse -msse2 -msse3 -fvisibility=hidden -fvisibility-inlines-hidden -O3 -DNDEBUG  -DNDEBUG
#12 12.39 --     C++ flags (Debug):           -fsigned-char -W -Wall -Wreturn-type -Wnon-virtual-dtor -Waddress -Wsequence-point -Wformat -Wformat-security -Wmissing-declarations -Wmissing-prototypes -Wstrict-prototypes -Wundef -Winit-self -Wpointer-arith -Wshadow -Wsign-promo -Wuninitialized -Winconsistent-missing-override -Wno-delete-non-virtual-dtor -Wno-unnamed-type-template-args -Wno-comment -Wno-deprecated-enum-enum-conversion -Wno-deprecated-anon-enum-enum-conversion -fdiagnostics-show-option -Wno-long-long -pthread -Qunused-arguments -ffunction-sections -fdata-sections  -msse -msse2 -msse3 -fvisibility=hidden -fvisibility-inlines-hidden -g  -O0 -DDEBUG -D_DEBUG
#12 12.39 --     C Compiler:                  /usr/bin/cc
#12 12.39 --     C flags (Release):           -fsigned-char -W -Wall -Wreturn-type -Waddress -Wsequence-point -Wformat -Wformat-security -Wmissing-declarations -Wmissing-prototypes -Wstrict-prototypes -Wundef -Winit-self -Wpointer-arith -Wshadow -Wuninitialized -Wno-comment -fdiagnostics-show-option -Wno-long-long -pthread -ffunction-sections -fdata-sections  -msse -msse2 -msse3 -fvisibility=hidden -O3 -DNDEBUG  -DNDEBUG
#12 12.39 --     C flags (Debug):             -fsigned-char -W -Wall -Wreturn-type -Waddress -Wsequence-point -Wformat -Wformat-security -Wmissing-declarations -Wmissing-prototypes -Wstrict-prototypes -Wundef -Winit-self -Wpointer-arith -Wshadow -Wuninitialized -Wno-comment -fdiagnostics-show-option -Wno-long-long -pthread -ffunction-sections -fdata-sections  -msse -msse2 -msse3 -fvisibility=hidden -g  -O0 -DDEBUG -D_DEBUG
#12 12.39 --     Linker flags (Release):      -Wl,--gc-sections -Wl,--as-needed -Wl,--no-undefined  
#12 12.39 --     Linker flags (Debug):        -Wl,--gc-sections -Wl,--as-needed -Wl,--no-undefined  
#12 12.39 --     ccache:                      NO
#12 12.39 --     Precompiled headers:         NO
#12 12.39 --     Extra dependencies:          dl m pthread rt
#12 12.39 --     3rdparty dependencies:       zlib
#12 12.39 -- 
#12 12.39 --   OpenCV modules:
#12 12.39 --     To be built:                 core
#12 12.39 --     Disabled:                    aruco bgsegm bioinspired calib3d ccalib datasets dnn dnn_objdetect dnn_superres dpm face features2d flann fuzzy hfs highgui img_hash imgcodecs imgproc intensity_transform java_bindings_generator js_bindings_generator line_descriptor mcc ml objc_bindings_generator objdetect optflow phase_unwrapping photo plot python_bindings_generator python_tests quality rapid reg rgbd saliency shape stereo stitching structured_light superres surface_matching text tracking video videoio videostab wechat_qrcode world xfeatures2d ximgproc xobjdetect xphoto
#12 12.39 --     Disabled by dependency:      -
#12 12.39 --     Unavailable:                 alphamat cudaarithm cudabgsegm cudacodec cudafeatures2d cudafilters cudaimgproc cudalegacy cudaobjdetect cudaoptflow cudastereo cudawarping cudev cvv freetype gapi hdf java julia matlab ovis python2 python3 sfm ts viz
#12 12.39 --     Applications:                -
#12 12.39 --     Documentation:               NO
#12 12.39 --     Non-free algorithms:         NO
#12 12.39 -- 
#12 12.39 --   GUI: 
#12 12.39 -- 
#12 12.40 --   Media I/O: 
#12 12.40 --     ZLib:                        build (ver 1.2.13)
#12 12.40 --     JPEG 2000:                   build (ver 2.5.0)
#12 12.40 --     HDR:                         NO
#12 12.40 --     SUNRASTER:                   NO
#12 12.40 --     PXM:                         NO
#12 12.40 --     PFM:                         NO
#12 12.40 -- 
#12 12.40 --   Video I/O:
#12 12.40 -- 
#12 12.40 --   Parallel framework:            pthreads
#12 12.40 -- 
#12 12.40 --   Trace:                         YES (built-in)
#12 12.40 -- 
#12 12.40 --   Other third-party libraries:
#12 12.40 --     Custom HAL:                  NO
#12 12.40 -- 
#12 12.40 --   Python (for build):            /usr/bin/python3
#12 12.40 -- 
#12 12.40 --   Install to:                    /opt/opencv
#12 12.40 -- -----------------------------------------------------------------
#12 12.40 -- 
#12 12.54 -- Configuring done
#12 12.62 -- Generating done
#12 12.63 -- Build files have been written to: /root/build
#12 12.65 + nproc
#12 12.65 + make -C /root/build -j16 install
#12 12.65 make: Entering directory '/root/build'
#12 12.67 make[1]: Entering directory '/root/build'
#12 12.67 make[2]: Entering directory '/root/build'
#12 12.67 make[2]: Entering directory '/root/build'
#12 12.67 make[2]: Entering directory '/root/build'
#12 12.67 make[2]: Entering directory '/root/build'
#12 12.67 make[2]: Entering directory '/root/build'
#12 12.68 make[2]: Leaving directory '/root/build'
#12 12.68 make[2]: Leaving directory '/root/build'
#12 12.68 make[2]: Leaving directory '/root/build'
#12 12.68 make[2]: Leaving directory '/root/build'
#12 12.68 make[2]: Leaving directory '/root/build'
#12 12.68 make[2]: Entering directory '/root/build'
#12 12.68 make[2]: Entering directory '/root/build'
#12 12.68 [  1%] Built target opencv_videoio_plugins
#12 12.68 [  2%] Building C object 3rdparty/openjpeg/openjp2/CMakeFiles/libopenjp2.dir/dwt.c.o
#12 12.68 [  2%] Building C object 3rdparty/zlib/CMakeFiles/zlib.dir/adler32.c.o
#12 12.68 [  4%] Building C object 3rdparty/openjpeg/openjp2/CMakeFiles/libopenjp2.dir/ht_dec.c.o
#12 12.68 [  2%] Built target opencv_highgui_plugins
#12 12.69 [  4%] Building C object 3rdparty/zlib/CMakeFiles/zlib.dir/compress.c.o
#12 12.69 [  4%] Building C object 3rdparty/openjpeg/openjp2/CMakeFiles/libopenjp2.dir/cio.c.o
#12 12.69 [  4%] Building C object 3rdparty/openjpeg/openjp2/CMakeFiles/libopenjp2.dir/bio.c.o
#12 12.69 [  5%] Building C object 3rdparty/openjpeg/openjp2/CMakeFiles/libopenjp2.dir/event.c.o
#12 12.69 [  5%] Building C object 3rdparty/openjpeg/openjp2/CMakeFiles/libopenjp2.dir/thread.c.o
#12 12.69 [  5%] Built target opencv_dnn_plugins
#12 12.69 [  7%] Building C object 3rdparty/zlib/CMakeFiles/zlib.dir/crc32.c.o
#12 12.69 [  7%] Building C object 3rdparty/zlib/CMakeFiles/zlib.dir/gzclose.c.o
#12 12.69 [  7%] Building C object 3rdparty/zlib/CMakeFiles/zlib.dir/deflate.c.o
#12 12.69 [  8%] Building C object 3rdparty/openjpeg/openjp2/CMakeFiles/libopenjp2.dir/invert.c.o
#12 12.69 [  8%] Building C object 3rdparty/openjpeg/openjp2/CMakeFiles/libopenjp2.dir/image.c.o
#12 12.70 [ 10%] Building C object 3rdparty/zlib/CMakeFiles/zlib.dir/gzwrite.c.o
#12 12.70 [ 10%] Building C object 3rdparty/zlib/CMakeFiles/zlib.dir/gzlib.c.o
#12 12.70 [ 10%] Building C object 3rdparty/zlib/CMakeFiles/zlib.dir/gzread.c.o
#12 12.75 [ 11%] Building C object 3rdparty/zlib/CMakeFiles/zlib.dir/inflate.c.o
#12 12.77 [ 12%] Building C object 3rdparty/openjpeg/openjp2/CMakeFiles/libopenjp2.dir/j2k.c.o
#12 12.78 [ 12%] Building C object 3rdparty/zlib/CMakeFiles/zlib.dir/infback.c.o
#12 12.79 [ 12%] Building C object 3rdparty/openjpeg/openjp2/CMakeFiles/libopenjp2.dir/jp2.c.o
#12 12.81 [ 13%] Building C object 3rdparty/zlib/CMakeFiles/zlib.dir/inftrees.c.o
#12 12.83 [ 14%] Building C object 3rdparty/openjpeg/openjp2/CMakeFiles/libopenjp2.dir/mct.c.o
#12 12.85 [ 15%] Building C object 3rdparty/zlib/CMakeFiles/zlib.dir/inffast.c.o
#12 12.86 [ 16%] Building C object 3rdparty/openjpeg/openjp2/CMakeFiles/libopenjp2.dir/mqc.c.o
#12 12.87 [ 16%] Building C object 3rdparty/openjpeg/openjp2/CMakeFiles/libopenjp2.dir/openjpeg.c.o
#12 12.88 [ 17%] Building C object 3rdparty/openjpeg/openjp2/CMakeFiles/libopenjp2.dir/opj_clock.c.o
#12 12.88 [ 17%] Building C object 3rdparty/zlib/CMakeFiles/zlib.dir/trees.c.o
#12 12.91 [ 18%] Building C object 3rdparty/zlib/CMakeFiles/zlib.dir/uncompr.c.o
#12 12.92 [ 19%] Building C object 3rdparty/zlib/CMakeFiles/zlib.dir/zutil.c.o
#12 12.94 [ 20%] Building C object 3rdparty/openjpeg/openjp2/CMakeFiles/libopenjp2.dir/pi.c.o
#12 12.99 [ 20%] Building C object 3rdparty/openjpeg/openjp2/CMakeFiles/libopenjp2.dir/t1.c.o
#12 12.99 [ 21%] Building C object 3rdparty/openjpeg/openjp2/CMakeFiles/libopenjp2.dir/t2.c.o
#12 13.00 [ 21%] Building C object 3rdparty/openjpeg/openjp2/CMakeFiles/libopenjp2.dir/tgt.c.o
#12 13.00 [ 22%] Building C object 3rdparty/openjpeg/openjp2/CMakeFiles/libopenjp2.dir/tcd.c.o
#12 13.03 [ 23%] Building C object 3rdparty/openjpeg/openjp2/CMakeFiles/libopenjp2.dir/function_list.c.o
#12 13.04 [ 24%] Building C object 3rdparty/openjpeg/openjp2/CMakeFiles/libopenjp2.dir/opj_malloc.c.o
#12 13.07 [ 24%] Building C object 3rdparty/openjpeg/openjp2/CMakeFiles/libopenjp2.dir/sparse_array.c.o
#12 13.42 [ 25%] Linking C static library ../lib/libzlib.a
#12 13.48 make[2]: Leaving directory '/root/build'
#12 13.48 [ 25%] Built target zlib
#12 13.48 make[2]: Entering directory '/root/build'
#12 13.49 [ 26%] Processing OpenCL kernels (core)
#12 13.52 make[2]: Leaving directory '/root/build'
#12 13.52 make[2]: Entering directory '/root/build'
#12 13.53 [ 26%] Building CXX object modules/core/CMakeFiles/opencv_core.dir/src/batch_distance.cpp.o
#12 13.53 [ 28%] Building CXX object modules/core/CMakeFiles/opencv_core.dir/src/arithm.cpp.o
#12 13.53 [ 28%] Building CXX object modules/core/CMakeFiles/opencv_core.dir/src/arithm.dispatch.cpp.o
#12 13.53 [ 28%] Building CXX object modules/core/CMakeFiles/opencv_core.dir/src/algorithm.cpp.o
#12 13.53 [ 28%] Building CXX object modules/core/CMakeFiles/opencv_core.dir/src/alloc.cpp.o
#12 13.53 [ 29%] Building CXX object modules/core/CMakeFiles/opencv_core.dir/src/async.cpp.o
#12 13.53 [ 30%] Building CXX object modules/core/CMakeFiles/opencv_core.dir/src/array.cpp.o
#12 13.53 [ 31%] Building CXX object modules/core/CMakeFiles/opencv_core.dir/src/bindings_utils.cpp.o
#12 13.54 [ 32%] Building CXX object modules/core/CMakeFiles/opencv_core.dir/src/channels.cpp.o
#12 13.54 [ 32%] Building CXX object modules/core/CMakeFiles/opencv_core.dir/src/buffer_area.cpp.o
#12 13.54 [ 33%] Building CXX object modules/core/CMakeFiles/opencv_core.dir/src/check.cpp.o
#12 14.11 [ 34%] Building CXX object modules/core/CMakeFiles/opencv_core.dir/src/command_line_parser.cpp.o
#12 14.88 [ 34%] Building CXX object modules/core/CMakeFiles/opencv_core.dir/src/conjugate_gradient.cpp.o
#12 15.06 [ 35%] Building CXX object modules/core/CMakeFiles/opencv_core.dir/src/convert.dispatch.cpp.o
#12 15.13 [ 36%] Building CXX object modules/core/CMakeFiles/opencv_core.dir/src/convert_c.cpp.o
#12 15.18 [ 36%] Building CXX object modules/core/CMakeFiles/opencv_core.dir/src/convert_scale.dispatch.cpp.o
#12 15.20 [ 37%] Building CXX object modules/core/CMakeFiles/opencv_core.dir/src/copy.cpp.o
#12 15.52 [ 38%] Building CXX object modules/core/CMakeFiles/opencv_core.dir/src/count_non_zero.dispatch.cpp.o
#12 15.52 [ 38%] Building CXX object modules/core/CMakeFiles/opencv_core.dir/src/cuda_gpu_mat.cpp.o
#12 15.54 [ 39%] Building CXX object modules/core/CMakeFiles/opencv_core.dir/src/cuda_gpu_mat_nd.cpp.o
#12 15.71 [ 40%] Building CXX object modules/core/CMakeFiles/opencv_core.dir/src/cuda_host_mem.cpp.o
#12 15.75 [ 40%] Building CXX object modules/core/CMakeFiles/opencv_core.dir/src/cuda_info.cpp.o
#12 15.92 [ 41%] Building CXX object modules/core/CMakeFiles/opencv_core.dir/src/cuda_stream.cpp.o
#12 16.63 [ 42%] Building CXX object modules/core/CMakeFiles/opencv_core.dir/src/datastructs.cpp.o
#12 16.68 [ 42%] Building CXX object modules/core/CMakeFiles/opencv_core.dir/src/directx.cpp.o
#12 16.79 [ 43%] Building CXX object modules/core/CMakeFiles/opencv_core.dir/src/downhill_simplex.cpp.o
#12 16.90 [ 44%] Building CXX object modules/core/CMakeFiles/opencv_core.dir/src/dxt.cpp.o
#12 16.99 [ 44%] Building CXX object modules/core/CMakeFiles/opencv_core.dir/src/gl_core_3_1.cpp.o
#12 17.18 [ 45%] Building CXX object modules/core/CMakeFiles/opencv_core.dir/src/glob.cpp.o
#12 17.34 [ 46%] Building CXX object modules/core/CMakeFiles/opencv_core.dir/src/hal_internal.cpp.o
#12 17.36 [ 46%] Building CXX object modules/core/CMakeFiles/opencv_core.dir/src/has_non_zero.dispatch.cpp.o
#12 17.46 [ 47%] Building CXX object modules/core/CMakeFiles/opencv_core.dir/src/kmeans.cpp.o
#12 17.53 [ 48%] Building CXX object modules/core/CMakeFiles/opencv_core.dir/src/lapack.cpp.o
#12 17.55 [ 48%] Building CXX object modules/core/CMakeFiles/opencv_core.dir/src/lda.cpp.o
#12 17.92 [ 49%] Building CXX object modules/core/CMakeFiles/opencv_core.dir/src/logger.cpp.o
#12 18.22 [ 50%] Building CXX object modules/core/CMakeFiles/opencv_core.dir/src/lpsolver.cpp.o
#12 18.49 [ 51%] Linking C static library ../../lib/liblibopenjp2.a
#12 18.58 make[2]: Leaving directory '/root/build'
#12 18.59 [ 51%] Built target libopenjp2
#12 18.60 [ 51%] Building CXX object modules/core/CMakeFiles/opencv_core.dir/src/lut.cpp.o
#12 18.67 [ 52%] Building CXX object modules/core/CMakeFiles/opencv_core.dir/src/mathfuncs.cpp.o
#12 18.72 [ 53%] Building CXX object modules/core/CMakeFiles/opencv_core.dir/src/mathfuncs_core.dispatch.cpp.o
#12 18.73 [ 53%] Building CXX object modules/core/CMakeFiles/opencv_core.dir/src/matmul.dispatch.cpp.o
#12 18.80 [ 54%] Building CXX object modules/core/CMakeFiles/opencv_core.dir/src/matrix.cpp.o
#12 18.91 [ 55%] Building CXX object modules/core/CMakeFiles/opencv_core.dir/src/matrix_c.cpp.o
#12 19.11 [ 55%] Building CXX object modules/core/CMakeFiles/opencv_core.dir/src/matrix_decomp.cpp.o
#12 19.16 [ 56%] Building CXX object modules/core/CMakeFiles/opencv_core.dir/src/matrix_expressions.cpp.o
#12 19.47 [ 57%] Building CXX object modules/core/CMakeFiles/opencv_core.dir/src/matrix_iterator.cpp.o
#12 19.80 [ 57%] Building CXX object modules/core/CMakeFiles/opencv_core.dir/src/matrix_operations.cpp.o
#12 19.80 [ 58%] Building CXX object modules/core/CMakeFiles/opencv_core.dir/src/matrix_sparse.cpp.o
#12 20.34 [ 59%] Building CXX object modules/core/CMakeFiles/opencv_core.dir/src/matrix_transform.cpp.o
#12 20.40 [ 59%] Building CXX object modules/core/CMakeFiles/opencv_core.dir/src/matrix_wrap.cpp.o
#12 20.61 [ 60%] Building CXX object modules/core/CMakeFiles/opencv_core.dir/src/mean.dispatch.cpp.o
#12 20.70 [ 61%] Building CXX object modules/core/CMakeFiles/opencv_core.dir/src/merge.dispatch.cpp.o
#12 20.83 [ 62%] Building CXX object modules/core/CMakeFiles/opencv_core.dir/src/minmax.cpp.o
#12 21.19 [ 62%] Building CXX object modules/core/CMakeFiles/opencv_core.dir/src/norm.cpp.o
#12 21.24 [ 63%] Building CXX object modules/core/CMakeFiles/opencv_core.dir/src/ocl.cpp.o
#12 21.71 [ 63%] Building CXX object modules/core/CMakeFiles/opencv_core.dir/src/opencl/runtime/opencl_clfft.cpp.o
#12 21.71 [ 64%] Building CXX object modules/core/CMakeFiles/opencv_core.dir/src/opencl/runtime/opencl_clblas.cpp.o
#12 21.82 [ 65%] Building CXX object modules/core/CMakeFiles/opencv_core.dir/src/opencl/runtime/opencl_core.cpp.o
#12 22.00 [ 66%] Building CXX object modules/core/CMakeFiles/opencv_core.dir/src/opengl.cpp.o
#12 22.05 [ 66%] Building CXX object modules/core/CMakeFiles/opencv_core.dir/src/out.cpp.o
#12 22.96 [ 67%] Building CXX object modules/core/CMakeFiles/opencv_core.dir/src/ovx.cpp.o
#12 23.16 [ 68%] Building CXX object modules/core/CMakeFiles/opencv_core.dir/src/parallel.cpp.o
#12 23.26 [ 68%] Building CXX object modules/core/CMakeFiles/opencv_core.dir/src/parallel/parallel.cpp.o
#12 23.30 [ 69%] Building CXX object modules/core/CMakeFiles/opencv_core.dir/src/parallel/parallel_openmp.cpp.o
#12 23.38 [ 70%] Building CXX object modules/core/CMakeFiles/opencv_core.dir/src/parallel/parallel_tbb.cpp.o
#12 23.46 [ 70%] Building CXX object modules/core/CMakeFiles/opencv_core.dir/src/parallel_impl.cpp.o
#12 23.49 [ 71%] Building CXX object modules/core/CMakeFiles/opencv_core.dir/src/pca.cpp.o
#12 23.70 [ 72%] Building CXX object modules/core/CMakeFiles/opencv_core.dir/src/persistence.cpp.o
#12 23.76 [ 72%] Building CXX object modules/core/CMakeFiles/opencv_core.dir/src/persistence_base64_encoding.cpp.o
#12 23.83 [ 73%] Building CXX object modules/core/CMakeFiles/opencv_core.dir/src/persistence_json.cpp.o
#12 23.93 [ 74%] Building CXX object modules/core/CMakeFiles/opencv_core.dir/src/persistence_types.cpp.o
#12 24.31 [ 74%] Building CXX object modules/core/CMakeFiles/opencv_core.dir/src/persistence_xml.cpp.o
#12 24.61 [ 75%] Building CXX object modules/core/CMakeFiles/opencv_core.dir/src/persistence_yml.cpp.o
#12 24.72 [ 76%] Building CXX object modules/core/CMakeFiles/opencv_core.dir/src/rand.cpp.o
#12 24.92 [ 76%] Building CXX object modules/core/CMakeFiles/opencv_core.dir/src/softfloat.cpp.o
#12 24.95 [ 77%] Building CXX object modules/core/CMakeFiles/opencv_core.dir/src/split.dispatch.cpp.o
#12 24.98 [ 78%] Building CXX object modules/core/CMakeFiles/opencv_core.dir/src/stat.dispatch.cpp.o
#12 25.16 [ 78%] Building CXX object modules/core/CMakeFiles/opencv_core.dir/src/stat_c.cpp.o
#12 25.44 [ 79%] Building CXX object modules/core/CMakeFiles/opencv_core.dir/src/stl.cpp.o
#12 25.83 [ 80%] Building CXX object modules/core/CMakeFiles/opencv_core.dir/src/sum.dispatch.cpp.o
#12 25.92 [ 80%] Building CXX object modules/core/CMakeFiles/opencv_core.dir/src/system.cpp.o
#12 26.13 [ 81%] Building CXX object modules/core/CMakeFiles/opencv_core.dir/src/tables.cpp.o
#12 26.31 [ 82%] Building CXX object modules/core/CMakeFiles/opencv_core.dir/src/trace.cpp.o
#12 26.65 [ 82%] Building CXX object modules/core/CMakeFiles/opencv_core.dir/src/types.cpp.o
#12 26.66 [ 83%] Building CXX object modules/core/CMakeFiles/opencv_core.dir/src/umatrix.cpp.o
#12 26.78 [ 84%] Building CXX object modules/core/CMakeFiles/opencv_core.dir/src/utils/datafile.cpp.o
#12 26.80 [ 84%] Building CXX object modules/core/CMakeFiles/opencv_core.dir/src/utils/filesystem.cpp.o
#12 27.02 [ 85%] Building CXX object modules/core/CMakeFiles/opencv_core.dir/src/utils/logtagconfigparser.cpp.o
#12 27.04 [ 86%] Building CXX object modules/core/CMakeFiles/opencv_core.dir/src/utils/logtagmanager.cpp.o
#12 27.36 [ 86%] Building CXX object modules/core/CMakeFiles/opencv_core.dir/src/utils/samples.cpp.o
#12 27.65 [ 87%] Building CXX object modules/core/CMakeFiles/opencv_core.dir/src/va_intel.cpp.o
#12 27.69 [ 88%] Building CXX object modules/core/CMakeFiles/opencv_core.dir/opencl_kernels_core.cpp.o
#12 27.72 [ 88%] Building CXX object modules/core/CMakeFiles/opencv_core.dir/arithm.sse4_1.cpp.o
#12 27.93 [ 89%] Building CXX object modules/core/CMakeFiles/opencv_core.dir/matmul.sse4_1.cpp.o
#12 28.32 [ 90%] Building CXX object modules/core/CMakeFiles/opencv_core.dir/stat.sse4_2.cpp.o
#12 28.37 [ 90%] Building CXX object modules/core/CMakeFiles/opencv_core.dir/mathfuncs_core.avx.cpp.o
#12 28.43 [ 91%] Building CXX object modules/core/CMakeFiles/opencv_core.dir/mathfuncs_core.avx2.cpp.o
#12 28.69 [ 92%] Building CXX object modules/core/CMakeFiles/opencv_core.dir/stat.avx2.cpp.o
#12 28.91 [ 92%] Building CXX object modules/core/CMakeFiles/opencv_core.dir/arithm.avx2.cpp.o
#12 28.94 [ 93%] Building CXX object modules/core/CMakeFiles/opencv_core.dir/convert.avx2.cpp.o
#12 28.97 [ 94%] Building CXX object modules/core/CMakeFiles/opencv_core.dir/convert_scale.avx2.cpp.o
#12 29.00 [ 94%] Building CXX object modules/core/CMakeFiles/opencv_core.dir/count_non_zero.avx2.cpp.o
#12 29.10 [ 95%] Building CXX object modules/core/CMakeFiles/opencv_core.dir/has_non_zero.avx2.cpp.o
#12 29.25 [ 96%] Building CXX object modules/core/CMakeFiles/opencv_core.dir/matmul.avx2.cpp.o
#12 29.25 [ 96%] Building CXX object modules/core/CMakeFiles/opencv_core.dir/mean.avx2.cpp.o
#12 29.55 [ 97%] Building CXX object modules/core/CMakeFiles/opencv_core.dir/merge.avx2.cpp.o
#12 29.79 [ 98%] Building CXX object modules/core/CMakeFiles/opencv_core.dir/split.avx2.cpp.o
#12 29.92 [ 98%] Building CXX object modules/core/CMakeFiles/opencv_core.dir/sum.avx2.cpp.o
#12 30.62 [ 99%] Building CXX object modules/core/CMakeFiles/opencv_core.dir/matmul.avx512_skx.cpp.o
#12 35.29 [100%] Linking CXX static library ../../lib/libopencv_core.a
#12 35.42 make[2]: Leaving directory '/root/build'
#12 35.43 [100%] Built target opencv_core
#12 35.43 make[1]: Leaving directory '/root/build'
#12 35.45 Install the project...
#12 35.45 -- Install configuration: "Release"
#12 35.46 -- Installing: /opt/opencv/include/opencv4/opencv2/cvconfig.h
#12 35.46 -- Installing: /opt/opencv/include/opencv4/opencv2/opencv_modules.hpp
#12 35.46 -- Installing: /opt/opencv/lib/cmake/opencv4/OpenCVModules.cmake
#12 35.46 -- Installing: /opt/opencv/lib/cmake/opencv4/OpenCVModules-release.cmake
#12 35.46 -- Installing: /opt/opencv/lib/cmake/opencv4/OpenCVConfig-version.cmake
#12 35.46 -- Installing: /opt/opencv/lib/cmake/opencv4/OpenCVConfig.cmake
#12 35.46 -- Installing: /opt/opencv/bin/setup_vars_opencv4.sh
#12 35.46 -- Installing: /opt/opencv/share/opencv4/valgrind.supp
#12 35.46 -- Installing: /opt/opencv/share/opencv4/valgrind_3rdparty.supp
#12 35.46 -- Installing: /opt/opencv/lib/opencv4/3rdparty/libzlib.a
#12 35.46 -- Installing: /opt/opencv/share/licenses/opencv4/zlib-LICENSE
#12 35.46 -- Installing: /opt/opencv/share/licenses/opencv4/libopenjp2-README.md
#12 35.46 -- Installing: /opt/opencv/share/licenses/opencv4/libopenjp2-LICENSE
#12 35.46 -- Installing: /opt/opencv/lib/opencv4/3rdparty/liblibopenjp2.a
#12 35.46 -- Installing: /opt/opencv/include/opencv4/opencv2/opencv.hpp
#12 35.47 -- Installing: /opt/opencv/lib/libopencv_core.a
#12 35.48 -- Installing: /opt/opencv/include/opencv4/opencv2/core.hpp
#12 35.48 -- Installing: /opt/opencv/include/opencv4/opencv2/core/affine.hpp
#12 35.48 -- Installing: /opt/opencv/include/opencv4/opencv2/core/async.hpp
#12 35.48 -- Installing: /opt/opencv/include/opencv4/opencv2/core/base.hpp
#12 35.48 -- Installing: /opt/opencv/include/opencv4/opencv2/core/bindings_utils.hpp
#12 35.48 -- Installing: /opt/opencv/include/opencv4/opencv2/core/bufferpool.hpp
#12 35.48 -- Installing: /opt/opencv/include/opencv4/opencv2/core/check.hpp
#12 35.48 -- Installing: /opt/opencv/include/opencv4/opencv2/core/core.hpp
#12 35.48 -- Installing: /opt/opencv/include/opencv4/opencv2/core/core_c.h
#12 35.48 -- Installing: /opt/opencv/include/opencv4/opencv2/core/cuda.hpp
#12 35.48 -- Installing: /opt/opencv/include/opencv4/opencv2/core/cuda.inl.hpp
#12 35.48 -- Installing: /opt/opencv/include/opencv4/opencv2/core/cuda/block.hpp
#12 35.48 -- Installing: /opt/opencv/include/opencv4/opencv2/core/cuda/border_interpolate.hpp
#12 35.48 -- Installing: /opt/opencv/include/opencv4/opencv2/core/cuda/color.hpp
#12 35.48 -- Installing: /opt/opencv/include/opencv4/opencv2/core/cuda/common.hpp
#12 35.48 -- Installing: /opt/opencv/include/opencv4/opencv2/core/cuda/datamov_utils.hpp
#12 35.48 -- Installing: /opt/opencv/include/opencv4/opencv2/core/cuda/detail/color_detail.hpp
#12 35.48 -- Installing: /opt/opencv/include/opencv4/opencv2/core/cuda/detail/reduce.hpp
#12 35.48 -- Installing: /opt/opencv/include/opencv4/opencv2/core/cuda/detail/reduce_key_val.hpp
#12 35.48 -- Installing: /opt/opencv/include/opencv4/opencv2/core/cuda/detail/transform_detail.hpp
#12 35.48 -- Installing: /opt/opencv/include/opencv4/opencv2/core/cuda/detail/type_traits_detail.hpp
#12 35.48 -- Installing: /opt/opencv/include/opencv4/opencv2/core/cuda/detail/vec_distance_detail.hpp
#12 35.48 -- Installing: /opt/opencv/include/opencv4/opencv2/core/cuda/dynamic_smem.hpp
#12 35.48 -- Installing: /opt/opencv/include/opencv4/opencv2/core/cuda/emulation.hpp
#12 35.48 -- Installing: /opt/opencv/include/opencv4/opencv2/core/cuda/filters.hpp
#12 35.48 -- Installing: /opt/opencv/include/opencv4/opencv2/core/cuda/funcattrib.hpp
#12 35.48 -- Installing: /opt/opencv/include/opencv4/opencv2/core/cuda/functional.hpp
#12 35.48 -- Installing: /opt/opencv/include/opencv4/opencv2/core/cuda/limits.hpp
#12 35.48 -- Installing: /opt/opencv/include/opencv4/opencv2/core/cuda/reduce.hpp
#12 35.48 -- Installing: /opt/opencv/include/opencv4/opencv2/core/cuda/saturate_cast.hpp
#12 35.48 -- Installing: /opt/opencv/include/opencv4/opencv2/core/cuda/scan.hpp
#12 35.48 -- Installing: /opt/opencv/include/opencv4/opencv2/core/cuda/simd_functions.hpp
#12 35.48 -- Installing: /opt/opencv/include/opencv4/opencv2/core/cuda/transform.hpp
#12 35.48 -- Installing: /opt/opencv/include/opencv4/opencv2/core/cuda/type_traits.hpp
#12 35.48 -- Installing: /opt/opencv/include/opencv4/opencv2/core/cuda/utility.hpp
#12 35.48 -- Installing: /opt/opencv/include/opencv4/opencv2/core/cuda/vec_distance.hpp
#12 35.49 -- Installing: /opt/opencv/include/opencv4/opencv2/core/cuda/vec_math.hpp
#12 35.49 -- Installing: /opt/opencv/include/opencv4/opencv2/core/cuda/vec_traits.hpp
#12 35.49 -- Installing: /opt/opencv/include/opencv4/opencv2/core/cuda/warp.hpp
#12 35.49 -- Installing: /opt/opencv/include/opencv4/opencv2/core/cuda/warp_reduce.hpp
#12 35.49 -- Installing: /opt/opencv/include/opencv4/opencv2/core/cuda/warp_shuffle.hpp
#12 35.49 -- Installing: /opt/opencv/include/opencv4/opencv2/core/cuda_stream_accessor.hpp
#12 35.49 -- Installing: /opt/opencv/include/opencv4/opencv2/core/cuda_types.hpp
#12 35.49 -- Installing: /opt/opencv/include/opencv4/opencv2/core/cv_cpu_dispatch.h
#12 35.49 -- Installing: /opt/opencv/include/opencv4/opencv2/core/cv_cpu_helper.h
#12 35.49 -- Installing: /opt/opencv/include/opencv4/opencv2/core/cvdef.h
#12 35.49 -- Installing: /opt/opencv/include/opencv4/opencv2/core/cvstd.hpp
#12 35.49 -- Installing: /opt/opencv/include/opencv4/opencv2/core/cvstd.inl.hpp
#12 35.49 -- Installing: /opt/opencv/include/opencv4/opencv2/core/cvstd_wrapper.hpp
#12 35.49 -- Installing: /opt/opencv/include/opencv4/opencv2/core/detail/async_promise.hpp
#12 35.49 -- Installing: /opt/opencv/include/opencv4/opencv2/core/detail/dispatch_helper.impl.hpp
#12 35.49 -- Installing: /opt/opencv/include/opencv4/opencv2/core/detail/exception_ptr.hpp
#12 35.49 -- Installing: /opt/opencv/include/opencv4/opencv2/core/directx.hpp
#12 35.49 -- Installing: /opt/opencv/include/opencv4/opencv2/core/dualquaternion.hpp
#12 35.49 -- Installing: /opt/opencv/include/opencv4/opencv2/core/dualquaternion.inl.hpp
#12 35.49 -- Installing: /opt/opencv/include/opencv4/opencv2/core/eigen.hpp
#12 35.49 -- Installing: /opt/opencv/include/opencv4/opencv2/core/fast_math.hpp
#12 35.49 -- Installing: /opt/opencv/include/opencv4/opencv2/core/hal/hal.hpp
#12 35.49 -- Installing: /opt/opencv/include/opencv4/opencv2/core/hal/interface.h
#12 35.49 -- Installing: /opt/opencv/include/opencv4/opencv2/core/hal/intrin.hpp
#12 35.49 -- Installing: /opt/opencv/include/opencv4/opencv2/core/hal/intrin_avx.hpp
#12 35.49 -- Installing: /opt/opencv/include/opencv4/opencv2/core/hal/intrin_avx512.hpp
#12 35.49 -- Installing: /opt/opencv/include/opencv4/opencv2/core/hal/intrin_cpp.hpp
#12 35.49 -- Installing: /opt/opencv/include/opencv4/opencv2/core/hal/intrin_forward.hpp
#12 35.49 -- Installing: /opt/opencv/include/opencv4/opencv2/core/hal/intrin_lasx.hpp
#12 35.49 -- Installing: /opt/opencv/include/opencv4/opencv2/core/hal/intrin_msa.hpp
#12 35.49 -- Installing: /opt/opencv/include/opencv4/opencv2/core/hal/intrin_neon.hpp
#12 35.49 -- Installing: /opt/opencv/include/opencv4/opencv2/core/hal/intrin_rvv.hpp
#12 35.49 -- Installing: /opt/opencv/include/opencv4/opencv2/core/hal/intrin_rvv071.hpp
#12 35.50 -- Installing: /opt/opencv/include/opencv4/opencv2/core/hal/intrin_rvv_010_compat_non-policy.hpp
#12 35.50 -- Installing: /opt/opencv/include/opencv4/opencv2/core/hal/intrin_rvv_010_compat_overloaded-non-policy.hpp
#12 35.50 -- Installing: /opt/opencv/include/opencv4/opencv2/core/hal/intrin_rvv_compat_overloaded.hpp
#12 35.50 -- Installing: /opt/opencv/include/opencv4/opencv2/core/hal/intrin_rvv_scalable.hpp
#12 35.50 -- Installing: /opt/opencv/include/opencv4/opencv2/core/hal/intrin_sse.hpp
#12 35.50 -- Installing: /opt/opencv/include/opencv4/opencv2/core/hal/intrin_sse_em.hpp
#12 35.50 -- Installing: /opt/opencv/include/opencv4/opencv2/core/hal/intrin_vsx.hpp
#12 35.50 -- Installing: /opt/opencv/include/opencv4/opencv2/core/hal/intrin_wasm.hpp
#12 35.50 -- Installing: /opt/opencv/include/opencv4/opencv2/core/hal/msa_macros.h
#12 35.50 -- Installing: /opt/opencv/include/opencv4/opencv2/core/hal/simd_utils.impl.hpp
#12 35.50 -- Installing: /opt/opencv/include/opencv4/opencv2/core/mat.hpp
#12 35.50 -- Installing: /opt/opencv/include/opencv4/opencv2/core/mat.inl.hpp
#12 35.50 -- Installing: /opt/opencv/include/opencv4/opencv2/core/matx.hpp
#12 35.50 -- Installing: /opt/opencv/include/opencv4/opencv2/core/neon_utils.hpp
#12 35.50 -- Installing: /opt/opencv/include/opencv4/opencv2/core/ocl.hpp
#12 35.50 -- Installing: /opt/opencv/include/opencv4/opencv2/core/ocl_genbase.hpp
#12 35.50 -- Installing: /opt/opencv/include/opencv4/opencv2/core/opencl/ocl_defs.hpp
#12 35.50 -- Installing: /opt/opencv/include/opencv4/opencv2/core/opencl/opencl_info.hpp
#12 35.50 -- Installing: /opt/opencv/include/opencv4/opencv2/core/opencl/opencl_svm.hpp
#12 35.50 -- Installing: /opt/opencv/include/opencv4/opencv2/core/opencl/runtime/autogenerated/opencl_clblas.hpp
#12 35.50 -- Installing: /opt/opencv/include/opencv4/opencv2/core/opencl/runtime/autogenerated/opencl_clfft.hpp
#12 35.50 -- Installing: /opt/opencv/include/opencv4/opencv2/core/opencl/runtime/autogenerated/opencl_core.hpp
#12 35.50 -- Installing: /opt/opencv/include/opencv4/opencv2/core/opencl/runtime/autogenerated/opencl_core_wrappers.hpp
#12 35.50 -- Installing: /opt/opencv/include/opencv4/opencv2/core/opencl/runtime/autogenerated/opencl_gl.hpp
#12 35.50 -- Installing: /opt/opencv/include/opencv4/opencv2/core/opencl/runtime/autogenerated/opencl_gl_wrappers.hpp
#12 35.50 -- Installing: /opt/opencv/include/opencv4/opencv2/core/opencl/runtime/opencl_clblas.hpp
#12 35.50 -- Installing: /opt/opencv/include/opencv4/opencv2/core/opencl/runtime/opencl_clfft.hpp
#12 35.51 -- Installing: /opt/opencv/include/opencv4/opencv2/core/opencl/runtime/opencl_core.hpp
#12 35.51 -- Installing: /opt/opencv/include/opencv4/opencv2/core/opencl/runtime/opencl_core_wrappers.hpp
#12 35.51 -- Installing: /opt/opencv/include/opencv4/opencv2/core/opencl/runtime/opencl_gl.hpp
#12 35.51 -- Installing: /opt/opencv/include/opencv4/opencv2/core/opencl/runtime/opencl_gl_wrappers.hpp
#12 35.51 -- Installing: /opt/opencv/include/opencv4/opencv2/core/opencl/runtime/opencl_svm_20.hpp
#12 35.51 -- Installing: /opt/opencv/include/opencv4/opencv2/core/opencl/runtime/opencl_svm_definitions.hpp
#12 35.51 -- Installing: /opt/opencv/include/opencv4/opencv2/core/opencl/runtime/opencl_svm_hsa_extension.hpp
#12 35.51 -- Installing: /opt/opencv/include/opencv4/opencv2/core/opengl.hpp
#12 35.51 -- Installing: /opt/opencv/include/opencv4/opencv2/core/operations.hpp
#12 35.51 -- Installing: /opt/opencv/include/opencv4/opencv2/core/optim.hpp
#12 35.51 -- Installing: /opt/opencv/include/opencv4/opencv2/core/ovx.hpp
#12 35.51 -- Installing: /opt/opencv/include/opencv4/opencv2/core/parallel/backend/parallel_for.openmp.hpp
#12 35.51 -- Installing: /opt/opencv/include/opencv4/opencv2/core/parallel/backend/parallel_for.tbb.hpp
#12 35.51 -- Installing: /opt/opencv/include/opencv4/opencv2/core/parallel/parallel_backend.hpp
#12 35.51 -- Installing: /opt/opencv/include/opencv4/opencv2/core/persistence.hpp
#12 35.51 -- Installing: /opt/opencv/include/opencv4/opencv2/core/quaternion.hpp
#12 35.51 -- Installing: /opt/opencv/include/opencv4/opencv2/core/quaternion.inl.hpp
#12 35.51 -- Installing: /opt/opencv/include/opencv4/opencv2/core/saturate.hpp
#12 35.51 -- Installing: /opt/opencv/include/opencv4/opencv2/core/simd_intrinsics.hpp
#12 35.51 -- Installing: /opt/opencv/include/opencv4/opencv2/core/softfloat.hpp
#12 35.51 -- Installing: /opt/opencv/include/opencv4/opencv2/core/sse_utils.hpp
#12 35.51 -- Installing: /opt/opencv/include/opencv4/opencv2/core/traits.hpp
#12 35.51 -- Installing: /opt/opencv/include/opencv4/opencv2/core/types.hpp
#12 35.51 -- Installing: /opt/opencv/include/opencv4/opencv2/core/types_c.h
#12 35.51 -- Installing: /opt/opencv/include/opencv4/opencv2/core/utility.hpp
#12 35.51 -- Installing: /opt/opencv/include/opencv4/opencv2/core/utils/allocator_stats.hpp
#12 35.51 -- Installing: /opt/opencv/include/opencv4/opencv2/core/utils/allocator_stats.impl.hpp
#12 35.51 -- Installing: /opt/opencv/include/opencv4/opencv2/core/utils/filesystem.hpp
#12 35.51 -- Installing: /opt/opencv/include/opencv4/opencv2/core/utils/fp_control_utils.hpp
#12 35.51 -- Installing: /opt/opencv/include/opencv4/opencv2/core/utils/instrumentation.hpp
#12 35.51 -- Installing: /opt/opencv/include/opencv4/opencv2/core/utils/logger.defines.hpp
#12 35.51 -- Installing: /opt/opencv/include/opencv4/opencv2/core/utils/logger.hpp
#12 35.51 -- Installing: /opt/opencv/include/opencv4/opencv2/core/utils/logtag.hpp
#12 35.51 -- Installing: /opt/opencv/include/opencv4/opencv2/core/utils/tls.hpp
#12 35.51 -- Installing: /opt/opencv/include/opencv4/opencv2/core/utils/trace.hpp
#12 35.51 -- Installing: /opt/opencv/include/opencv4/opencv2/core/va_intel.hpp
#12 35.51 -- Installing: /opt/opencv/include/opencv4/opencv2/core/version.hpp
#12 35.51 -- Installing: /opt/opencv/include/opencv4/opencv2/core/vsx_utils.hpp
#12 35.52 -- Installing: /opt/opencv/share/licenses/opencv4/SoftFloat-COPYING.txt
#12 35.52 -- Installing: /opt/opencv/share/opencv4/haarcascades/haarcascade_eye.xml
#12 35.52 -- Installing: /opt/opencv/share/opencv4/haarcascades/haarcascade_eye_tree_eyeglasses.xml
#12 35.52 -- Installing: /opt/opencv/share/opencv4/haarcascades/haarcascade_frontalcatface.xml
#12 35.52 -- Installing: /opt/opencv/share/opencv4/haarcascades/haarcascade_frontalcatface_extended.xml
#12 35.52 -- Installing: /opt/opencv/share/opencv4/haarcascades/haarcascade_frontalface_alt.xml
#12 35.52 -- Installing: /opt/opencv/share/opencv4/haarcascades/haarcascade_frontalface_alt2.xml
#12 35.52 -- Installing: /opt/opencv/share/opencv4/haarcascades/haarcascade_frontalface_alt_tree.xml
#12 35.52 -- Installing: /opt/opencv/share/opencv4/haarcascades/haarcascade_frontalface_default.xml
#12 35.52 -- Installing: /opt/opencv/share/opencv4/haarcascades/haarcascade_fullbody.xml
#12 35.52 -- Installing: /opt/opencv/share/opencv4/haarcascades/haarcascade_lefteye_2splits.xml
#12 35.53 -- Installing: /opt/opencv/share/opencv4/haarcascades/haarcascade_license_plate_rus_16stages.xml
#12 35.53 -- Installing: /opt/opencv/share/opencv4/haarcascades/haarcascade_lowerbody.xml
#12 35.53 -- Installing: /opt/opencv/share/opencv4/haarcascades/haarcascade_profileface.xml
#12 35.53 -- Installing: /opt/opencv/share/opencv4/haarcascades/haarcascade_righteye_2splits.xml
#12 35.53 -- Installing: /opt/opencv/share/opencv4/haarcascades/haarcascade_russian_plate_number.xml
#12 35.53 -- Installing: /opt/opencv/share/opencv4/haarcascades/haarcascade_smile.xml
#12 35.53 -- Installing: /opt/opencv/share/opencv4/haarcascades/haarcascade_upperbody.xml
#12 35.53 -- Installing: /opt/opencv/share/opencv4/lbpcascades/lbpcascade_frontalcatface.xml
#12 35.53 -- Installing: /opt/opencv/share/opencv4/lbpcascades/lbpcascade_frontalface.xml
#12 35.53 -- Installing: /opt/opencv/share/opencv4/lbpcascades/lbpcascade_frontalface_improved.xml
#12 35.53 -- Installing: /opt/opencv/share/opencv4/lbpcascades/lbpcascade_profileface.xml
#12 35.53 -- Installing: /opt/opencv/share/opencv4/lbpcascades/lbpcascade_silverware.xml
#12 35.53 make: Leaving directory '/root/build'
#12 DONE 35.6s

#13 [test 5/6] COPY --from=backend /opt/opencv /opt/opencv
#13 DONE 0.2s

#14 [test 6/6] RUN set -xeu && 	cd /root/app && 	cargo build
#14 0.301 + cd /root/app
#14 0.301 + cargo build
#14 0.384    Compiling app v0.1.0 (/root/app)
#14 0.486     Finished `dev` profile [unoptimized + debuginfo] target(s) in 0.15s
#14 DONE 0.5s

#15 exporting to image
#15 exporting layers
#15 exporting layers 2.6s done
#15 writing image sha256:305b8f298169e0004123efe5f08fcf3e935f335027663c839018ea61b4ca1a67 done
#15 DONE 2.6s
