#0 building with "default" instance using docker driver

#1 [internal] load build definition from ubuntu-22.04-opencv-full-build.Dockerfile
#1 transferring dockerfile: 6.43kB done
#1 DONE 0.0s

#2 [internal] load metadata for docker.io/library/ubuntu:22.04
#2 DONE 0.0s

#3 [internal] load .dockerignore
#3 transferring context: 2B done
#3 DONE 0.0s

#4 [ 1/15] FROM docker.io/library/ubuntu:22.04
#4 DONE 0.0s

#5 [ 2/15] RUN set -xeu &&     apt-get update &&     DEBIAN_FRONTEND=noninteractive apt-get dist-upgrade -y &&     apt-get autoremove -y --purge &&     apt-get -y autoclean
#5 CACHED

#6 [ 3/15] RUN set -xeu && 	ls /usr/lib/x86_64-linux-gnu | grep "avcodec" && 	ls /usr/include/x86_64-linux-gnu | grep "avcodec"
#6 0.223 + ls /usr/lib/x86_64-linux-gnu
#6 0.223 + grep avcodec
#6 ERROR: process "/bin/sh -c set -xeu && \tls /usr/lib/x86_64-linux-gnu | grep \"avcodec\" && \tls /usr/include/x86_64-linux-gnu | grep \"avcodec\"" did not complete successfully: exit code: 1
------
 > [ 3/15] RUN set -xeu && 	ls /usr/lib/x86_64-linux-gnu | grep "avcodec" && 	ls /usr/include/x86_64-linux-gnu | grep "avcodec":
0.223 + ls /usr/lib/x86_64-linux-gnu
0.223 + grep avcodec
------
ubuntu-22.04-opencv-full-build.Dockerfile:11
--------------------
  10 |     
  11 | >>> RUN set -xeu && \
  12 | >>> 	ls /usr/lib/x86_64-linux-gnu | grep "avcodec" && \
  13 | >>> 	ls /usr/include/x86_64-linux-gnu | grep "avcodec"
  14 |     
--------------------
ERROR: failed to solve: process "/bin/sh -c set -xeu && \tls /usr/lib/x86_64-linux-gnu | grep \"avcodec\" && \tls /usr/include/x86_64-linux-gnu | grep \"avcodec\"" did not complete successfully: exit code: 1
