#0 building with "default" instance using docker driver

#1 [internal] load build definition from ubuntu-22.04-opencv-full-build.Dockerfile
#1 transferring dockerfile: 5.98kB done
#1 DONE 0.0s

#2 [internal] load metadata for docker.io/library/ubuntu:22.04
#2 DONE 0.0s

#3 [internal] load .dockerignore
#3 transferring context: 2B done
#3 DONE 0.0s

#4 [ 1/13] FROM docker.io/library/ubuntu:22.04
#4 DONE 0.0s

#5 [10/13] RUN set -xeu &&     mkdir -p /root/build &&     cmake -B /root/build -S "/root/dist/opencv-4.8.0" -D OPENCV_EXTRA_MODULES_PATH="/root/dist/opencv_contrib-4.8.0/modules" -D CMAKE_INSTALL_PREFIX=/opt/opencv     	-D BUILD_CUDA_STUBS=OFF     	-D BUILD_DOCS=OFF     	-D BUILD_EXAMPLES=OFF     	-D BUILD_IPP_IW=ON     	-D BUILD_ITT=OFF     	-D BUILD_JASPER=ON     	-D BUILD_JAVA=OFF     	-D BUILD_JPEG=ON     	-D BUILD_OPENEXR=OFF     	-D BUILD_PERF_TESTS=OFF     	-D BUILD_PNG=ON     	-D BUILD_PROTOBUF=ON     	-D BUILD_SHARED_LIBS=OFF     	-D BUILD_TBB=OFF     	-D BUILD_TESTS=OFF     	-D BUILD_TIFF=OFF     	-D BUILD_WEBP=OFF     	-D BUILD_WITH_DYNAMIC_IPP=OFF     	-D BUILD_ZLIB=ON 		-D BUILD_opencv_freetype=OFF     	-D BUILD_opencv_apps=OFF     	-D BUILD_opencv_python2=OFF     	-D BUILD_opencv_python3=OFF     	-D CMAKE_BUILD_TYPE=Release     	-D ENABLE_CONFIG_VERIFICATION=OFF     	-D CV_ENABLE_INTRINSICS=ON     	-D ENABLE_PIC=ON     	-D INSTALL_CREATE_DISTRIB=OFF     	-D INSTALL_PYTHON_EXAMPLES=OFF     	-D INSTALL_C_EXAMPLES=OFF     	-D INSTALL_TESTS=OFF     	-D OPENCV_ENABLE_NONFREE=ON     	-D OPENCV_FORCE_3RDPARTY_BUILD=ON     	-D OPENCV_GENERATE_PKGCONFIG=OFF     	-D PROTOBUF_UPDATE_FILES=OFF     	-D WITH_1394=OFF     	-D WITH_ADE=ON     	-D WITH_ARAVIS=OFF     	-D WITH_CLP=OFF     	-D WITH_CUBLAS=OFF     	-D WITH_CUDA=OFF     	-D WITH_CUFFT=OFF     	-D WITH_EIGEN=ON     	-D WITH_FFMPEG=ON 		-D WITH_FREETYPE=OFF     	-D WITH_GDAL=OFF     	-D WITH_GDCM=OFF     	-D WITH_GIGEAPI=OFF     	-D WITH_GPHOTO2=OFF     	-D WITH_GSTREAMER=OFF     	-D WITH_GSTREAMER_0_10=OFF     	-D WITH_GTK=OFF     	-D WITH_GTK_2_X=OFF     	-D WITH_HALIDE=OFF     	-D WITH_IMGCODEC_HDcR=OFF     	-D WITH_IMGCODEC_PXM=OFF     	-D WITH_IMGCODEC_SUNRASTER=OFF     	-D WITH_INF_ENGINE=OFF     	-D WITH_IPP=ON     	-D WITH_ITT=OFF     	-D WITH_JASPER=ON     	-D WITH_JPEG=ON     	-D WITH_LAPACK=OFF     	-D WITH_LIBV4L=OFF     	-D WITH_MATLAB=OFF     	-D WITH_MFX=OFF     	-D WITH_NVCUVID=OFF     	-D WITH_OPENCL=ON     	-D WITH_OPENCLAMDBLAS=ON     	-D WITH_OPENCLAMDFFT=ON     	-D WITH_OPENCL_SVM=ON     	-D WITH_OPENEXR=OFF     	-D WITH_OPENGL=OFF     	-D WITH_OPENMP=OFF     	-D WITH_OPENNI2=OFF     	-D WITH_OPENNI=OFF     	-D WITH_OPENVX=OFF     	-D WITH_PNG=ON     	-D WITH_PROTOBUF=ON     	-D WITH_PTHREADS_PF=ON     	-D WITH_PVAPI=OFF     	-D WITH_QT=OFF     	-D WITH_QUIRC=OFF     	-D WITH_TBB=OFF     	-D WITH_TIFF=OFF     	-D WITH_UNICAP=OFF     	-D WITH_V4L=ON     	-D WITH_VA=ON     	-D WITH_VA_INTEL=ON     	-D WITH_VTK=OFF     	-D WITH_WEBP=OFF     	-D WITH_XIMEA=OFF     	-D WITH_XINE=OFF &&     make -C /root/build -j`nproc` install
#5 CACHED

#6 [ 7/13] RUN set -xeu && 	npm --prefix=/root/oko/frontend ci && 	npm --prefix=/root/oko/frontend run build && 	mkdir -p /root/oko/backend/static && 	cp -r /root/oko/frontend/dist/* /root/oko/backend/static/
#6 CACHED

#7 [ 4/13] RUN set -xeu &&     curl --proto '=https' --tlsv1.2 -sSf https://sh.rustup.rs | sh -s -- -y --profile=minimal
#7 CACHED

#8 [ 9/13] RUN set -xeu &&     mkdir -p /root/dist &&     curl -sSfL "https://github.com/opencv/opencv/archive/refs/tags/4.8.0.tar.gz" | tar xz -C /root/dist &&     curl -sSfL "https://github.com/opencv/opencv_contrib/archive/refs/tags/4.8.0.tar.gz" | tar xz -C /root/dist &&     sed -ri 's/Ptr<FarnebackOpticalFlow> cv::cuda::FarnebackOpticalFlow::create/Ptr<cv::cuda::FarnebackOpticalFlow> cv::cuda::FarnebackOpticalFlow::create/' "/root/dist/opencv_contrib-4.8.0/modules/cudaoptflow/src/farneback.cpp" # patch for version 4.8.0
#8 CACHED

#9 [ 2/13] RUN set -xeu &&     apt-get update &&     DEBIAN_FRONTEND=noninteractive apt-get dist-upgrade -y &&     apt-get autoremove -y --purge &&     apt-get -y autoclean
#9 CACHED

#10 [ 8/13] RUN set -xeu && 	npx playwright install-deps
#10 CACHED

#11 [ 6/13] RUN set -xeu && 	git clone https://github.com/piotrpdev/oko.git /root/oko
#11 CACHED

#12 [ 3/13] RUN set -xeu &&     DEBIAN_FRONTEND=noninteractive apt-get install -y curl clang libclang-dev     cmake python3-numpy libatlas-base-dev libceres-dev libeigen3-dev liblapacke-dev libprotobuf-dev protobuf-compiler nvidia-cuda-dev libtesseract-dev     libwebp-dev libpng-dev libtiff-dev libopenexr-dev libgdal-dev libopenjp2-7-dev libopenjpip-server libopenjpip-dec-server libopenjp2-tools libhdf5-dev     libavcodec-dev libavformat-dev libavutil-dev  libgphoto2-dev libgstreamer1.0-dev libgstreamer-plugins-base1.0-dev libva-dev libdc1394-dev     libfreetype6-dev libharfbuzz-dev qtbase5-dev libvtk9-dev libogre-1.12-dev 	git libssl-dev
#12 CACHED

#13 [ 5/13] RUN set -xeu && 	curl -sSL https://deb.nodesource.com/setup_22.x | sh -s && 	DEBIAN_FRONTEND=noninteractive apt-get install -y nodejs
#13 CACHED

#14 [11/13] RUN set -xu && 	cd /root/oko/backend && 	cargo test; exit 0
#14 CACHED

#15 [12/13] RUN set -xeu && 	ls /opt/opencv/lib && 	ls /opt/opencv/lib/opencv4/3rdparty && 	ls /usr/lib/x86_64-linux-gnu && 	ls /opt/opencv/include && 	ls /opt/opencv/include/opencv4 && 	ls /usr/include/x86_64-linux-gnu
#15 0.208 + ls /opt/opencv/lib
#15 0.210 cmake
#15 0.210 libopencv_alphamat.a
#15 0.210 libopencv_aruco.a
#15 0.210 libopencv_bgsegm.a
#15 0.210 libopencv_bioinspired.a
#15 0.210 libopencv_calib3d.a
#15 0.210 libopencv_ccalib.a
#15 0.210 libopencv_core.a
#15 0.210 libopencv_datasets.a
#15 0.210 libopencv_dnn.a
#15 0.210 libopencv_dnn_objdetect.a
#15 0.210 libopencv_dnn_superres.a
#15 0.210 libopencv_dpm.a
#15 0.210 libopencv_face.a
#15 0.210 libopencv_features2d.a
#15 0.210 libopencv_flann.a
#15 0.210 libopencv_fuzzy.a
#15 0.210 libopencv_gapi.a
#15 0.210 libopencv_hdf.a
#15 0.210 libopencv_hfs.a
#15 0.210 libopencv_highgui.a
#15 0.210 libopencv_img_hash.a
#15 0.210 libopencv_imgcodecs.a
#15 0.210 libopencv_imgproc.a
#15 0.210 libopencv_intensity_transform.a
#15 0.210 libopencv_line_descriptor.a
#15 0.210 libopencv_mcc.a
#15 0.210 libopencv_ml.a
#15 0.210 libopencv_objdetect.a
#15 0.210 libopencv_optflow.a
#15 0.210 libopencv_ovis.a
#15 0.210 libopencv_phase_unwrapping.a
#15 0.210 libopencv_photo.a
#15 0.210 libopencv_plot.a
#15 0.210 libopencv_quality.a
#15 0.210 libopencv_rapid.a
#15 0.210 libopencv_reg.a
#15 0.210 libopencv_rgbd.a
#15 0.210 libopencv_saliency.a
#15 0.210 libopencv_sfm.a
#15 0.210 libopencv_shape.a
#15 0.210 libopencv_stereo.a
#15 0.210 libopencv_stitching.a
#15 0.210 libopencv_structured_light.a
#15 0.210 libopencv_superres.a
#15 0.210 libopencv_surface_matching.a
#15 0.210 libopencv_text.a
#15 0.210 libopencv_tracking.a
#15 0.210 libopencv_video.a
#15 0.210 libopencv_videoio.a
#15 0.210 libopencv_videostab.a
#15 0.210 libopencv_wechat_qrcode.a
#15 0.210 libopencv_xfeatures2d.a
#15 0.210 libopencv_ximgproc.a
#15 0.210 libopencv_xobjdetect.a
#15 0.210 libopencv_xphoto.a
#15 0.210 opencv4
#15 0.210 + ls /opt/opencv/lib/opencv4/3rdparty
#15 0.212 libade.a
#15 0.212 libcorrespondence.a
#15 0.212 libippicv.a
#15 0.212 libippiw.a
#15 0.212 liblibjpeg-turbo.a
#15 0.212 liblibopenjp2.a
#15 0.212 liblibpng.a
#15 0.212 liblibprotobuf.a
#15 0.212 libmultiview.a
#15 0.212 libnumeric.a
#15 0.212 libsimple_pipeline.a
#15 0.212 libzlib.a
#15 0.212 + ls /usr/lib/x86_64-linux-gnu
#15 0.221 Mcrt1.o
#15 0.221 OGRE
#15 0.221 OpenNI2
#15 0.221 Scrt1.o
#15 0.221 apr-util-1
#15 0.221 atlas
#15 0.221 audit
#15 0.221 avahi
#15 0.221 bfd-plugins
#15 0.221 blas
#15 0.221 caca
#15 0.221 cmake
#15 0.221 crt1.o
#15 0.221 crti.o
#15 0.221 crtn.o
#15 0.221 cuda-gdb
#15 0.221 dri
#15 0.221 e2fsprogs
#15 0.221 enchant-2
#15 0.221 engines-3
#15 0.221 fortran
#15 0.221 gconv
#15 0.221 gcrt1.o
#15 0.221 gdk-pixbuf-2.0
#15 0.221 gio
#15 0.221 girepository-1.0
#15 0.221 glib-2.0
#15 0.221 grcrt1.o
#15 0.221 gstreamer-1.0
#15 0.221 gstreamer1.0
#15 0.221 gtk-3.0
#15 0.221 hdf5
#15 0.221 hwloc
#15 0.221 icu
#15 0.221 java
#15 0.221 jni
#15 0.221 krb5
#15 0.221 lapack
#15 0.221 ld-linux-x86-64.so.2
#15 0.221 ldscripts
#15 0.221 libBrokenLocale.a
#15 0.221 libBrokenLocale.so
#15 0.221 libBrokenLocale.so.1
#15 0.221 libCharLS.so
#15 0.221 libCharLS.so.2
#15 0.221 libEGL.so
#15 0.221 libEGL.so.1
#15 0.221 libEGL.so.1.1.0
#15 0.221 libEGL_mesa.so.0
#15 0.221 libEGL_mesa.so.0.0.0
#15 0.221 libFLAC.so.8
#15 0.221 libFLAC.so.8.3.0
#15 0.221 libGL.so
#15 0.221 libGL.so.1
#15 0.221 libGL.so.1.7.0
#15 0.221 libGLESv1_CM.so
#15 0.221 libGLESv1_CM.so.1
#15 0.221 libGLESv1_CM.so.1.2.0
#15 0.221 libGLESv2.so
#15 0.221 libGLESv2.so.2
#15 0.221 libGLESv2.so.2.1.0
#15 0.221 libGLEW.a
#15 0.221 libGLEW.so
#15 0.221 libGLEW.so.2.2
#15 0.221 libGLEW.so.2.2.0
#15 0.221 libGLU.a
#15 0.221 libGLU.so
#15 0.221 libGLU.so.1
#15 0.221 libGLU.so.1.3.1
#15 0.221 libGLX.so
#15 0.221 libGLX.so.0
#15 0.221 libGLX.so.0.0.0
#15 0.221 libGLX_indirect.so.0
#15 0.221 libGLX_mesa.so.0
#15 0.221 libGLX_mesa.so.0.0.0
#15 0.221 libGLdispatch.so.0
#15 0.221 libGLdispatch.so.0.0.0
#15 0.221 libHalf-2_5.so
#15 0.221 libHalf-2_5.so.25
#15 0.221 libHalf-2_5.so.25.0.6
#15 0.221 libHalf.so
#15 0.221 libICE.a
#15 0.221 libICE.so
#15 0.221 libICE.so.6
#15 0.221 libICE.so.6.3.0
#15 0.221 libIex-2_5.so
#15 0.221 libIex-2_5.so.25
#15 0.221 libIex-2_5.so.25.0.6
#15 0.221 libIex.so
#15 0.221 libIexMath-2_5.so
#15 0.221 libIexMath-2_5.so.25
#15 0.221 libIexMath-2_5.so.25.0.6
#15 0.221 libIexMath.so
#15 0.221 libIlmImf-2_5.so
#15 0.221 libIlmImf-2_5.so.25
#15 0.221 libIlmImf-2_5.so.25.0.6
#15 0.221 libIlmImf.so
#15 0.221 libIlmImfUtil-2_5.so
#15 0.221 libIlmImfUtil-2_5.so.25
#15 0.221 libIlmImfUtil-2_5.so.25.0.6
#15 0.221 libIlmImfUtil.so
#15 0.221 libIlmThread-2_5.so
#15 0.221 libIlmThread-2_5.so.25
#15 0.221 libIlmThread-2_5.so.25.0.6
#15 0.221 libIlmThread.so
#15 0.221 libImath-2_5.so
#15 0.221 libImath-2_5.so.25
#15 0.221 libImath-2_5.so.25.0.6
#15 0.221 libImath.so
#15 0.221 libLLVM-14.0.0.so.1
#15 0.221 libLLVM-14.so
#15 0.221 libLLVM-14.so.1
#15 0.221 libLLVM-15.so
#15 0.221 libLLVM-15.so.1
#15 0.221 libOgreBites.so
#15 0.221 libOgreBites.so.1.12.10
#15 0.221 libOgreMain.so
#15 0.221 libOgreMain.so.1.12.10
#15 0.221 libOgreMeshLodGenerator.so
#15 0.221 libOgreMeshLodGenerator.so.1.12.10
#15 0.221 libOgreOverlay.so
#15 0.221 libOgreOverlay.so.1.12.10
#15 0.221 libOgrePaging.so
#15 0.221 libOgrePaging.so.1.12.10
#15 0.221 libOgreProperty.so
#15 0.221 libOgreProperty.so.1.12.10
#15 0.221 libOgreRTShaderSystem.so
#15 0.221 libOgreRTShaderSystem.so.1.12.10
#15 0.221 libOgreTerrain.so
#15 0.221 libOgreTerrain.so.1.12.10
#15 0.221 libOgreVolume.so
#15 0.221 libOgreVolume.so.1.12.10
#15 0.221 libOpenCL.so.1
#15 0.221 libOpenCL.so.1.0.0
#15 0.221 libOpenGL.so.0
#15 0.221 libOpenGL.so.0.0.0
#15 0.221 libOpenNI2.so.0
#15 0.221 libQt5Concurrent.prl
#15 0.221 libQt5Concurrent.so
#15 0.221 libQt5Concurrent.so.5
#15 0.221 libQt5Concurrent.so.5.15
#15 0.221 libQt5Concurrent.so.5.15.3
#15 0.221 libQt5Core.prl
#15 0.221 libQt5Core.so
#15 0.221 libQt5Core.so.5
#15 0.221 libQt5Core.so.5.15
#15 0.221 libQt5Core.so.5.15.3
#15 0.221 libQt5DBus.prl
#15 0.221 libQt5DBus.so
#15 0.221 libQt5DBus.so.5
#15 0.221 libQt5DBus.so.5.15
#15 0.221 libQt5DBus.so.5.15.3
#15 0.221 libQt5EglFSDeviceIntegration.prl
#15 0.221 libQt5EglFSDeviceIntegration.so
#15 0.221 libQt5EglFSDeviceIntegration.so.5
#15 0.221 libQt5EglFSDeviceIntegration.so.5.15
#15 0.221 libQt5EglFSDeviceIntegration.so.5.15.3
#15 0.221 libQt5EglFsKmsSupport.prl
#15 0.221 libQt5EglFsKmsSupport.so
#15 0.221 libQt5EglFsKmsSupport.so.5
#15 0.221 libQt5EglFsKmsSupport.so.5.15
#15 0.221 libQt5EglFsKmsSupport.so.5.15.3
#15 0.221 libQt5Gui.prl
#15 0.221 libQt5Gui.so
#15 0.221 libQt5Gui.so.5
#15 0.221 libQt5Gui.so.5.15
#15 0.221 libQt5Gui.so.5.15.3
#15 0.221 libQt5Network.prl
#15 0.221 libQt5Network.so
#15 0.221 libQt5Network.so.5
#15 0.221 libQt5Network.so.5.15
#15 0.221 libQt5Network.so.5.15.3
#15 0.221 libQt5OpenGL.prl
#15 0.221 libQt5OpenGL.so
#15 0.221 libQt5OpenGL.so.5
#15 0.221 libQt5OpenGL.so.5.15
#15 0.221 libQt5OpenGL.so.5.15.3
#15 0.221 libQt5OpenGLExtensions.a
#15 0.221 libQt5OpenGLExtensions.prl
#15 0.221 libQt5PrintSupport.prl
#15 0.221 libQt5PrintSupport.so
#15 0.221 libQt5PrintSupport.so.5
#15 0.221 libQt5PrintSupport.so.5.15
#15 0.221 libQt5PrintSupport.so.5.15.3
#15 0.221 libQt5Sql.prl
#15 0.221 libQt5Sql.so
#15 0.221 libQt5Sql.so.5
#15 0.221 libQt5Sql.so.5.15
#15 0.221 libQt5Sql.so.5.15.3
#15 0.221 libQt5Svg.so.5
#15 0.221 libQt5Svg.so.5.15
#15 0.221 libQt5Svg.so.5.15.3
#15 0.221 libQt5Test.prl
#15 0.221 libQt5Test.so
#15 0.221 libQt5Test.so.5
#15 0.221 libQt5Test.so.5.15
#15 0.221 libQt5Test.so.5.15.3
#15 0.221 libQt5Widgets.prl
#15 0.221 libQt5Widgets.so
#15 0.221 libQt5Widgets.so.5
#15 0.221 libQt5Widgets.so.5.15
#15 0.221 libQt5Widgets.so.5.15.3
#15 0.221 libQt5XcbQpa.prl
#15 0.221 libQt5XcbQpa.so
#15 0.221 libQt5XcbQpa.so.5
#15 0.221 libQt5XcbQpa.so.5.15
#15 0.221 libQt5XcbQpa.so.5.15.3
#15 0.221 libQt5Xml.prl
#15 0.221 libQt5Xml.so
#15 0.221 libQt5Xml.so.5
#15 0.221 libQt5Xml.so.5.15
#15 0.221 libQt5Xml.so.5.15.3
#15 0.221 libSDL2-2.0.so.0
#15 0.221 libSDL2-2.0.so.0.18.2
#15 0.221 libSM.a
#15 0.221 libSM.so
#15 0.221 libSM.so.6
#15 0.221 libSM.so.6.0.1
#15 0.221 libSoundTouch.so.1
#15 0.221 libSoundTouch.so.1.0.0
#15 0.221 libVkLayer_INTEL_nullhw.so
#15 0.221 libVkLayer_MESA_device_select.so
#15 0.221 libVkLayer_MESA_overlay.so
#15 0.221 libWildMidi.so.2
#15 0.221 libWildMidi.so.2.1.0
#15 0.221 libX11-xcb.a
#15 0.221 libX11-xcb.so
#15 0.221 libX11-xcb.so.1
#15 0.221 libX11-xcb.so.1.0.0
#15 0.221 libX11.a
#15 0.221 libX11.so
#15 0.221 libX11.so.6
#15 0.221 libX11.so.6.4.0
#15 0.221 libXNVCtrl.so.0
#15 0.221 libXNVCtrl.so.0.0.0
#15 0.221 libXau.a
#15 0.221 libXau.so
#15 0.221 libXau.so.6
#15 0.221 libXau.so.6.0.0
#15 0.221 libXaw.so.7
#15 0.221 libXaw7.so.7
#15 0.221 libXaw7.so.7.0.0
#15 0.221 libXcomposite.so.1
#15 0.221 libXcomposite.so.1.0.0
#15 0.221 libXcursor.so.1
#15 0.221 libXcursor.so.1.0.2
#15 0.221 libXdamage.so.1
#15 0.221 libXdamage.so.1.1.0
#15 0.221 libXdmcp.a
#15 0.221 libXdmcp.so
#15 0.221 libXdmcp.so.6
#15 0.221 libXdmcp.so.6.0.0
#15 0.221 libXext.a
#15 0.221 libXext.so
#15 0.221 libXext.so.6
#15 0.221 libXext.so.6.4.0
#15 0.221 libXfixes.so.3
#15 0.221 libXfixes.so.3.1.0
#15 0.221 libXfont2.so.2
#15 0.221 libXfont2.so.2.0.0
#15 0.221 libXft.a
#15 0.221 libXft.so
#15 0.221 libXft.so.2
#15 0.221 libXft.so.2.3.4
#15 0.221 libXi.so.6
#15 0.221 libXi.so.6.1.0
#15 0.221 libXinerama.so.1
#15 0.221 libXinerama.so.1.0.0
#15 0.221 libXmu.so.6
#15 0.221 libXmu.so.6.2.0
#15 0.221 libXmuu.so.1
#15 0.221 libXmuu.so.1.0.0
#15 0.221 libXpm.so.4
#15 0.221 libXpm.so.4.11.0
#15 0.221 libXrandr.so.2
#15 0.221 libXrandr.so.2.2.0
#15 0.221 libXrender.a
#15 0.221 libXrender.so
#15 0.221 libXrender.so.1
#15 0.221 libXrender.so.1.3.0
#15 0.221 libXss.a
#15 0.221 libXss.so
#15 0.221 libXss.so.1
#15 0.221 libXss.so.1.0.0
#15 0.221 libXt.a
#15 0.221 libXt.so
#15 0.221 libXt.so.6
#15 0.221 libXt.so.6.0.0
#15 0.221 libXtst.so.6
#15 0.221 libXtst.so.6.1.0
#15 0.221 libXv.so.1
#15 0.221 libXv.so.1.0.0
#15 0.221 libXxf86dga.so.1
#15 0.221 libXxf86dga.so.1.0.0
#15 0.221 libXxf86vm.so.1
#15 0.221 libXxf86vm.so.1.0.0
#15 0.221 libZXing.so.1
#15 0.221 libZXing.so.1.2.0
#15 0.221 libaa.so.1
#15 0.221 libaa.so.1.0.4
#15 0.221 libaacs.so.0
#15 0.221 libaacs.so.0.7.2
#15 0.221 libabsl_bad_any_cast_impl.so.20210324
#15 0.221 libabsl_bad_any_cast_impl.so.20210324.0.0
#15 0.221 libabsl_bad_optional_access.so.20210324
#15 0.221 libabsl_bad_optional_access.so.20210324.0.0
#15 0.221 libabsl_bad_variant_access.so.20210324
#15 0.221 libabsl_bad_variant_access.so.20210324.0.0
#15 0.221 libabsl_base.so.20210324
#15 0.221 libabsl_base.so.20210324.0.0
#15 0.221 libabsl_city.so.20210324
#15 0.221 libabsl_city.so.20210324.0.0
#15 0.221 libabsl_civil_time.so.20210324
#15 0.221 libabsl_civil_time.so.20210324.0.0
#15 0.221 libabsl_cord.so.20210324
#15 0.221 libabsl_cord.so.20210324.0.0
#15 0.221 libabsl_debugging_internal.so.20210324
#15 0.221 libabsl_debugging_internal.so.20210324.0.0
#15 0.221 libabsl_demangle_internal.so.20210324
#15 0.221 libabsl_demangle_internal.so.20210324.0.0
#15 0.221 libabsl_examine_stack.so.20210324
#15 0.221 libabsl_examine_stack.so.20210324.0.0
#15 0.221 libabsl_exponential_biased.so.20210324
#15 0.221 libabsl_exponential_biased.so.20210324.0.0
#15 0.221 libabsl_failure_signal_handler.so.20210324
#15 0.221 libabsl_failure_signal_handler.so.20210324.0.0
#15 0.221 libabsl_flags_commandlineflag.so.20210324
#15 0.221 libabsl_flags_commandlineflag.so.20210324.0.0
#15 0.221 libabsl_flags_commandlineflag_internal.so.20210324
#15 0.221 libabsl_flags_commandlineflag_internal.so.20210324.0.0
#15 0.221 libabsl_flags_config.so.20210324
#15 0.221 libabsl_flags_config.so.20210324.0.0
#15 0.221 libabsl_flags_internal.so.20210324
#15 0.221 libabsl_flags_internal.so.20210324.0.0
#15 0.221 libabsl_flags_marshalling.so.20210324
#15 0.221 libabsl_flags_marshalling.so.20210324.0.0
#15 0.221 libabsl_flags_parse.so.20210324
#15 0.221 libabsl_flags_parse.so.20210324.0.0
#15 0.221 libabsl_flags_private_handle_accessor.so.20210324
#15 0.221 libabsl_flags_private_handle_accessor.so.20210324.0.0
#15 0.221 libabsl_flags_program_name.so.20210324
#15 0.221 libabsl_flags_program_name.so.20210324.0.0
#15 0.221 libabsl_flags_reflection.so.20210324
#15 0.221 libabsl_flags_reflection.so.20210324.0.0
#15 0.221 libabsl_flags_usage.so.20210324
#15 0.221 libabsl_flags_usage.so.20210324.0.0
#15 0.221 libabsl_flags_usage_internal.so.20210324
#15 0.221 libabsl_flags_usage_internal.so.20210324.0.0
#15 0.221 libabsl_graphcycles_internal.so.20210324
#15 0.221 libabsl_graphcycles_internal.so.20210324.0.0
#15 0.221 libabsl_hash.so.20210324
#15 0.221 libabsl_hash.so.20210324.0.0
#15 0.221 libabsl_hashtablez_sampler.so.20210324
#15 0.221 libabsl_hashtablez_sampler.so.20210324.0.0
#15 0.221 libabsl_int128.so.20210324
#15 0.221 libabsl_int128.so.20210324.0.0
#15 0.221 libabsl_leak_check.so.20210324
#15 0.221 libabsl_leak_check.so.20210324.0.0
#15 0.221 libabsl_leak_check_disable.so.20210324
#15 0.221 libabsl_leak_check_disable.so.20210324.0.0
#15 0.221 libabsl_log_severity.so.20210324
#15 0.221 libabsl_log_severity.so.20210324.0.0
#15 0.221 libabsl_malloc_internal.so.20210324
#15 0.221 libabsl_malloc_internal.so.20210324.0.0
#15 0.221 libabsl_periodic_sampler.so.20210324
#15 0.221 libabsl_periodic_sampler.so.20210324.0.0
#15 0.221 libabsl_random_distributions.so.20210324
#15 0.221 libabsl_random_distributions.so.20210324.0.0
#15 0.221 libabsl_random_internal_distribution_test_util.so.20210324
#15 0.221 libabsl_random_internal_distribution_test_util.so.20210324.0.0
#15 0.221 libabsl_random_internal_platform.so.20210324
#15 0.221 libabsl_random_internal_platform.so.20210324.0.0
#15 0.221 libabsl_random_internal_pool_urbg.so.20210324
#15 0.221 libabsl_random_internal_pool_urbg.so.20210324.0.0
#15 0.221 libabsl_random_internal_randen.so.20210324
#15 0.221 libabsl_random_internal_randen.so.20210324.0.0
#15 0.221 libabsl_random_internal_randen_hwaes.so.20210324
#15 0.221 libabsl_random_internal_randen_hwaes.so.20210324.0.0
#15 0.221 libabsl_random_internal_randen_hwaes_impl.so.20210324
#15 0.221 libabsl_random_internal_randen_hwaes_impl.so.20210324.0.0
#15 0.221 libabsl_random_internal_randen_slow.so.20210324
#15 0.221 libabsl_random_internal_randen_slow.so.20210324.0.0
#15 0.221 libabsl_random_internal_seed_material.so.20210324
#15 0.221 libabsl_random_internal_seed_material.so.20210324.0.0
#15 0.221 libabsl_random_seed_gen_exception.so.20210324
#15 0.221 libabsl_random_seed_gen_exception.so.20210324.0.0
#15 0.221 libabsl_random_seed_sequences.so.20210324
#15 0.221 libabsl_random_seed_sequences.so.20210324.0.0
#15 0.221 libabsl_raw_hash_set.so.20210324
#15 0.221 libabsl_raw_hash_set.so.20210324.0.0
#15 0.221 libabsl_raw_logging_internal.so.20210324
#15 0.221 libabsl_raw_logging_internal.so.20210324.0.0
#15 0.221 libabsl_scoped_set_env.so.20210324
#15 0.221 libabsl_scoped_set_env.so.20210324.0.0
#15 0.221 libabsl_spinlock_wait.so.20210324
#15 0.221 libabsl_spinlock_wait.so.20210324.0.0
#15 0.221 libabsl_stacktrace.so.20210324
#15 0.221 libabsl_stacktrace.so.20210324.0.0
#15 0.221 libabsl_status.so.20210324
#15 0.221 libabsl_status.so.20210324.0.0
#15 0.221 libabsl_statusor.so.20210324
#15 0.221 libabsl_statusor.so.20210324.0.0
#15 0.221 libabsl_str_format_internal.so.20210324
#15 0.221 libabsl_str_format_internal.so.20210324.0.0
#15 0.221 libabsl_strerror.so.20210324
#15 0.221 libabsl_strerror.so.20210324.0.0
#15 0.221 libabsl_strings.so.20210324
#15 0.221 libabsl_strings.so.20210324.0.0
#15 0.221 libabsl_strings_internal.so.20210324
#15 0.221 libabsl_strings_internal.so.20210324.0.0
#15 0.221 libabsl_symbolize.so.20210324
#15 0.221 libabsl_symbolize.so.20210324.0.0
#15 0.221 libabsl_synchronization.so.20210324
#15 0.221 libabsl_synchronization.so.20210324.0.0
#15 0.221 libabsl_throw_delegate.so.20210324
#15 0.221 libabsl_throw_delegate.so.20210324.0.0
#15 0.221 libabsl_time.so.20210324
#15 0.221 libabsl_time.so.20210324.0.0
#15 0.221 libabsl_time_zone.so.20210324
#15 0.221 libabsl_time_zone.so.20210324.0.0
#15 0.221 libabsl_wyhash.so.20210324
#15 0.221 libabsl_wyhash.so.20210324.0.0
#15 0.221 libaccinj64.so
#15 0.221 libaccinj64.so.11.5
#15 0.221 libaccinj64.so.11.5.114
#15 0.221 libacl.so.1
#15 0.221 libacl.so.1.1.2301
#15 0.221 libaec.a
#15 0.221 libaec.so
#15 0.221 libaec.so.0
#15 0.221 libaec.so.0.0.12
#15 0.221 libamd.a
#15 0.221 libamd.so
#15 0.221 libamd.so.2
#15 0.221 libamd.so.2.4.6
#15 0.221 libanl.a
#15 0.221 libanl.so
#15 0.221 libanl.so.1
#15 0.221 libaom.a
#15 0.221 libaom.so
#15 0.221 libaom.so.3
#15 0.221 libaom.so.3.3.0
#15 0.221 libapparmor.so.1
#15 0.221 libapparmor.so.1.8.2
#15 0.221 libapr-1.so.0
#15 0.221 libapr-1.so.0.7.0
#15 0.221 libaprutil-1.so.0
#15 0.221 libaprutil-1.so.0.6.1
#15 0.221 libapt-pkg.so.6.0
#15 0.221 libapt-pkg.so.6.0.0
#15 0.221 libapt-private.so.0.0
#15 0.221 libapt-private.so.0.0.0
#15 0.221 libarchive.a
#15 0.221 libarchive.so
#15 0.221 libarchive.so.13
#15 0.221 libarchive.so.13.6.0
#15 0.221 libargon2.so.1
#15 0.221 libarpack.a
#15 0.221 libarpack.so
#15 0.221 libarpack.so.2
#15 0.221 libarpack.so.2.1.0
#15 0.221 libasan.so.6
#15 0.221 libasan.so.6.0.0
#15 0.221 libasound.so.2
#15 0.221 libasound.so.2.0.0
#15 0.221 libaspell.so.15
#15 0.221 libaspell.so.15.3.1
#15 0.221 libass.so.9
#15 0.221 libass.so.9.1.3
#15 0.221 libassuan.so.0
#15 0.221 libassuan.so.0.8.5
#15 0.221 libasyncns.so.0
#15 0.221 libasyncns.so.0.3.1
#15 0.221 libatk-1.0.so.0
#15 0.221 libatk-1.0.so.0.23609.1
#15 0.221 libatk-bridge-2.0.so.0
#15 0.221 libatk-bridge-2.0.so.0.0.0
#15 0.221 libatlas.a
#15 0.221 libatlas.so
#15 0.221 libatlas.so.3
#15 0.221 libatlas.so.3.10.3
#15 0.221 libatomic.so.1
#15 0.221 libatomic.so.1.2.0
#15 0.221 libatspi.so.0
#15 0.221 libatspi.so.0.0.1
#15 0.221 libattr.so.1
#15 0.221 libattr.so.1.1.2501
#15 0.221 libaudit.so.1
#15 0.221 libaudit.so.1.0.0
#15 0.221 libavahi-client.so.3
#15 0.221 libavahi-client.so.3.2.9
#15 0.221 libavahi-common.so.3
#15 0.221 libavahi-common.so.3.5.4
#15 0.221 libavc1394.so.0
#15 0.221 libavc1394.so.0.3.0
#15 0.221 libavcodec.a
#15 0.221 libavcodec.so
#15 0.221 libavcodec.so.58
#15 0.221 libavcodec.so.58.134.100
#15 0.221 libavdevice.so.58
#15 0.221 libavdevice.so.58.13.100
#15 0.221 libavfilter.so.7
#15 0.221 libavfilter.so.7.110.100
#15 0.221 libavformat.a
#15 0.221 libavformat.so
#15 0.221 libavformat.so.58
#15 0.221 libavformat.so.58.76.100
#15 0.221 libavif.so.13
#15 0.221 libavif.so.13.0.0
#15 0.221 libavutil.a
#15 0.221 libavutil.so
#15 0.221 libavutil.so.56
#15 0.221 libavutil.so.56.70.100
#15 0.221 libbdplus.so.0
#15 0.221 libbdplus.so.0.2.0
#15 0.221 libbfd-2.38-system.so
#15 0.221 libblas.a
#15 0.221 libblas.so
#15 0.221 libblas.so.3
#15 0.221 libblkid.a
#15 0.221 libblkid.so
#15 0.221 libblkid.so.1
#15 0.221 libblkid.so.1.1.0
#15 0.221 libblosc.a
#15 0.221 libblosc.so
#15 0.221 libblosc.so.1
#15 0.221 libblosc.so.1.21.1
#15 0.221 libbluray.so.2
#15 0.221 libbluray.so.2.4.1
#15 0.221 libbnxt_re-rdmav34.a
#15 0.221 libbrotlicommon.a
#15 0.221 libbrotlicommon.so
#15 0.221 libbrotlicommon.so.1
#15 0.221 libbrotlicommon.so.1.0.9
#15 0.221 libbrotlidec.a
#15 0.221 libbrotlidec.so
#15 0.221 libbrotlidec.so.1
#15 0.221 libbrotlidec.so.1.0.9
#15 0.221 libbrotlienc.a
#15 0.221 libbrotlienc.so
#15 0.221 libbrotlienc.so.1
#15 0.221 libbrotlienc.so.1.0.9
#15 0.221 libbs2b.so.0
#15 0.221 libbs2b.so.0.0.0
#15 0.221 libbsd.so.0
#15 0.221 libbsd.so.0.11.5
#15 0.221 libbtf.a
#15 0.221 libbtf.so
#15 0.221 libbtf.so.1
#15 0.221 libbtf.so.1.2.6
#15 0.221 libbz2.so.1
#15 0.221 libbz2.so.1.0
#15 0.221 libbz2.so.1.0.4
#15 0.221 libc.a
#15 0.221 libc.so
#15 0.221 libc.so.6
#15 0.221 libc_malloc_debug.so
#15 0.221 libc_malloc_debug.so.0
#15 0.221 libc_nonshared.a
#15 0.221 libcaca++.so.0
#15 0.221 libcaca++.so.0.99.19
#15 0.221 libcaca.so.0
#15 0.221 libcaca.so.0.99.19
#15 0.221 libcaf_openmpi.so
#15 0.221 libcaf_openmpi.so.3
#15 0.221 libcairo-gobject.so.2
#15 0.221 libcairo-gobject.so.2.11600.0
#15 0.221 libcairo.so.2
#15 0.221 libcairo.so.2.11600.0
#15 0.221 libcamd.a
#15 0.221 libcamd.so
#15 0.221 libcamd.so.2
#15 0.221 libcamd.so.2.4.6
#15 0.221 libcap-ng.so.0
#15 0.221 libcap-ng.so.0.0.0
#15 0.221 libcap.so.2
#15 0.221 libcap.so.2.44
#15 0.221 libcblas.a
#15 0.221 libcblas.so
#15 0.221 libcblas.so.3
#15 0.221 libcblas.so.3.10.3
#15 0.221 libcbor.so.0.8
#15 0.221 libcbor.so.0.8.0
#15 0.221 libcc1.so.0
#15 0.221 libcc1.so.0.0.0
#15 0.221 libccolamd.a
#15 0.221 libccolamd.so
#15 0.221 libccolamd.so.2
#15 0.221 libccolamd.so.2.9.6
#15 0.221 libcdda_interface.so.0
#15 0.221 libcdda_interface.so.0.10.2
#15 0.221 libcdda_paranoia.so.0
#15 0.221 libcdda_paranoia.so.0.10.2
#15 0.221 libcdio.so.19
#15 0.221 libcdio.so.19.0.0
#15 0.221 libcdio_cdda.so.2
#15 0.221 libcdio_cdda.so.2.0.0
#15 0.221 libcdio_paranoia.so.2
#15 0.221 libcdio_paranoia.so.2.0.0
#15 0.221 libcfitsio.a
#15 0.221 libcfitsio.so
#15 0.221 libcfitsio.so.9
#15 0.221 libcfitsio.so.9.4.0.0
#15 0.221 libcharls.so
#15 0.221 libcharls.so.2
#15 0.221 libcharls.so.2.3.4
#15 0.221 libcheckpoint.so
#15 0.221 libcholmod.a
#15 0.221 libcholmod.so
#15 0.221 libcholmod.so.3
#15 0.221 libcholmod.so.3.0.14
#15 0.221 libchromaprint.so.1
#15 0.221 libchromaprint.so.1.5.1
#15 0.221 libclang-14.so
#15 0.221 libclang-14.so.1
#15 0.221 libclang-14.so.13
#15 0.221 libclang-14.so.14.0.0
#15 0.221 libclang-cpp.so.14
#15 0.221 libcodec2.so.1.0
#15 0.221 libcolamd.a
#15 0.221 libcolamd.so
#15 0.221 libcolamd.so.2
#15 0.221 libcolamd.so.2.9.6
#15 0.221 libcolord.so.2
#15 0.221 libcolord.so.2.0.5
#15 0.221 libcolordprivate.so.2
#15 0.221 libcolordprivate.so.2.0.5
#15 0.221 libcom_err.so.2
#15 0.221 libcom_err.so.2.1
#15 0.221 libcrypt.a
#15 0.221 libcrypt.so
#15 0.221 libcrypt.so.1
#15 0.221 libcrypt.so.1.1.0
#15 0.221 libcrypto.a
#15 0.221 libcrypto.so
#15 0.221 libcrypto.so.3
#15 0.221 libcryptsetup.so.12
#15 0.221 libcryptsetup.so.12.7.0
#15 0.221 libctf-nobfd.so.0
#15 0.221 libctf-nobfd.so.0.0.0
#15 0.221 libctf.so.0
#15 0.221 libctf.so.0.0.0
#15 0.221 libcublas.so
#15 0.221 libcublas.so.11
#15 0.221 libcublas.so.11.7.4.6
#15 0.221 libcublasLt.so
#15 0.221 libcublasLt.so.11
#15 0.221 libcublasLt.so.11.7.4.6
#15 0.221 libcublasLt_static.a
#15 0.221 libcublas_static.a
#15 0.221 libcuda.so
#15 0.221 libcuda.so.1
#15 0.221 libcuda.so.535.183.01
#15 0.221 libcudadebugger.so.1
#15 0.221 libcudadebugger.so.535.183.01
#15 0.221 libcudadevrt.a
#15 0.221 libcudart.so
#15 0.221 libcudart.so.11.0
#15 0.221 libcudart.so.11.5.117
#15 0.221 libcudart_static.a
#15 0.221 libcufft.so
#15 0.221 libcufft.so.10
#15 0.221 libcufft.so.10.6.0.107
#15 0.221 libcufft_static.a
#15 0.221 libcufft_static_nocallback.a
#15 0.221 libcufftw.so
#15 0.221 libcufftw.so.10
#15 0.221 libcufftw.so.10.6.0.107
#15 0.221 libcufftw_static.a
#15 0.221 libcufilt.a
#15 0.221 libcuinj64.so
#15 0.221 libcuinj64.so.11.5
#15 0.221 libcuinj64.so.11.5.114
#15 0.221 libculibos.a
#15 0.221 libcups.so.2
#15 0.221 libcupti.so
#15 0.221 libcupti.so.11.5
#15 0.221 libcupti.so.2021.3.1
#15 0.221 libcupti_static.a
#15 0.221 libcurand.so
#15 0.221 libcurand.so.10
#15 0.221 libcurand.so.10.2.7.107
#15 0.221 libcurand_static.a
#15 0.221 libcurl-gnutls.so.3
#15 0.221 libcurl-gnutls.so.4
#15 0.221 libcurl-gnutls.so.4.7.0
#15 0.221 libcurl.a
#15 0.221 libcurl.so
#15 0.221 libcurl.so.4
#15 0.221 libcurl.so.4.7.0
#15 0.221 libcurses.a
#15 0.221 libcurses.so
#15 0.221 libcusolver.so
#15 0.221 libcusolver.so.11
#15 0.221 libcusolver.so.11.3.2.107
#15 0.221 libcusolverMg.so
#15 0.221 libcusolverMg.so.11
#15 0.221 libcusolverMg.so.11.3.2.107
#15 0.221 libcusolver_static.a
#15 0.221 libcusparse.so
#15 0.221 libcusparse.so.11
#15 0.221 libcusparse.so.11.7.0.107
#15 0.221 libcusparse_static.a
#15 0.221 libcxgb4-rdmav34.a
#15 0.221 libcxsparse.a
#15 0.221 libcxsparse.so
#15 0.221 libcxsparse.so.3
#15 0.221 libcxsparse.so.3.2.0
#15 0.221 libdatrie.so.1
#15 0.221 libdatrie.so.1.4.0
#15 0.221 libdav1d.so
#15 0.221 libdav1d.so.5
#15 0.221 libdav1d.so.5.1.1
#15 0.221 libdb-5.3.so
#15 0.221 libdbus-1.so.3
#15 0.221 libdbus-1.so.3.19.13
#15 0.221 libdbus-glib-1.so.2
#15 0.221 libdbus-glib-1.so.2.3.5
#15 0.221 libdc1394.a
#15 0.221 libdc1394.so
#15 0.221 libdc1394.so.25
#15 0.221 libdc1394.so.25.0.0
#15 0.221 libdca.so.0
#15 0.221 libdca.so.0.0.0
#15 0.221 libdconf.so.1
#15 0.221 libdconf.so.1.0.0
#15 0.221 libde265.so
#15 0.221 libde265.so.0
#15 0.221 libde265.so.0.1.1
#15 0.221 libdebconfclient.so.0
#15 0.221 libdebconfclient.so.0.0.0
#15 0.221 libdecor
#15 0.221 libdecor-0.so.0
#15 0.221 libdecor-0.so.0.100.0
#15 0.221 libdeflate.a
#15 0.221 libdeflate.so
#15 0.221 libdeflate.so.0
#15 0.221 libdevmapper.so.1.02.1
#15 0.221 libdl.a
#15 0.221 libdl.so.2
#15 0.221 libdouble-conversion.a
#15 0.221 libdouble-conversion.so
#15 0.221 libdouble-conversion.so.3
#15 0.221 libdouble-conversion.so.3.1
#15 0.221 libdrm.a
#15 0.221 libdrm.so
#15 0.221 libdrm.so.2
#15 0.221 libdrm.so.2.4.0
#15 0.221 libdrm_amdgpu.a
#15 0.221 libdrm_amdgpu.so
#15 0.221 libdrm_amdgpu.so.1
#15 0.221 libdrm_amdgpu.so.1.0.0
#15 0.221 libdrm_intel.a
#15 0.221 libdrm_intel.so
#15 0.221 libdrm_intel.so.1
#15 0.221 libdrm_intel.so.1.0.0
#15 0.221 libdrm_nouveau.a
#15 0.221 libdrm_nouveau.so
#15 0.221 libdrm_nouveau.so.2
#15 0.221 libdrm_nouveau.so.2.0.0
#15 0.221 libdrm_radeon.a
#15 0.221 libdrm_radeon.so
#15 0.221 libdrm_radeon.so.1
#15 0.221 libdrm_radeon.so.1.0.1
#15 0.221 libdv.so.4
#15 0.221 libdv.so.4.0.3
#15 0.221 libdvdnav.so.4
#15 0.221 libdvdnav.so.4.3.0
#15 0.221 libdvdread.so.8
#15 0.221 libdvdread.so.8.0.0
#15 0.221 libdw-0.186.so
#15 0.221 libdw.a
#15 0.221 libdw.so
#15 0.221 libdw.so.1
#15 0.221 libe2p.so.2
#15 0.221 libe2p.so.2.3
#15 0.221 libedit.so.2
#15 0.221 libedit.so.2.0.68
#15 0.221 libefa.a
#15 0.221 libefa.so
#15 0.221 libefa.so.1
#15 0.221 libefa.so.1.1.39.0
#15 0.221 libelf-0.186.so
#15 0.221 libelf.a
#15 0.221 libelf.so
#15 0.221 libelf.so.1
#15 0.221 libenchant-2.so.2
#15 0.221 libenchant-2.so.2.3.2
#15 0.221 libepoxy.so.0
#15 0.221 libepoxy.so.0.0.0
#15 0.221 libevdev.so.2
#15 0.221 libevdev.so.2.3.0
#15 0.221 libevent-2.1.so.7
#15 0.221 libevent-2.1.so.7.0.1
#15 0.221 libevent.a
#15 0.221 libevent.so
#15 0.221 libevent_core-2.1.so.7
#15 0.221 libevent_core-2.1.so.7.0.1
#15 0.221 libevent_core.a
#15 0.221 libevent_core.so
#15 0.221 libevent_extra-2.1.so.7
#15 0.221 libevent_extra-2.1.so.7.0.1
#15 0.221 libevent_extra.a
#15 0.221 libevent_extra.so
#15 0.221 libevent_openssl-2.1.so.7
#15 0.221 libevent_openssl-2.1.so.7.0.1
#15 0.221 libevent_openssl.a
#15 0.221 libevent_openssl.so
#15 0.221 libevent_pthreads-2.1.so.7
#15 0.221 libevent_pthreads-2.1.so.7.0.1
#15 0.221 libevent_pthreads.a
#15 0.221 libevent_pthreads.so
#15 0.221 libexif.a
#15 0.221 libexif.so
#15 0.221 libexif.so.12
#15 0.221 libexif.so.12.3.4
#15 0.221 libexpat.a
#15 0.221 libexpat.so
#15 0.221 libexpat.so.1
#15 0.221 libexpat.so.1.8.7
#15 0.221 libexpatw.a
#15 0.221 libexpatw.so
#15 0.221 libexpatw.so.1
#15 0.221 libexpatw.so.1.8.7
#15 0.221 libexslt.so.0
#15 0.221 libexslt.so.0.8.20
#15 0.221 libext2fs.so.2
#15 0.221 libext2fs.so.2.4
#15 0.221 libf77blas.a
#15 0.221 libf77blas.so
#15 0.221 libf77blas.so.3
#15 0.221 libf77blas.so.3.10.3
#15 0.221 libfaad.so.2
#15 0.221 libfaad.so.2.0.0
#15 0.221 libfaad_drm.so.2
#15 0.221 libfaad_drm.so.2.0.0
#15 0.221 libfabric.so.1
#15 0.221 libfabric.so.1.14.0
#15 0.221 libfakeroot
#15 0.221 libfcgi++.so.0
#15 0.221 libfcgi++.so.0.0.0
#15 0.221 libfcgi.so.0
#15 0.221 libfcgi.so.0.0.0
#15 0.221 libffi.a
#15 0.221 libffi.so
#15 0.221 libffi.so.7
#15 0.221 libffi.so.7.1.0
#15 0.221 libffi.so.8
#15 0.221 libffi.so.8.1.0
#15 0.221 libffi_pic.a
#15 0.221 libfido2.so.1
#15 0.221 libfido2.so.1.10.0
#15 0.221 libflite.so.1
#15 0.221 libflite.so.2.2
#15 0.221 libflite_cmu_grapheme_lang.so.1
#15 0.221 libflite_cmu_grapheme_lang.so.2.2
#15 0.221 libflite_cmu_grapheme_lex.so.1
#15 0.221 libflite_cmu_grapheme_lex.so.2.2
#15 0.221 libflite_cmu_indic_lang.so.1
#15 0.221 libflite_cmu_indic_lang.so.2.2
#15 0.221 libflite_cmu_indic_lex.so.1
#15 0.221 libflite_cmu_indic_lex.so.2.2
#15 0.221 libflite_cmu_time_awb.so.1
#15 0.221 libflite_cmu_time_awb.so.2.2
#15 0.221 libflite_cmu_us_awb.so.1
#15 0.221 libflite_cmu_us_awb.so.2.2
#15 0.221 libflite_cmu_us_kal.so.1
#15 0.221 libflite_cmu_us_kal.so.2.2
#15 0.221 libflite_cmu_us_kal16.so.1
#15 0.221 libflite_cmu_us_kal16.so.2.2
#15 0.221 libflite_cmu_us_rms.so.1
#15 0.221 libflite_cmu_us_rms.so.2.2
#15 0.221 libflite_cmu_us_slt.so.1
#15 0.221 libflite_cmu_us_slt.so.2.2
#15 0.221 libflite_cmulex.so.1
#15 0.221 libflite_cmulex.so.2.2
#15 0.221 libflite_usenglish.so.1
#15 0.221 libflite_usenglish.so.2.2
#15 0.221 libfluidsynth.so.3
#15 0.221 libfluidsynth.so.3.0.5
#15 0.221 libfontconfig.a
#15 0.221 libfontconfig.so
#15 0.221 libfontconfig.so.1
#15 0.221 libfontconfig.so.1.12.0
#15 0.221 libfontenc.so.1
#15 0.221 libfontenc.so.1.0.0
#15 0.221 libform.a
#15 0.221 libform.so
#15 0.221 libform.so.6
#15 0.221 libform.so.6.3
#15 0.221 libformw.a
#15 0.221 libformw.so
#15 0.221 libformw.so.6
#15 0.221 libformw.so.6.3
#15 0.221 libfreeaptx.so.0
#15 0.221 libfreeaptx.so.0.1.1
#15 0.221 libfreebl3.chk
#15 0.221 libfreebl3.so
#15 0.221 libfreeblpriv3.chk
#15 0.221 libfreeblpriv3.so
#15 0.221 libfreeimage-3.18.0.so
#15 0.221 libfreeimage.so.3
#15 0.221 libfreetype.a
#15 0.221 libfreetype.so
#15 0.221 libfreetype.so.6
#15 0.221 libfreetype.so.6.18.1
#15 0.221 libfreexl.a
#15 0.221 libfreexl.so
#15 0.221 libfreexl.so.1
#15 0.221 libfreexl.so.1.1.0
#15 0.221 libfribidi.so.0
#15 0.221 libfribidi.so.0.4.0
#15 0.221 libfyba.a
#15 0.221 libfyba.so
#15 0.221 libfyba.so.0
#15 0.221 libfyba.so.0.0.0
#15 0.221 libfygm.a
#15 0.221 libfygm.so
#15 0.221 libfygm.so.0
#15 0.221 libfygm.so.0.0.0
#15 0.221 libfyut.a
#15 0.221 libfyut.so
#15 0.221 libfyut.so.0
#15 0.221 libfyut.so.0.0.0
#15 0.221 libg.a
#15 0.221 libgav1.so.0
#15 0.221 libgav1.so.0.0.1
#15 0.221 libgbm.so
#15 0.221 libgbm.so.1
#15 0.221 libgbm.so.1.0.0
#15 0.221 libgc.so.1
#15 0.221 libgc.so.1.4.4
#15 0.221 libgcc_s.so.1
#15 0.221 libgccpp.so.1
#15 0.221 libgccpp.so.1.4.1
#15 0.221 libgcrypt.so.20
#15 0.221 libgcrypt.so.20.3.4
#15 0.221 libgd.so.3
#15 0.221 libgd.so.3.0.8
#15 0.221 libgdbm.so.6
#15 0.221 libgdbm.so.6.0.0
#15 0.221 libgdbm_compat.so.4
#15 0.221 libgdbm_compat.so.4.0.0
#15 0.221 libgdk-3.so.0
#15 0.221 libgdk-3.so.0.2404.29
#15 0.221 libgdk_pixbuf-2.0.so.0
#15 0.221 libgdk_pixbuf-2.0.so.0.4200.8
#15 0.221 libgeos.so.3.10.2
#15 0.221 libgeos_c.so
#15 0.221 libgeos_c.so.1
#15 0.221 libgeos_c.so.1.16.0
#15 0.221 libgeotiff.a
#15 0.221 libgeotiff.so
#15 0.221 libgeotiff.so.5
#15 0.221 libgeotiff.so.5.2.0
#15 0.221 libgflags.a
#15 0.221 libgflags.so
#15 0.221 libgflags.so.2.2
#15 0.221 libgflags.so.2.2.2
#15 0.221 libgflags_nothreads.a
#15 0.221 libgflags_nothreads.so
#15 0.221 libgflags_nothreads.so.2.2
#15 0.221 libgflags_nothreads.so.2.2.2
#15 0.221 libgfortran.so.5
#15 0.221 libgfortran.so.5.0.0
#15 0.221 libgif.a
#15 0.221 libgif.so
#15 0.221 libgif.so.7
#15 0.221 libgif.so.7.1.0
#15 0.221 libgio-2.0.a
#15 0.221 libgio-2.0.so
#15 0.221 libgio-2.0.so.0
#15 0.221 libgio-2.0.so.0.7200.4
#15 0.221 libgirepository-1.0.so.1
#15 0.221 libgirepository-1.0.so.1.0.0
#15 0.221 libgl2ps.so
#15 0.221 libgl2ps.so.1.4
#15 0.221 libgl2ps.so.1.4.2
#15 0.221 libglapi.so.0
#15 0.221 libglapi.so.0.0.0
#15 0.221 libglib-2.0.a
#15 0.221 libglib-2.0.so
#15 0.221 libglib-2.0.so.0
#15 0.221 libglib-2.0.so.0.7200.4
#15 0.221 libglog.a
#15 0.221 libglog.so
#15 0.221 libglog.so.0
#15 0.221 libglog.so.0.4.0
#15 0.221 libgme.so.0
#15 0.221 libgme.so.0.6.3
#15 0.221 libgmodule-2.0.a
#15 0.221 libgmodule-2.0.so
#15 0.221 libgmodule-2.0.so.0
#15 0.221 libgmodule-2.0.so.0.7200.4
#15 0.221 libgmp.so.10
#15 0.221 libgmp.so.10.4.1
#15 0.221 libgnutls.so.30
#15 0.221 libgnutls.so.30.31.0
#15 0.221 libgobject-2.0.a
#15 0.221 libgobject-2.0.so
#15 0.221 libgobject-2.0.so.0
#15 0.221 libgobject-2.0.so.0.7200.4
#15 0.221 libgomp.so.1
#15 0.221 libgomp.so.1.0.0
#15 0.221 libgpg-error.so.0
#15 0.221 libgpg-error.so.0.32.1
#15 0.221 libgphoto2
#15 0.221 libgphoto2.so
#15 0.221 libgphoto2.so.6
#15 0.221 libgphoto2.so.6.1.0
#15 0.221 libgphoto2_port
#15 0.221 libgphoto2_port.so
#15 0.221 libgphoto2_port.so.12
#15 0.221 libgphoto2_port.so.12.0.0
#15 0.221 libgpm.so.2
#15 0.221 libgraphblas.so
#15 0.221 libgraphblas.so.6
#15 0.221 libgraphblas.so.6.1.4
#15 0.221 libgraphene-1.0.so.0
#15 0.221 libgraphene-1.0.so.0.1000.8
#15 0.221 libgraphite2.so
#15 0.221 libgraphite2.so.2.0.0
#15 0.221 libgraphite2.so.3
#15 0.221 libgraphite2.so.3.2.1
#15 0.221 libgsm.so.1
#15 0.221 libgsm.so.1.0.19
#15 0.221 libgssapi_krb5.so.2
#15 0.221 libgssapi_krb5.so.2.2
#15 0.221 libgssdp-1.2.so.0
#15 0.221 libgssdp-1.2.so.0.104.0
#15 0.221 libgstadaptivedemux-1.0.so.0
#15 0.221 libgstadaptivedemux-1.0.so.0.2003.0
#15 0.221 libgstallocators-1.0.so
#15 0.221 libgstallocators-1.0.so.0
#15 0.221 libgstallocators-1.0.so.0.2001.0
#15 0.221 libgstapp-1.0.so
#15 0.221 libgstapp-1.0.so.0
#15 0.221 libgstapp-1.0.so.0.2001.0
#15 0.221 libgstaudio-1.0.so
#15 0.221 libgstaudio-1.0.so.0
#15 0.221 libgstaudio-1.0.so.0.2001.0
#15 0.221 libgstbadaudio-1.0.so.0
#15 0.221 libgstbadaudio-1.0.so.0.2003.0
#15 0.221 libgstbase-1.0.so
#15 0.221 libgstbase-1.0.so.0
#15 0.221 libgstbase-1.0.so.0.2003.0
#15 0.221 libgstbasecamerabinsrc-1.0.so.0
#15 0.221 libgstbasecamerabinsrc-1.0.so.0.2003.0
#15 0.221 libgstcheck-1.0.so
#15 0.221 libgstcheck-1.0.so.0
#15 0.221 libgstcheck-1.0.so.0.2003.0
#15 0.221 libgstcodecparsers-1.0.so.0
#15 0.221 libgstcodecparsers-1.0.so.0.2003.0
#15 0.221 libgstcodecs-1.0.so.0
#15 0.221 libgstcodecs-1.0.so.0.2003.0
#15 0.221 libgstcontroller-1.0.so
#15 0.221 libgstcontroller-1.0.so.0
#15 0.221 libgstcontroller-1.0.so.0.2003.0
#15 0.221 libgstfft-1.0.so
#15 0.221 libgstfft-1.0.so.0
#15 0.221 libgstfft-1.0.so.0.2001.0
#15 0.221 libgstgl-1.0.so
#15 0.221 libgstgl-1.0.so.0
#15 0.221 libgstgl-1.0.so.0.2001.0
#15 0.221 libgstinsertbin-1.0.so.0
#15 0.221 libgstinsertbin-1.0.so.0.2003.0
#15 0.221 libgstisoff-1.0.so.0
#15 0.221 libgstisoff-1.0.so.0.2003.0
#15 0.221 libgstmpegts-1.0.so.0
#15 0.221 libgstmpegts-1.0.so.0.2003.0
#15 0.221 libgstnet-1.0.so
#15 0.221 libgstnet-1.0.so.0
#15 0.221 libgstnet-1.0.so.0.2003.0
#15 0.221 libgstpbutils-1.0.so
#15 0.221 libgstpbutils-1.0.so.0
#15 0.221 libgstpbutils-1.0.so.0.2001.0
#15 0.221 libgstphotography-1.0.so.0
#15 0.221 libgstphotography-1.0.so.0.2003.0
#15 0.221 libgstplay-1.0.so.0
#15 0.221 libgstplay-1.0.so.0.2003.0
#15 0.221 libgstplayer-1.0.so.0
#15 0.221 libgstplayer-1.0.so.0.2003.0
#15 0.221 libgstreamer-1.0.so
#15 0.221 libgstreamer-1.0.so.0
#15 0.221 libgstreamer-1.0.so.0.2003.0
#15 0.221 libgstriff-1.0.so
#15 0.221 libgstriff-1.0.so.0
#15 0.221 libgstriff-1.0.so.0.2001.0
#15 0.221 libgstrtp-1.0.so
#15 0.221 libgstrtp-1.0.so.0
#15 0.221 libgstrtp-1.0.so.0.2001.0
#15 0.221 libgstrtsp-1.0.so
#15 0.221 libgstrtsp-1.0.so.0
#15 0.221 libgstrtsp-1.0.so.0.2001.0
#15 0.221 libgstsctp-1.0.so.0
#15 0.221 libgstsctp-1.0.so.0.2003.0
#15 0.221 libgstsdp-1.0.so
#15 0.221 libgstsdp-1.0.so.0
#15 0.221 libgstsdp-1.0.so.0.2001.0
#15 0.221 libgsttag-1.0.so
#15 0.221 libgsttag-1.0.so.0
#15 0.221 libgsttag-1.0.so.0.2001.0
#15 0.221 libgsttranscoder-1.0.so.0
#15 0.221 libgsturidownloader-1.0.so.0
#15 0.221 libgsturidownloader-1.0.so.0.2003.0
#15 0.221 libgstva-1.0.so.0
#15 0.221 libgstva-1.0.so.0.2003.0
#15 0.221 libgstvideo-1.0.so
#15 0.221 libgstvideo-1.0.so.0
#15 0.221 libgstvideo-1.0.so.0.2001.0
#15 0.221 libgstwayland-1.0.so.0
#15 0.221 libgstwayland-1.0.so.0.2003.0
#15 0.221 libgstwebrtc-1.0.so.0
#15 0.221 libgstwebrtc-1.0.so.0.2003.0
#15 0.221 libgthread-2.0.a
#15 0.221 libgthread-2.0.so
#15 0.221 libgthread-2.0.so.0
#15 0.221 libgthread-2.0.so.0.7200.4
#15 0.221 libgtk-3-0
#15 0.221 libgtk-3.so.0
#15 0.221 libgtk-3.so.0.2404.29
#15 0.221 libgudev-1.0.so
#15 0.221 libgudev-1.0.so.0
#15 0.221 libgudev-1.0.so.0.3.0
#15 0.221 libgupnp-1.2.so.1
#15 0.221 libgupnp-1.2.so.1.104.3
#15 0.221 libgupnp-igd-1.0.so.4
#15 0.221 libgupnp-igd-1.0.so.4.2.1
#15 0.221 libharfbuzz-gobject.a
#15 0.221 libharfbuzz-gobject.so
#15 0.221 libharfbuzz-gobject.so.0
#15 0.221 libharfbuzz-gobject.so.0.20704.0
#15 0.221 libharfbuzz-icu.a
#15 0.221 libharfbuzz-icu.so
#15 0.221 libharfbuzz-icu.so.0
#15 0.221 libharfbuzz-icu.so.0.20704.0
#15 0.221 libharfbuzz.a
#15 0.221 libharfbuzz.so
#15 0.221 libharfbuzz.so.0
#15 0.221 libharfbuzz.so.0.20704.0
#15 0.221 libhdf5_cpp.so.103
#15 0.221 libhdf5_hl_cpp.so.100
#15 0.221 libhdf5_openmpi.a
#15 0.221 libhdf5_openmpi.settings
#15 0.221 libhdf5_openmpi.so
#15 0.221 libhdf5_openmpi.so.103
#15 0.221 libhdf5_openmpi.so.103.3.0
#15 0.221 libhdf5_openmpi_cpp.a
#15 0.221 libhdf5_openmpi_cpp.so
#15 0.221 libhdf5_openmpi_cpp.so.103
#15 0.221 libhdf5_openmpi_cpp.so.103.3.0
#15 0.221 libhdf5_openmpi_fortran.a
#15 0.221 libhdf5_openmpi_fortran.so
#15 0.221 libhdf5_openmpi_fortran.so.102
#15 0.221 libhdf5_openmpi_fortran.so.102.1.0
#15 0.221 libhdf5_openmpi_hl.a
#15 0.221 libhdf5_openmpi_hl.so
#15 0.221 libhdf5_openmpi_hl.so.100
#15 0.221 libhdf5_openmpi_hl.so.100.1.4
#15 0.221 libhdf5_openmpi_hl_cpp.a
#15 0.221 libhdf5_openmpi_hl_cpp.so
#15 0.221 libhdf5_openmpi_hl_cpp.so.100
#15 0.221 libhdf5_openmpi_hl_cpp.so.100.1.5
#15 0.221 libhdf5_openmpihl_fortran.a
#15 0.221 libhdf5_openmpihl_fortran.so
#15 0.221 libhdf5_openmpihl_fortran.so.100
#15 0.221 libhdf5_openmpihl_fortran.so.100.0.6
#15 0.221 libhdf5_serial.a
#15 0.221 libhdf5_serial.settings
#15 0.221 libhdf5_serial.so
#15 0.221 libhdf5_serial.so.103
#15 0.221 libhdf5_serial.so.103.3.0
#15 0.221 libhdf5_serial_cpp.a
#15 0.221 libhdf5_serial_cpp.so
#15 0.221 libhdf5_serial_cpp.so.103
#15 0.221 libhdf5_serial_cpp.so.103.3.0
#15 0.221 libhdf5_serial_fortran.a
#15 0.221 libhdf5_serial_fortran.so
#15 0.221 libhdf5_serial_fortran.so.102
#15 0.221 libhdf5_serial_fortran.so.102.1.0
#15 0.221 libhdf5_serial_hl.a
#15 0.221 libhdf5_serial_hl.so
#15 0.221 libhdf5_serial_hl.so.100
#15 0.221 libhdf5_serial_hl.so.100.1.4
#15 0.221 libhdf5_serial_hl_cpp.a
#15 0.221 libhdf5_serial_hl_cpp.so
#15 0.221 libhdf5_serial_hl_cpp.so.100
#15 0.221 libhdf5_serial_hl_cpp.so.100.1.5
#15 0.221 libhdf5_serialhl_fortran.a
#15 0.221 libhdf5_serialhl_fortran.so
#15 0.221 libhdf5_serialhl_fortran.so.100
#15 0.221 libhdf5_serialhl_fortran.so.100.0.6
#15 0.221 libheif.so
#15 0.221 libheif.so.1
#15 0.221 libheif.so.1.12.0
#15 0.221 libhfi1verbs-rdmav34.a
#15 0.221 libhistory.so.8
#15 0.221 libhistory.so.8.1
#15 0.221 libhns-rdmav34.a
#15 0.221 libhogweed.so.6
#15 0.221 libhogweed.so.6.4
#15 0.221 libhunspell-1.7.so.0
#15 0.221 libhunspell-1.7.so.0.0.1
#15 0.221 libhwloc.a
#15 0.221 libhwloc.so
#15 0.221 libhwloc.so.15
#15 0.221 libhwloc.so.15.5.2
#15 0.221 libhyphen.so.0
#15 0.221 libhyphen.so.0.3.0
#15 0.221 libibverbs
#15 0.221 libibverbs.a
#15 0.221 libibverbs.so
#15 0.221 libibverbs.so.1
#15 0.221 libibverbs.so.1.14.39.0
#15 0.221 libicudata.a
#15 0.221 libicudata.so
#15 0.221 libicudata.so.70
#15 0.221 libicudata.so.70.1
#15 0.221 libicui18n.a
#15 0.221 libicui18n.so
#15 0.221 libicui18n.so.70
#15 0.221 libicui18n.so.70.1
#15 0.221 libicuio.a
#15 0.221 libicuio.so
#15 0.221 libicuio.so.70
#15 0.221 libicuio.so.70.1
#15 0.221 libicutest.a
#15 0.221 libicutest.so
#15 0.221 libicutest.so.70
#15 0.221 libicutest.so.70.1
#15 0.221 libicutu.a
#15 0.221 libicutu.so
#15 0.221 libicutu.so.70
#15 0.221 libicutu.so.70.1
#15 0.221 libicuuc.a
#15 0.221 libicuuc.so
#15 0.221 libicuuc.so.70
#15 0.221 libicuuc.so.70.1
#15 0.221 libidn2.so.0
#15 0.221 libidn2.so.0.3.7
#15 0.221 libiec61883.so.0
#15 0.221 libiec61883.so.0.1.1
#15 0.221 libigdgmm.so.12
#15 0.221 libigdgmm.so.12.1.0
#15 0.221 libinfinipath.so.4
#15 0.221 libinfinipath.so.4.0
#15 0.221 libinput.so.10
#15 0.221 libinput.so.10.13.0
#15 0.221 libinstpatch-1.0.so.2
#15 0.221 libinstpatch-1.0.so.2.2.0
#15 0.221 libip4tc.so.2
#15 0.221 libip4tc.so.2.0.0
#15 0.221 libipathverbs-rdmav34.a
#15 0.221 libirdma-rdmav34.a
#15 0.221 libisl.so.23
#15 0.221 libisl.so.23.1.0
#15 0.221 libitm.so.1
#15 0.221 libitm.so.1.0.0
#15 0.221 libjack.so.0
#15 0.221 libjack.so.0.1.0
#15 0.221 libjacknet.so.0
#15 0.221 libjacknet.so.0.1.0
#15 0.221 libjackserver.so.0
#15 0.221 libjackserver.so.0.1.0
#15 0.221 libjansson.so.4
#15 0.221 libjansson.so.4.13.0
#15 0.221 libjbig.a
#15 0.221 libjbig.so
#15 0.221 libjbig.so.0
#15 0.221 libjpeg.a
#15 0.221 libjpeg.so
#15 0.221 libjpeg.so.8
#15 0.221 libjpeg.so.8.2.2
#15 0.221 libjpegxr.so.0
#15 0.221 libjpegxr.so.1.2
#15 0.221 libjson-c.a
#15 0.221 libjson-c.so
#15 0.221 libjson-c.so.5
#15 0.221 libjson-c.so.5.1.0
#15 0.221 libjson-glib-1.0.so.0
#15 0.221 libjson-glib-1.0.so.0.600.6
#15 0.221 libjsoncpp.so
#15 0.221 libjsoncpp.so.1.9.5
#15 0.221 libjsoncpp.so.25
#15 0.221 libjxrglue.so.0
#15 0.221 libjxrglue.so.1.2
#15 0.221 libk5crypto.so.3
#15 0.221 libk5crypto.so.3.1
#15 0.221 libkate.so.1
#15 0.221 libkate.so.1.3.0
#15 0.221 libkeyutils.so.1
#15 0.221 libkeyutils.so.1.9
#15 0.221 libklu.a
#15 0.221 libklu.so
#15 0.221 libklu.so.1
#15 0.221 libklu.so.1.3.8
#15 0.221 libkmlbase.so
#15 0.221 libkmlbase.so.1
#15 0.221 libkmlbase.so.1.3.0
#15 0.221 libkmlconvenience.so
#15 0.221 libkmlconvenience.so.1
#15 0.221 libkmlconvenience.so.1.3.0
#15 0.221 libkmldom.so
#15 0.221 libkmldom.so.1
#15 0.221 libkmldom.so.1.3.0
#15 0.221 libkmlengine.so
#15 0.221 libkmlengine.so.1
#15 0.221 libkmlengine.so.1.3.0
#15 0.221 libkmlregionator.so
#15 0.221 libkmlregionator.so.1
#15 0.221 libkmlregionator.so.1.3.0
#15 0.221 libkmlxsd.so
#15 0.221 libkmlxsd.so.1
#15 0.221 libkmlxsd.so.1.3.0
#15 0.221 libkmod.so.2
#15 0.221 libkmod.so.2.3.7
#15 0.221 libkrb5.so.3
#15 0.221 libkrb5.so.3.3
#15 0.221 libkrb5support.so.0
#15 0.221 libkrb5support.so.0.1
#15 0.221 libksba.so.8
#15 0.221 libksba.so.8.14.0
#15 0.221 liblapack.a
#15 0.221 liblapack.so
#15 0.221 liblapack.so.3
#15 0.221 liblapack_atlas.a
#15 0.221 liblapack_atlas.so
#15 0.221 liblapack_atlas.so.3
#15 0.221 liblapack_atlas.so.3.10.3
#15 0.221 liblapack_static.a
#15 0.221 liblapacke.a
#15 0.221 liblapacke.so
#15 0.221 liblapacke.so.3
#15 0.221 liblapacke.so.3.10.0
#15 0.221 liblber-2.5.so.0
#15 0.221 liblber-2.5.so.0.1.13
#15 0.221 liblcms2.so.2
#15 0.221 liblcms2.so.2.0.12
#15 0.221 libldacBT_enc.so.2
#15 0.221 libldacBT_enc.so.2.0.2
#15 0.221 libldap-2.5.so.0
#15 0.221 libldap-2.5.so.0.1.13
#15 0.221 libldl.a
#15 0.221 libldl.so
#15 0.221 libldl.so.2
#15 0.221 libldl.so.2.2.6
#15 0.221 liblept.a
#15 0.221 liblept.so
#15 0.221 liblept.so.5
#15 0.221 liblept.so.5.0.4
#15 0.221 libleptonica.a
#15 0.221 libleptonica.so
#15 0.221 liblilv-0.so.0
#15 0.221 liblilv-0.so.0.24.12
#15 0.221 liblsan.so.0
#15 0.221 liblsan.so.0.0.0
#15 0.221 libltc.so.11
#15 0.221 libltc.so.11.1.0
#15 0.221 libltdl.a
#15 0.221 libltdl.so
#15 0.221 libltdl.so.7
#15 0.221 libltdl.so.7.3.1
#15 0.221 liblua5.3-c++.so.0
#15 0.221 liblua5.3-c++.so.0.0.0
#15 0.221 liblua5.3.so.0
#15 0.221 liblua5.3.so.0.0.0
#15 0.221 liblz4.a
#15 0.221 liblz4.so
#15 0.221 liblz4.so.1
#15 0.221 liblz4.so.1.9.3
#15 0.221 liblzma.a
#15 0.221 liblzma.so
#15 0.221 liblzma.so.5
#15 0.221 liblzma.so.5.2.5
#15 0.221 libm-2.35.a
#15 0.221 libm.a
#15 0.221 libm.so
#15 0.221 libm.so.6
#15 0.221 libmagic.so.1
#15 0.221 libmagic.so.1.0.0
#15 0.221 libmanette-0.2.so.0
#15 0.221 libmca_common_monitoring.so
#15 0.221 libmca_common_monitoring.so.50
#15 0.221 libmca_common_monitoring.so.50.20.0
#15 0.221 libmca_common_ofi.so
#15 0.221 libmca_common_ofi.so.10
#15 0.221 libmca_common_ofi.so.10.0.2
#15 0.221 libmca_common_ompio.so
#15 0.221 libmca_common_ompio.so.41
#15 0.221 libmca_common_ompio.so.41.29.2
#15 0.221 libmca_common_sm.so
#15 0.221 libmca_common_sm.so.40
#15 0.221 libmca_common_sm.so.40.30.0
#15 0.221 libmca_common_ucx.so
#15 0.221 libmca_common_ucx.so.40
#15 0.221 libmca_common_ucx.so.40.30.1
#15 0.221 libmca_common_verbs.so
#15 0.221 libmca_common_verbs.so.40
#15 0.221 libmca_common_verbs.so.40.30.0
#15 0.221 libmcheck.a
#15 0.221 libmd.so.0
#15 0.221 libmd.so.0.0.5
#15 0.221 libmd4c.so.0
#15 0.221 libmd4c.so.0.4.8
#15 0.221 libmemusage.so
#15 0.221 libmenu.a
#15 0.221 libmenu.so
#15 0.221 libmenu.so.6
#15 0.221 libmenu.so.6.3
#15 0.221 libmenuw.a
#15 0.221 libmenuw.so
#15 0.221 libmenuw.so.6
#15 0.221 libmenuw.so.6.3
#15 0.221 libmetis.so.5
#15 0.221 libmetis.so.5.1.0
#15 0.221 libmetis_static.a
#15 0.221 libmfx-tracer.so.1
#15 0.221 libmfx-tracer.so.1.35
#15 0.221 libmfx.so.1
#15 0.221 libmfx.so.1.35
#15 0.221 libmfxhw64.so.1
#15 0.221 libmfxhw64.so.1.35
#15 0.221 libminizip.a
#15 0.221 libminizip.so
#15 0.221 libminizip.so.1
#15 0.221 libminizip.so.1.0.0
#15 0.221 libmjpegutils-2.1.so.0
#15 0.221 libmjpegutils-2.1.so.0.0.0
#15 0.221 libmlx4.a
#15 0.221 libmlx4.so
#15 0.221 libmlx4.so.1
#15 0.221 libmlx4.so.1.0.39.0
#15 0.221 libmlx5.a
#15 0.221 libmlx5.so
#15 0.221 libmlx5.so.1
#15 0.221 libmlx5.so.1.22.39.0
#15 0.221 libmodplug.so.1
#15 0.221 libmodplug.so.1.0.0
#15 0.221 libmongoose.a
#15 0.221 libmongoose.so
#15 0.221 libmongoose.so.2
#15 0.221 libmongoose.so.2.0.4
#15 0.221 libmount.so
#15 0.221 libmount.so.1
#15 0.221 libmount.so.1.1.0
#15 0.221 libmp3lame.so.0
#15 0.221 libmp3lame.so.0.0.0
#15 0.221 libmpc.so.3
#15 0.221 libmpc.so.3.2.1
#15 0.221 libmpcdec.so.6
#15 0.221 libmpcdec.so.6.1.0
#15 0.221 libmpdec++.so.2.5.1
#15 0.221 libmpdec++.so.3
#15 0.221 libmpdec.so.2.5.1
#15 0.221 libmpdec.so.3
#15 0.221 libmpeg2encpp-2.1.so.0
#15 0.221 libmpeg2encpp-2.1.so.0.0.0
#15 0.221 libmpfr.so.6
#15 0.221 libmpfr.so.6.1.0
#15 0.221 libmpg123.so.0
#15 0.221 libmpg123.so.0.46.7
#15 0.221 libmpi++.so
#15 0.221 libmpi.so
#15 0.221 libmpi.so.40
#15 0.221 libmpi.so.40.30.2
#15 0.221 libmpi_cxx.so
#15 0.221 libmpi_cxx.so.40
#15 0.221 libmpi_cxx.so.40.30.1
#15 0.221 libmpi_java.so
#15 0.221 libmpi_java.so.40
#15 0.221 libmpi_java.so.40.30.0
#15 0.221 libmpi_mpifh-gfortran.so
#15 0.221 libmpi_mpifh-gfortran.so.40
#15 0.221 libmpi_mpifh-gfortran.so.40.30.0
#15 0.221 libmpi_mpifh.so
#15 0.221 libmpi_mpifh.so.40
#15 0.221 libmpi_mpifh.so.40.30.0
#15 0.221 libmpi_usempi_ignore_tkr-gfortran.so
#15 0.221 libmpi_usempi_ignore_tkr-gfortran.so.40
#15 0.221 libmpi_usempi_ignore_tkr-gfortran.so.40.30.0
#15 0.221 libmpi_usempi_ignore_tkr.so
#15 0.221 libmpi_usempi_ignore_tkr.so.40
#15 0.221 libmpi_usempi_ignore_tkr.so.40.30.0
#15 0.221 libmpi_usempif08-gfortran.so
#15 0.221 libmpi_usempif08-gfortran.so.40
#15 0.221 libmpi_usempif08-gfortran.so.40.30.0
#15 0.221 libmpi_usempif08.so
#15 0.221 libmpi_usempif08.so.40
#15 0.221 libmpi_usempif08.so.40.30.0
#15 0.221 libmplex2-2.1.so.0
#15 0.221 libmplex2-2.1.so.0.0.0
#15 0.221 libmtdev.so.1
#15 0.221 libmtdev.so.1.0.0
#15 0.221 libmthca-rdmav34.a
#15 0.221 libmvec.a
#15 0.221 libmvec.so
#15 0.221 libmvec.so.1
#15 0.221 libmysofa.so.1
#15 0.221 libmysofa.so.1.1.0
#15 0.221 libmysqlclient.a
#15 0.221 libmysqlclient.so
#15 0.221 libmysqlclient.so.21
#15 0.221 libmysqlclient.so.21.2.40
#15 0.221 libmysqlservices.a
#15 0.221 libncurses++.a
#15 0.221 libncurses++w.a
#15 0.221 libncurses.a
#15 0.221 libncurses.so
#15 0.221 libncurses.so.6
#15 0.221 libncurses.so.6.3
#15 0.221 libncursesw.a
#15 0.221 libncursesw.so
#15 0.221 libncursesw.so.6
#15 0.221 libncursesw.so.6.3
#15 0.221 libnetcdf.settings
#15 0.221 libnetcdf.so
#15 0.221 libnetcdf.so.19
#15 0.221 libnetcdf_c++.a
#15 0.221 libnetcdf_c++.so
#15 0.221 libnetcdf_c++.so.4
#15 0.221 libnetcdf_c++.so.4.2.0
#15 0.221 libnettle.so.8
#15 0.221 libnettle.so.8.4
#15 0.221 libnghttp2.so.14
#15 0.221 libnghttp2.so.14.20.1
#15 0.221 libnice.so.10
#15 0.221 libnice.so.10.11.0
#15 0.221 libnl-3.a
#15 0.221 libnl-3.so
#15 0.221 libnl-3.so.200
#15 0.221 libnl-3.so.200.26.0
#15 0.221 libnl-route-3.a
#15 0.221 libnl-route-3.so
#15 0.221 libnl-route-3.so.200
#15 0.221 libnl-route-3.so.200.26.0
#15 0.221 libnorm.so.1
#15 0.221 libnotify.so.4
#15 0.221 libnotify.so.4.0.0
#15 0.221 libnppc.so
#15 0.221 libnppc.so.11
#15 0.221 libnppc.so.11.5.1.107
#15 0.221 libnppc_static.a
#15 0.221 libnppial.so
#15 0.221 libnppial.so.11
#15 0.221 libnppial.so.11.5.1.107
#15 0.221 libnppial_static.a
#15 0.221 libnppicc.so
#15 0.221 libnppicc.so.11
#15 0.221 libnppicc.so.11.5.1.107
#15 0.221 libnppicc_static.a
#15 0.221 libnppidei.so
#15 0.221 libnppidei.so.11
#15 0.221 libnppidei.so.11.5.1.107
#15 0.221 libnppidei_static.a
#15 0.221 libnppif.so
#15 0.221 libnppif.so.11
#15 0.221 libnppif.so.11.5.1.107
#15 0.221 libnppif_static.a
#15 0.221 libnppig.so
#15 0.221 libnppig.so.11
#15 0.221 libnppig.so.11.5.1.107
#15 0.221 libnppig_static.a
#15 0.221 libnppim.so
#15 0.221 libnppim.so.11
#15 0.221 libnppim.so.11.5.1.107
#15 0.221 libnppim_static.a
#15 0.221 libnppist.so
#15 0.221 libnppist.so.11
#15 0.221 libnppist.so.11.5.1.107
#15 0.221 libnppist_static.a
#15 0.221 libnppisu.so
#15 0.221 libnppisu.so.11
#15 0.221 libnppisu.so.11.5.1.107
#15 0.221 libnppisu_static.a
#15 0.221 libnppitc.so
#15 0.221 libnppitc.so.11
#15 0.221 libnppitc.so.11.5.1.107
#15 0.221 libnppitc_static.a
#15 0.221 libnpps.so
#15 0.221 libnpps.so.11
#15 0.221 libnpps.so.11.5.1.107
#15 0.221 libnpps_static.a
#15 0.221 libnpth.so.0
#15 0.221 libnpth.so.0.1.2
#15 0.221 libnsl.a
#15 0.221 libnsl.so
#15 0.221 libnsl.so.1
#15 0.221 libnsl.so.2
#15 0.221 libnsl.so.2.0.1
#15 0.221 libnspr4.so
#15 0.221 libnss3.so
#15 0.221 libnss_compat.so
#15 0.221 libnss_compat.so.2
#15 0.221 libnss_dns.so.2
#15 0.221 libnss_files.so.2
#15 0.221 libnss_hesiod.so
#15 0.221 libnss_hesiod.so.2
#15 0.221 libnss_systemd.so.2
#15 0.221 libnssutil3.so
#15 0.221 libnuma.a
#15 0.221 libnuma.so
#15 0.221 libnuma.so.1
#15 0.221 libnuma.so.1.0.0
#15 0.221 libnvToolsExt.so
#15 0.221 libnvToolsExt.so.1
#15 0.221 libnvToolsExt.so.1.0.0
#15 0.221 libnvblas.so
#15 0.221 libnvblas.so.11
#15 0.221 libnvblas.so.11.7.4.6
#15 0.221 libnvidia-ml.so
#15 0.221 libnvidia-ml.so.1
#15 0.221 libnvidia-ml.so.535.183.01
#15 0.221 libnvidia-nvvm.so
#15 0.221 libnvidia-nvvm.so.4
#15 0.221 libnvidia-nvvm.so.535.183.01
#15 0.221 libnvidia-opencl.so.1
#15 0.221 libnvidia-opencl.so.535.183.01
#15 0.221 libnvidia-pkcs11-openssl3.so.535.183.01
#15 0.221 libnvidia-pkcs11.so.535.183.01
#15 0.221 libnvidia-ptxjitcompiler.so
#15 0.221 libnvidia-ptxjitcompiler.so.1
#15 0.221 libnvidia-ptxjitcompiler.so.535.183.01
#15 0.221 libnvjpeg.so
#15 0.221 libnvjpeg.so.11
#15 0.221 libnvjpeg.so.11.5.4.107
#15 0.221 libnvjpeg_static.a
#15 0.221 libnvperf_host.so
#15 0.221 libnvperf_host_static.a
#15 0.221 libnvperf_target.so
#15 0.221 libnvptxcompiler_static.a
#15 0.221 libnvrtc-builtins.so
#15 0.221 libnvrtc-builtins.so.11.5
#15 0.221 libnvrtc-builtins.so.11.5.119
#15 0.221 libnvrtc-builtins_static.a
#15 0.221 libnvrtc.so
#15 0.221 libnvrtc.so.11.2
#15 0.221 libnvrtc.so.11.5.119
#15 0.221 libnvrtc_static.a
#15 0.221 libnvvm.so
#15 0.221 libnvvm.so.4
#15 0.221 libnvvm.so.4.0.0
#15 0.221 libobjc.so.4
#15 0.221 libobjc.so.4.0.0
#15 0.221 libobjc_gc.so.4
#15 0.221 libobjc_gc.so.4.0.0
#15 0.221 libocrdma-rdmav34.a
#15 0.221 libodbc.a
#15 0.221 libodbc.so
#15 0.221 libodbc.so.2
#15 0.221 libodbc.so.2.0.0
#15 0.221 libodbccr.a
#15 0.221 libodbccr.so
#15 0.221 libodbccr.so.2
#15 0.221 libodbccr.so.2.0.0
#15 0.221 libodbcinst.a
#15 0.221 libodbcinst.so
#15 0.221 libodbcinst.so.2
#15 0.221 libodbcinst.so.2.0.0
#15 0.221 libogg.a
#15 0.221 libogg.so
#15 0.221 libogg.so.0
#15 0.221 libogg.so.0.8.5
#15 0.221 libompitrace.so
#15 0.221 libompitrace.so.40
#15 0.221 libompitrace.so.40.30.0
#15 0.221 libopcodes-2.38-system.so
#15 0.221 libopen-pal.so
#15 0.221 libopen-pal.so.40
#15 0.221 libopen-pal.so.40.30.2
#15 0.221 libopen-rte.so
#15 0.221 libopen-rte.so.40
#15 0.221 libopen-rte.so.40.30.2
#15 0.221 libopenal.so.1
#15 0.221 libopenal.so.1.19.1
#15 0.221 libopenh264.so.2.2.0
#15 0.221 libopenh264.so.6
#15 0.221 libopenjp2.a
#15 0.221 libopenjp2.so
#15 0.221 libopenjp2.so.2.4.0
#15 0.221 libopenjp2.so.7
#15 0.221 libopenjpip.so.2.4.0
#15 0.221 libopenjpip.so.7
#15 0.221 libopenjpip_server.a
#15 0.221 libopenmpt.so.0
#15 0.221 libopenmpt.so.0.3.3
#15 0.221 libopus.so.0
#15 0.221 libopus.so.0.8.0
#15 0.221 liborc-0.4.a
#15 0.221 liborc-0.4.so
#15 0.221 liborc-0.4.so.0
#15 0.221 liborc-0.4.so.0.32.0
#15 0.221 liborc-test-0.4.a
#15 0.221 liborc-test-0.4.so
#15 0.221 liborc-test-0.4.so.0
#15 0.221 liborc-test-0.4.so.0.32.0
#15 0.221 liboshmem.so
#15 0.221 liboshmem.so.40
#15 0.221 liboshmem.so.40.30.1
#15 0.221 libp11-kit.so.0
#15 0.221 libp11-kit.so.0.3.0
#15 0.221 libpam.so.0
#15 0.221 libpam.so.0.85.1
#15 0.221 libpam_misc.so.0
#15 0.221 libpam_misc.so.0.82.1
#15 0.221 libpamc.so.0
#15 0.221 libpamc.so.0.82.1
#15 0.221 libpanel.a
#15 0.221 libpanel.so
#15 0.221 libpanel.so.6
#15 0.221 libpanel.so.6.3
#15 0.221 libpanelw.a
#15 0.221 libpanelw.so
#15 0.221 libpanelw.so.6
#15 0.221 libpanelw.so.6.3
#15 0.221 libpango-1.0.so.0
#15 0.221 libpango-1.0.so.0.5000.6
#15 0.221 libpangocairo-1.0.so.0
#15 0.221 libpangocairo-1.0.so.0.5000.6
#15 0.221 libpangoft2-1.0.so.0
#15 0.221 libpangoft2-1.0.so.0.5000.6
#15 0.221 libpciaccess.a
#15 0.221 libpciaccess.so
#15 0.221 libpciaccess.so.0
#15 0.221 libpciaccess.so.0.11.1
#15 0.221 libpcprofile.so
#15 0.221 libpcre.a
#15 0.221 libpcre.so
#15 0.221 libpcre.so.3
#15 0.221 libpcre.so.3.13.3
#15 0.221 libpcre16.a
#15 0.221 libpcre16.so
#15 0.221 libpcre16.so.3
#15 0.221 libpcre16.so.3.13.3
#15 0.221 libpcre2-16.a
#15 0.221 libpcre2-16.so
#15 0.221 libpcre2-16.so.0
#15 0.221 libpcre2-16.so.0.10.4
#15 0.221 libpcre2-32.a
#15 0.221 libpcre2-32.so
#15 0.221 libpcre2-32.so.0
#15 0.221 libpcre2-32.so.0.10.4
#15 0.221 libpcre2-8.a
#15 0.221 libpcre2-8.so
#15 0.221 libpcre2-8.so.0
#15 0.221 libpcre2-8.so.0.10.4
#15 0.221 libpcre2-posix.a
#15 0.221 libpcre2-posix.so
#15 0.221 libpcre2-posix.so.3
#15 0.221 libpcre2-posix.so.3.0.1
#15 0.221 libpcre32.a
#15 0.221 libpcre32.so
#15 0.221 libpcre32.so.3
#15 0.221 libpcre32.so.3.13.3
#15 0.221 libpcrecpp.a
#15 0.221 libpcrecpp.so
#15 0.221 libpcrecpp.so.0
#15 0.221 libpcrecpp.so.0.0.1
#15 0.221 libpcreposix.a
#15 0.221 libpcreposix.so
#15 0.221 libpcreposix.so.3
#15 0.221 libpcreposix.so.3.13.3
#15 0.221 libpcsamplingutil.so
#15 0.221 libpcsclite.so.1
#15 0.221 libpcsclite.so.1.0.0
#15 0.221 libperl.so.5.34
#15 0.221 libperl.so.5.34.0
#15 0.221 libpfm.so.4
#15 0.221 libpfm.so.4.11.1
#15 0.221 libpgm-5.3.so.0
#15 0.221 libpgm-5.3.so.0.0.128
#15 0.221 libpipeline.so.1
#15 0.221 libpipeline.so.1.5.5
#15 0.221 libpixman-1.so.0
#15 0.221 libpixman-1.so.0.40.0
#15 0.221 libplc4.so
#15 0.221 libplds4.so
#15 0.221 libpmix.so
#15 0.221 libpmix.so.2
#15 0.221 libpmix.so.2.5.2
#15 0.221 libpng.a
#15 0.221 libpng.so
#15 0.221 libpng16.a
#15 0.221 libpng16.so
#15 0.221 libpng16.so.16
#15 0.221 libpng16.so.16.37.0
#15 0.221 libpocketsphinx.so.3
#15 0.221 libpocketsphinx.so.3.0.0
#15 0.221 libpoppler.so
#15 0.221 libpoppler.so.118
#15 0.221 libpoppler.so.118.0.0
#15 0.221 libpostproc.so.55
#15 0.221 libpostproc.so.55.9.100
#15 0.221 libpq.a
#15 0.221 libpq.so
#15 0.221 libpq.so.5
#15 0.221 libpq.so.5.14
#15 0.221 libprocps.so.8
#15 0.221 libprocps.so.8.0.3
#15 0.221 libproj.a
#15 0.221 libproj.la
#15 0.221 libproj.so
#15 0.221 libproj.so.22
#15 0.221 libproj.so.22.2.1
#15 0.221 libprotobuf-lite.a
#15 0.221 libprotobuf-lite.so
#15 0.221 libprotobuf-lite.so.23
#15 0.221 libprotobuf-lite.so.23.0.4
#15 0.221 libprotobuf.a
#15 0.221 libprotobuf.so
#15 0.221 libprotobuf.so.23
#15 0.221 libprotobuf.so.23.0.4
#15 0.221 libprotoc.so.23
#15 0.221 libprotoc.so.23.0.4
#15 0.221 libproxy.so.1
#15 0.221 libproxy.so.1.0.0
#15 0.221 libpsl.so.5
#15 0.221 libpsl.so.5.3.2
#15 0.221 libpsm2.so.2
#15 0.221 libpsm2.so.2.2
#15 0.221 libpsm_infinipath.so.1
#15 0.221 libpspell.so.15
#15 0.221 libpspell.so.15.3.1
#15 0.221 libpthread.a
#15 0.221 libpthread.so.0
#15 0.221 libpulse-simple.so.0
#15 0.221 libpulse-simple.so.0.1.1
#15 0.221 libpulse.so.0
#15 0.221 libpulse.so.0.24.1
#15 0.221 libpython3.10.a
#15 0.221 libpython3.10.so
#15 0.221 libpython3.10.so.1
#15 0.221 libpython3.10.so.1.0
#15 0.221 libqedr-rdmav34.a
#15 0.221 libqhull.so
#15 0.221 libqhull.so.8.0
#15 0.221 libqhull.so.8.0.2
#15 0.221 libqhull_r.so
#15 0.221 libqhull_r.so.8.0
#15 0.221 libqhull_r.so.8.0.2
#15 0.221 libqhullcpp.a
#15 0.221 libqhullcpp.so
#15 0.221 libqhullcpp.so.8.0
#15 0.221 libqhullcpp.so.8.0.2
#15 0.221 libqhullstatic.a
#15 0.221 libqhullstatic_r.a
#15 0.221 libqrencode.so.4
#15 0.221 libqrencode.so.4.1.1
#15 0.221 libquadmath.so.0
#15 0.221 libquadmath.so.0.0.0
#15 0.221 librabbitmq.so.4
#15 0.221 librabbitmq.so.4.4.0
#15 0.221 libraw.so.20
#15 0.221 libraw.so.20.0.0
#15 0.221 libraw1394.a
#15 0.221 libraw1394.so
#15 0.221 libraw1394.so.11
#15 0.221 libraw1394.so.11.1.0
#15 0.221 libraw_r.so.20
#15 0.221 libraw_r.so.20.0.0
#15 0.221 librbio.a
#15 0.221 librbio.so
#15 0.221 librbio.so.2
#15 0.221 librbio.so.2.2.6
#15 0.221 librdmacm.so.1
#15 0.221 librdmacm.so.1.3.39.0
#15 0.221 libreadline.so.8
#15 0.221 libreadline.so.8.1
#15 0.221 libresolv.a
#15 0.221 libresolv.so
#15 0.221 libresolv.so.2
#15 0.221 librhash.so.0
#15 0.221 librom1394.so.0
#15 0.221 librom1394.so.0.3.0
#15 0.221 librsvg-2.so.2
#15 0.221 librsvg-2.so.2.48.0
#15 0.221 librt.a
#15 0.221 librt.so.1
#15 0.221 librtmp.so.1
#15 0.221 librttopo.a
#15 0.221 librttopo.so
#15 0.221 librttopo.so.1
#15 0.221 librttopo.so.1.1.0
#15 0.221 librubberband.so.2
#15 0.221 librubberband.so.2.1.5
#15 0.221 librxe-rdmav34.a
#15 0.221 libsamplerate.so.0
#15 0.221 libsamplerate.so.0.2.2
#15 0.221 libsasl2.so.2
#15 0.221 libsasl2.so.2.0.25
#15 0.221 libsbc.so.1
#15 0.221 libsbc.so.1.3.0
#15 0.221 libseccomp.so.2
#15 0.221 libseccomp.so.2.5.3
#15 0.221 libsecret-1.so.0
#15 0.221 libsecret-1.so.0.0.0
#15 0.221 libselinux.a
#15 0.221 libselinux.so
#15 0.221 libselinux.so.1
#15 0.221 libsemanage.so.2
#15 0.221 libsensors.so.5
#15 0.221 libsensors.so.5.0.0
#15 0.221 libsepol.a
#15 0.221 libsepol.so
#15 0.221 libsepol.so.2
#15 0.221 libserd-0.so.0
#15 0.221 libserd-0.so.0.30.10
#15 0.221 libshine.so.3
#15 0.221 libshine.so.3.0.1
#15 0.221 libshout.so.3
#15 0.221 libshout.so.3.2.0
#15 0.221 libsigsegv.so.2
#15 0.221 libsigsegv.so.2.0.6
#15 0.221 libsiw-rdmav34.a
#15 0.221 libslang.so.2
#15 0.221 libslang.so.2.3.2
#15 0.221 libsliplu.a
#15 0.221 libsliplu.so
#15 0.221 libsliplu.so.1
#15 0.221 libsliplu.so.1.0.2
#15 0.221 libsmartcols.so.1
#15 0.221 libsmartcols.so.1.1.0
#15 0.221 libsmime3.so
#15 0.221 libsnappy.so.1
#15 0.221 libsnappy.so.1.1.8
#15 0.221 libsndfile.so.1
#15 0.221 libsndfile.so.1.0.31
#15 0.221 libsndio.so.7
#15 0.221 libsndio.so.7.0
#15 0.221 libsndio.so.7.1
#15 0.221 libsodium.so.23
#15 0.221 libsodium.so.23.3.0
#15 0.221 libsord-0.so.0
#15 0.221 libsord-0.so.0.16.8
#15 0.221 libsoup-2.4.so.1
#15 0.221 libsoup-2.4.so.1.11.2
#15 0.221 libsoup-3.0.so.0
#15 0.221 libsoup-3.0.so.0.0.5
#15 0.221 libsoxr.so.0
#15 0.221 libsoxr.so.0.1.2
#15 0.221 libspandsp.so.2
#15 0.221 libspandsp.so.2.0.0
#15 0.221 libspatialite.a
#15 0.221 libspatialite.so
#15 0.221 libspatialite.so.7
#15 0.221 libspatialite.so.7.1.2
#15 0.221 libspeex.so.1
#15 0.221 libspeex.so.1.5.0
#15 0.221 libsphinxad.so.3
#15 0.221 libsphinxad.so.3.0.0
#15 0.221 libsphinxbase.so.3
#15 0.221 libsphinxbase.so.3.0.0
#15 0.221 libspqr.a
#15 0.221 libspqr.so
#15 0.221 libspqr.so.2
#15 0.221 libspqr.so.2.0.9
#15 0.221 libsqlite3.a
#15 0.221 libsqlite3.so
#15 0.221 libsqlite3.so.0
#15 0.221 libsqlite3.so.0.8.6
#15 0.221 libsratom-0.so.0
#15 0.221 libsratom-0.so.0.6.8
#15 0.221 libsrt-gnutls.so.1.4
#15 0.221 libsrt-gnutls.so.1.4.4
#15 0.221 libsrtp2.so.1
#15 0.221 libss.so.2
#15 0.221 libss.so.2.0
#15 0.221 libssh-gcrypt.so.4
#15 0.221 libssh-gcrypt.so.4.8.7
#15 0.221 libssh.so.4
#15 0.221 libssh.so.4.8.7
#15 0.221 libssl.a
#15 0.221 libssl.so
#15 0.221 libssl.so.3
#15 0.221 libssl3.so
#15 0.221 libstb.so.0
#15 0.221 libstb.so.0.0
#15 0.221 libstdc++.so.6
#15 0.221 libstdc++.so.6.0.30
#15 0.221 libsuitesparseconfig.a
#15 0.221 libsuitesparseconfig.so
#15 0.221 libsuitesparseconfig.so.5
#15 0.221 libsuitesparseconfig.so.5.10.1
#15 0.221 libsuperlu.so
#15 0.221 libsuperlu.so.5
#15 0.221 libsuperlu.so.5.3.0
#15 0.221 libswresample.a
#15 0.221 libswresample.so
#15 0.221 libswresample.so.3
#15 0.221 libswresample.so.3.9.100
#15 0.221 libswscale.a
#15 0.221 libswscale.so
#15 0.221 libswscale.so.5
#15 0.221 libswscale.so.5.9.100
#15 0.221 libsystemd.so.0
#15 0.221 libsystemd.so.0.32.0
#15 0.221 libsz.a
#15 0.221 libsz.so
#15 0.221 libsz.so.2
#15 0.221 libsz.so.2.0.1
#15 0.221 libtag.so.1
#15 0.221 libtag.so.1.17.0
#15 0.221 libtasn1.so.6
#15 0.221 libtasn1.so.6.6.2
#15 0.221 libtbb.so
#15 0.221 libtbb.so.12
#15 0.221 libtbb.so.12.5
#15 0.221 libtbbmalloc.so
#15 0.221 libtbbmalloc.so.2
#15 0.221 libtbbmalloc.so.2.5
#15 0.221 libtbbmalloc_proxy.so
#15 0.221 libtbbmalloc_proxy.so.2
#15 0.221 libtbbmalloc_proxy.so.2.5
#15 0.221 libtcl.a
#15 0.221 libtcl.so
#15 0.221 libtcl8.6.a
#15 0.221 libtcl8.6.so
#15 0.221 libtcl8.6.so.0
#15 0.221 libtclstub.a
#15 0.221 libtclstub8.6.a
#15 0.221 libtermcap.a
#15 0.221 libtermcap.so
#15 0.221 libtesseract.a
#15 0.221 libtesseract.so
#15 0.221 libtesseract.so.4
#15 0.221 libtesseract.so.4.0.1
#15 0.221 libthai.so.0
#15 0.221 libthai.so.0.3.1
#15 0.221 libtheora.a
#15 0.221 libtheora.so
#15 0.221 libtheora.so.0
#15 0.221 libtheora.so.0.3.10
#15 0.221 libtheoradec.a
#15 0.221 libtheoradec.so
#15 0.221 libtheoradec.so.1
#15 0.221 libtheoradec.so.1.1.4
#15 0.221 libtheoraenc.a
#15 0.221 libtheoraenc.so
#15 0.221 libtheoraenc.so.1
#15 0.221 libtheoraenc.so.1.1.2
#15 0.221 libthread_db.so
#15 0.221 libthread_db.so.1
#15 0.221 libtic.a
#15 0.221 libtic.so
#15 0.221 libtic.so.6
#15 0.221 libtic.so.6.3
#15 0.221 libtiff.a
#15 0.221 libtiff.so
#15 0.221 libtiff.so.5
#15 0.221 libtiff.so.5.7.0
#15 0.221 libtiffxx.a
#15 0.221 libtiffxx.so
#15 0.221 libtiffxx.so.5
#15 0.221 libtiffxx.so.5.7.0
#15 0.221 libtinfo.a
#15 0.221 libtinfo.so
#15 0.221 libtinfo.so.6
#15 0.221 libtinfo.so.6.3
#15 0.221 libtirpc.a
#15 0.221 libtirpc.so
#15 0.221 libtirpc.so.3
#15 0.221 libtirpc.so.3.0.0
#15 0.221 libtk.a
#15 0.221 libtk.so
#15 0.221 libtk8.6.a
#15 0.221 libtk8.6.so
#15 0.221 libtk8.6.so.0
#15 0.221 libtkstub.a
#15 0.221 libtkstub8.6.a
#15 0.221 libtmglib.a
#15 0.221 libtmglib.so
#15 0.221 libtmglib.so.3
#15 0.221 libtmglib.so.3.10.0
#15 0.221 libtsan.so.0
#15 0.221 libtsan.so.0.0.0
#15 0.221 libtwolame.so.0
#15 0.221 libtwolame.so.0.0.0
#15 0.221 libubsan.so.1
#15 0.221 libubsan.so.1.0.0
#15 0.221 libucm.so.0
#15 0.221 libucm.so.0.0.0
#15 0.221 libucp.so.0
#15 0.221 libucp.so.0.0.0
#15 0.221 libucs.so.0
#15 0.221 libucs.so.0.0.0
#15 0.221 libuct.so.0
#15 0.221 libuct.so.0.0.0
#15 0.221 libudev.so
#15 0.221 libudev.so.1
#15 0.221 libudev.so.1.7.2
#15 0.221 libudfread.so.0
#15 0.221 libudfread.so.0.1.0
#15 0.221 libumfpack.a
#15 0.221 libumfpack.so
#15 0.221 libumfpack.so.5
#15 0.221 libumfpack.so.5.7.9
#15 0.221 libunistring.so.2
#15 0.221 libunistring.so.2.2.0
#15 0.221 libunwind-coredump.a
#15 0.221 libunwind-coredump.so
#15 0.221 libunwind-coredump.so.0
#15 0.221 libunwind-coredump.so.0.0.0
#15 0.221 libunwind-generic.a
#15 0.221 libunwind-generic.so
#15 0.221 libunwind-ptrace.a
#15 0.221 libunwind-ptrace.so
#15 0.221 libunwind-ptrace.so.0
#15 0.221 libunwind-ptrace.so.0.0.0
#15 0.221 libunwind-x86_64.a
#15 0.221 libunwind-x86_64.so
#15 0.221 libunwind-x86_64.so.8
#15 0.221 libunwind-x86_64.so.8.0.1
#15 0.221 libunwind.a
#15 0.221 libunwind.so
#15 0.221 libunwind.so.8
#15 0.221 libunwind.so.8.0.1
#15 0.221 liburiparser.so
#15 0.221 liburiparser.so.1
#15 0.221 liburiparser.so.1.0.29
#15 0.221 libusb-1.0.so.0
#15 0.221 libusb-1.0.so.0.3.0
#15 0.221 libutempter.so.0
#15 0.221 libutempter.so.1.2.1
#15 0.221 libutil.a
#15 0.221 libutil.so.1
#15 0.221 libuuid.a
#15 0.221 libuuid.so
#15 0.221 libuuid.so.1
#15 0.221 libuuid.so.1.3.0
#15 0.221 libuv.so.1
#15 0.221 libuv.so.1.0.0
#15 0.221 libv4l
#15 0.221 libv4l1.so.0
#15 0.221 libv4l1.so.0.0.0
#15 0.221 libv4l2.so.0
#15 0.221 libv4l2.so.0.0.0
#15 0.221 libv4lconvert.so.0
#15 0.221 libv4lconvert.so.0.0.0
#15 0.221 libv4lconvert0
#15 0.221 libva-drm.so
#15 0.221 libva-drm.so.2
#15 0.221 libva-drm.so.2.1400.0
#15 0.221 libva-glx.so
#15 0.221 libva-glx.so.2
#15 0.221 libva-glx.so.2.1400.0
#15 0.221 libva-wayland.so
#15 0.221 libva-wayland.so.2
#15 0.221 libva-wayland.so.2.1400.0
#15 0.221 libva-x11.so
#15 0.221 libva-x11.so.2
#15 0.221 libva-x11.so.2.1400.0
#15 0.221 libva.so
#15 0.221 libva.so.2
#15 0.221 libva.so.2.1400.0
#15 0.221 libvdpau.so
#15 0.221 libvdpau.so.1
#15 0.221 libvdpau.so.1.0.0
#15 0.221 libvidstab.so.1.1
#15 0.221 libvisual-0.4.so.0
#15 0.221 libvisual-0.4.so.0.0.0
#15 0.221 libvmw_pvrdma-rdmav34.a
#15 0.221 libvo-aacenc.so.0
#15 0.221 libvo-aacenc.so.0.0.4
#15 0.221 libvo-amrwbenc.so.0
#15 0.221 libvo-amrwbenc.so.0.0.4
#15 0.221 libvorbis.so.0
#15 0.221 libvorbis.so.0.4.9
#15 0.221 libvorbisenc.so.2
#15 0.221 libvorbisenc.so.2.0.12
#15 0.221 libvorbisfile.so.3
#15 0.221 libvorbisfile.so.3.3.8
#15 0.221 libvpx.so.7
#15 0.221 libvpx.so.7.0
#15 0.221 libvpx.so.7.0.0
#15 0.221 libvtkChartsCore-9.1.so
#15 0.221 libvtkChartsCore-9.1.so.1
#15 0.221 libvtkChartsCore-9.1.so.9.1.0
#15 0.221 libvtkCommonColor-9.1.so
#15 0.221 libvtkCommonColor-9.1.so.1
#15 0.221 libvtkCommonColor-9.1.so.9.1.0
#15 0.221 libvtkCommonComputationalGeometry-9.1.so
#15 0.221 libvtkCommonComputationalGeometry-9.1.so.1
#15 0.221 libvtkCommonComputationalGeometry-9.1.so.9.1.0
#15 0.221 libvtkCommonCore-9.1.so
#15 0.221 libvtkCommonCore-9.1.so.1
#15 0.221 libvtkCommonCore-9.1.so.9.1.0
#15 0.221 libvtkCommonDataModel-9.1.so
#15 0.221 libvtkCommonDataModel-9.1.so.1
#15 0.221 libvtkCommonDataModel-9.1.so.9.1.0
#15 0.221 libvtkCommonExecutionModel-9.1.so
#15 0.221 libvtkCommonExecutionModel-9.1.so.1
#15 0.221 libvtkCommonExecutionModel-9.1.so.9.1.0
#15 0.221 libvtkCommonMath-9.1.so
#15 0.221 libvtkCommonMath-9.1.so.1
#15 0.221 libvtkCommonMath-9.1.so.9.1.0
#15 0.221 libvtkCommonMisc-9.1.so
#15 0.221 libvtkCommonMisc-9.1.so.1
#15 0.221 libvtkCommonMisc-9.1.so.9.1.0
#15 0.221 libvtkCommonPython-9.1.so
#15 0.221 libvtkCommonPython-9.1.so.1
#15 0.221 libvtkCommonPython-9.1.so.9.1.0
#15 0.221 libvtkCommonSystem-9.1.so
#15 0.221 libvtkCommonSystem-9.1.so.1
#15 0.221 libvtkCommonSystem-9.1.so.9.1.0
#15 0.221 libvtkCommonTransforms-9.1.so
#15 0.221 libvtkCommonTransforms-9.1.so.1
#15 0.221 libvtkCommonTransforms-9.1.so.9.1.0
#15 0.221 libvtkDICOMParser-9.1.so
#15 0.221 libvtkDICOMParser-9.1.so.1
#15 0.221 libvtkDICOMParser-9.1.so.9.1.0
#15 0.221 libvtkDomainsChemistry-9.1.so
#15 0.221 libvtkDomainsChemistry-9.1.so.1
#15 0.221 libvtkDomainsChemistry-9.1.so.9.1.0
#15 0.221 libvtkDomainsChemistryOpenGL2-9.1.so
#15 0.221 libvtkDomainsChemistryOpenGL2-9.1.so.1
#15 0.221 libvtkDomainsChemistryOpenGL2-9.1.so.9.1.0
#15 0.221 libvtkDomainsParallelChemistry-9.1.so
#15 0.221 libvtkDomainsParallelChemistry-9.1.so.1
#15 0.221 libvtkDomainsParallelChemistry-9.1.so.9.1.0
#15 0.221 libvtkFiltersAMR-9.1.so
#15 0.221 libvtkFiltersAMR-9.1.so.1
#15 0.221 libvtkFiltersAMR-9.1.so.9.1.0
#15 0.221 libvtkFiltersCore-9.1.so
#15 0.221 libvtkFiltersCore-9.1.so.1
#15 0.221 libvtkFiltersCore-9.1.so.9.1.0
#15 0.221 libvtkFiltersExtraction-9.1.so
#15 0.221 libvtkFiltersExtraction-9.1.so.1
#15 0.221 libvtkFiltersExtraction-9.1.so.9.1.0
#15 0.221 libvtkFiltersFlowPaths-9.1.so
#15 0.221 libvtkFiltersFlowPaths-9.1.so.1
#15 0.221 libvtkFiltersFlowPaths-9.1.so.9.1.0
#15 0.221 libvtkFiltersGeneral-9.1.so
#15 0.221 libvtkFiltersGeneral-9.1.so.1
#15 0.221 libvtkFiltersGeneral-9.1.so.9.1.0
#15 0.221 libvtkFiltersGeneric-9.1.so
#15 0.221 libvtkFiltersGeneric-9.1.so.1
#15 0.221 libvtkFiltersGeneric-9.1.so.9.1.0
#15 0.221 libvtkFiltersGeometry-9.1.so
#15 0.221 libvtkFiltersGeometry-9.1.so.1
#15 0.221 libvtkFiltersGeometry-9.1.so.9.1.0
#15 0.221 libvtkFiltersHybrid-9.1.so
#15 0.221 libvtkFiltersHybrid-9.1.so.1
#15 0.221 libvtkFiltersHybrid-9.1.so.9.1.0
#15 0.221 libvtkFiltersHyperTree-9.1.so
#15 0.221 libvtkFiltersHyperTree-9.1.so.1
#15 0.221 libvtkFiltersHyperTree-9.1.so.9.1.0
#15 0.221 libvtkFiltersImaging-9.1.so
#15 0.221 libvtkFiltersImaging-9.1.so.1
#15 0.221 libvtkFiltersImaging-9.1.so.9.1.0
#15 0.221 libvtkFiltersModeling-9.1.so
#15 0.221 libvtkFiltersModeling-9.1.so.1
#15 0.221 libvtkFiltersModeling-9.1.so.9.1.0
#15 0.221 libvtkFiltersParallel-9.1.so
#15 0.221 libvtkFiltersParallel-9.1.so.1
#15 0.221 libvtkFiltersParallel-9.1.so.9.1.0
#15 0.221 libvtkFiltersParallelGeometry-9.1.so
#15 0.221 libvtkFiltersParallelGeometry-9.1.so.1
#15 0.221 libvtkFiltersParallelGeometry-9.1.so.9.1.0
#15 0.221 libvtkFiltersParallelImaging-9.1.so
#15 0.221 libvtkFiltersParallelImaging-9.1.so.1
#15 0.221 libvtkFiltersParallelImaging-9.1.so.9.1.0
#15 0.221 libvtkFiltersParallelMPI-9.1.so
#15 0.221 libvtkFiltersParallelMPI-9.1.so.1
#15 0.221 libvtkFiltersParallelMPI-9.1.so.9.1.0
#15 0.221 libvtkFiltersParallelVerdict-9.1.so
#15 0.221 libvtkFiltersParallelVerdict-9.1.so.1
#15 0.221 libvtkFiltersParallelVerdict-9.1.so.9.1.0
#15 0.221 libvtkFiltersPoints-9.1.so
#15 0.221 libvtkFiltersPoints-9.1.so.1
#15 0.221 libvtkFiltersPoints-9.1.so.9.1.0
#15 0.221 libvtkFiltersProgrammable-9.1.so
#15 0.221 libvtkFiltersProgrammable-9.1.so.1
#15 0.221 libvtkFiltersProgrammable-9.1.so.9.1.0
#15 0.221 libvtkFiltersPython-9.1.so
#15 0.221 libvtkFiltersPython-9.1.so.1
#15 0.221 libvtkFiltersPython-9.1.so.9.1.0
#15 0.221 libvtkFiltersSMP-9.1.so
#15 0.221 libvtkFiltersSMP-9.1.so.1
#15 0.221 libvtkFiltersSMP-9.1.so.9.1.0
#15 0.221 libvtkFiltersSelection-9.1.so
#15 0.221 libvtkFiltersSelection-9.1.so.1
#15 0.221 libvtkFiltersSelection-9.1.so.9.1.0
#15 0.221 libvtkFiltersSources-9.1.so
#15 0.221 libvtkFiltersSources-9.1.so.1
#15 0.221 libvtkFiltersSources-9.1.so.9.1.0
#15 0.221 libvtkFiltersStatistics-9.1.so
#15 0.221 libvtkFiltersStatistics-9.1.so.1
#15 0.221 libvtkFiltersStatistics-9.1.so.9.1.0
#15 0.221 libvtkFiltersTexture-9.1.so
#15 0.221 libvtkFiltersTexture-9.1.so.1
#15 0.221 libvtkFiltersTexture-9.1.so.9.1.0
#15 0.221 libvtkFiltersTopology-9.1.so
#15 0.221 libvtkFiltersTopology-9.1.so.1
#15 0.221 libvtkFiltersTopology-9.1.so.9.1.0
#15 0.221 libvtkFiltersVerdict-9.1.so
#15 0.221 libvtkFiltersVerdict-9.1.so.1
#15 0.221 libvtkFiltersVerdict-9.1.so.9.1.0
#15 0.221 libvtkGUISupportQt-9.1.so.1
#15 0.221 libvtkGUISupportQt-9.1.so.9.1.0
#15 0.221 libvtkGeovisCore-9.1.so
#15 0.221 libvtkGeovisCore-9.1.so.1
#15 0.221 libvtkGeovisCore-9.1.so.9.1.0
#15 0.221 libvtkIOAMR-9.1.so
#15 0.221 libvtkIOAMR-9.1.so.1
#15 0.221 libvtkIOAMR-9.1.so.9.1.0
#15 0.221 libvtkIOAsynchronous-9.1.so
#15 0.221 libvtkIOAsynchronous-9.1.so.1
#15 0.221 libvtkIOAsynchronous-9.1.so.9.1.0
#15 0.221 libvtkIOCGNSReader-9.1.so
#15 0.221 libvtkIOCGNSReader-9.1.so.1
#15 0.221 libvtkIOCGNSReader-9.1.so.9.1.0
#15 0.221 libvtkIOCONVERGECFD-9.1.so
#15 0.221 libvtkIOCONVERGECFD-9.1.so.1
#15 0.221 libvtkIOCONVERGECFD-9.1.so.9.1.0
#15 0.221 libvtkIOChemistry-9.1.so
#15 0.221 libvtkIOChemistry-9.1.so.1
#15 0.221 libvtkIOChemistry-9.1.so.9.1.0
#15 0.221 libvtkIOCityGML-9.1.so
#15 0.221 libvtkIOCityGML-9.1.so.1
#15 0.221 libvtkIOCityGML-9.1.so.9.1.0
#15 0.221 libvtkIOCore-9.1.so
#15 0.221 libvtkIOCore-9.1.so.1
#15 0.221 libvtkIOCore-9.1.so.9.1.0
#15 0.221 libvtkIOEnSight-9.1.so
#15 0.221 libvtkIOEnSight-9.1.so.1
#15 0.221 libvtkIOEnSight-9.1.so.9.1.0
#15 0.221 libvtkIOExodus-9.1.so
#15 0.221 libvtkIOExodus-9.1.so.1
#15 0.221 libvtkIOExodus-9.1.so.9.1.0
#15 0.221 libvtkIOExport-9.1.so
#15 0.221 libvtkIOExport-9.1.so.1
#15 0.221 libvtkIOExport-9.1.so.9.1.0
#15 0.221 libvtkIOExportGL2PS-9.1.so
#15 0.221 libvtkIOExportGL2PS-9.1.so.1
#15 0.221 libvtkIOExportGL2PS-9.1.so.9.1.0
#15 0.221 libvtkIOExportPDF-9.1.so
#15 0.221 libvtkIOExportPDF-9.1.so.1
#15 0.221 libvtkIOExportPDF-9.1.so.9.1.0
#15 0.221 libvtkIOGeometry-9.1.so
#15 0.221 libvtkIOGeometry-9.1.so.1
#15 0.221 libvtkIOGeometry-9.1.so.9.1.0
#15 0.221 libvtkIOHDF-9.1.so
#15 0.221 libvtkIOHDF-9.1.so.1
#15 0.221 libvtkIOHDF-9.1.so.9.1.0
#15 0.221 libvtkIOIOSS-9.1.so
#15 0.221 libvtkIOIOSS-9.1.so.1
#15 0.221 libvtkIOIOSS-9.1.so.9.1.0
#15 0.221 libvtkIOImage-9.1.so
#15 0.221 libvtkIOImage-9.1.so.1
#15 0.221 libvtkIOImage-9.1.so.9.1.0
#15 0.221 libvtkIOImport-9.1.so
#15 0.221 libvtkIOImport-9.1.so.1
#15 0.221 libvtkIOImport-9.1.so.9.1.0
#15 0.221 libvtkIOInfovis-9.1.so
#15 0.221 libvtkIOInfovis-9.1.so.1
#15 0.221 libvtkIOInfovis-9.1.so.9.1.0
#15 0.221 libvtkIOLSDyna-9.1.so
#15 0.221 libvtkIOLSDyna-9.1.so.1
#15 0.221 libvtkIOLSDyna-9.1.so.9.1.0
#15 0.221 libvtkIOLegacy-9.1.so
#15 0.221 libvtkIOLegacy-9.1.so.1
#15 0.221 libvtkIOLegacy-9.1.so.9.1.0
#15 0.221 libvtkIOMINC-9.1.so
#15 0.221 libvtkIOMINC-9.1.so.1
#15 0.221 libvtkIOMINC-9.1.so.9.1.0
#15 0.221 libvtkIOMPIImage-9.1.so
#15 0.221 libvtkIOMPIImage-9.1.so.1
#15 0.221 libvtkIOMPIImage-9.1.so.9.1.0
#15 0.221 libvtkIOMPIParallel-9.1.so
#15 0.221 libvtkIOMPIParallel-9.1.so.1
#15 0.221 libvtkIOMPIParallel-9.1.so.9.1.0
#15 0.221 libvtkIOMotionFX-9.1.so
#15 0.221 libvtkIOMotionFX-9.1.so.1
#15 0.221 libvtkIOMotionFX-9.1.so.9.1.0
#15 0.221 libvtkIOMovie-9.1.so
#15 0.221 libvtkIOMovie-9.1.so.1
#15 0.221 libvtkIOMovie-9.1.so.9.1.0
#15 0.221 libvtkIONetCDF-9.1.so
#15 0.221 libvtkIONetCDF-9.1.so.1
#15 0.221 libvtkIONetCDF-9.1.so.9.1.0
#15 0.221 libvtkIOOggTheora-9.1.so
#15 0.221 libvtkIOOggTheora-9.1.so.1
#15 0.221 libvtkIOOggTheora-9.1.so.9.1.0
#15 0.221 libvtkIOPLY-9.1.so
#15 0.221 libvtkIOPLY-9.1.so.1
#15 0.221 libvtkIOPLY-9.1.so.9.1.0
#15 0.221 libvtkIOParallel-9.1.so
#15 0.221 libvtkIOParallel-9.1.so.1
#15 0.221 libvtkIOParallel-9.1.so.9.1.0
#15 0.221 libvtkIOParallelNetCDF-9.1.so
#15 0.221 libvtkIOParallelNetCDF-9.1.so.1
#15 0.221 libvtkIOParallelNetCDF-9.1.so.9.1.0
#15 0.221 libvtkIOParallelXML-9.1.so
#15 0.221 libvtkIOParallelXML-9.1.so.1
#15 0.221 libvtkIOParallelXML-9.1.so.9.1.0
#15 0.221 libvtkIOSQL-9.1.so
#15 0.221 libvtkIOSQL-9.1.so.1
#15 0.221 libvtkIOSQL-9.1.so.9.1.0
#15 0.221 libvtkIOSegY-9.1.so
#15 0.221 libvtkIOSegY-9.1.so.1
#15 0.221 libvtkIOSegY-9.1.so.9.1.0
#15 0.221 libvtkIOTecplotTable-9.1.so
#15 0.221 libvtkIOTecplotTable-9.1.so.1
#15 0.221 libvtkIOTecplotTable-9.1.so.9.1.0
#15 0.221 libvtkIOVeraOut-9.1.so
#15 0.221 libvtkIOVeraOut-9.1.so.1
#15 0.221 libvtkIOVeraOut-9.1.so.9.1.0
#15 0.221 libvtkIOVideo-9.1.so
#15 0.221 libvtkIOVideo-9.1.so.1
#15 0.221 libvtkIOVideo-9.1.so.9.1.0
#15 0.221 libvtkIOXML-9.1.so
#15 0.221 libvtkIOXML-9.1.so.1
#15 0.221 libvtkIOXML-9.1.so.9.1.0
#15 0.221 libvtkIOXMLParser-9.1.so
#15 0.221 libvtkIOXMLParser-9.1.so.1
#15 0.221 libvtkIOXMLParser-9.1.so.9.1.0
#15 0.221 libvtkImagingColor-9.1.so
#15 0.221 libvtkImagingColor-9.1.so.1
#15 0.221 libvtkImagingColor-9.1.so.9.1.0
#15 0.221 libvtkImagingCore-9.1.so
#15 0.221 libvtkImagingCore-9.1.so.1
#15 0.221 libvtkImagingCore-9.1.so.9.1.0
#15 0.221 libvtkImagingFourier-9.1.so
#15 0.221 libvtkImagingFourier-9.1.so.1
#15 0.221 libvtkImagingFourier-9.1.so.9.1.0
#15 0.221 libvtkImagingGeneral-9.1.so
#15 0.221 libvtkImagingGeneral-9.1.so.1
#15 0.221 libvtkImagingGeneral-9.1.so.9.1.0
#15 0.221 libvtkImagingHybrid-9.1.so
#15 0.221 libvtkImagingHybrid-9.1.so.1
#15 0.221 libvtkImagingHybrid-9.1.so.9.1.0
#15 0.221 libvtkImagingMath-9.1.so
#15 0.221 libvtkImagingMath-9.1.so.1
#15 0.221 libvtkImagingMath-9.1.so.9.1.0
#15 0.221 libvtkImagingMorphological-9.1.so
#15 0.221 libvtkImagingMorphological-9.1.so.1
#15 0.221 libvtkImagingMorphological-9.1.so.9.1.0
#15 0.221 libvtkImagingSources-9.1.so
#15 0.221 libvtkImagingSources-9.1.so.1
#15 0.221 libvtkImagingSources-9.1.so.9.1.0
#15 0.221 libvtkImagingStatistics-9.1.so
#15 0.221 libvtkImagingStatistics-9.1.so.1
#15 0.221 libvtkImagingStatistics-9.1.so.9.1.0
#15 0.221 libvtkImagingStencil-9.1.so
#15 0.221 libvtkImagingStencil-9.1.so.1
#15 0.221 libvtkImagingStencil-9.1.so.9.1.0
#15 0.221 libvtkInfovisCore-9.1.so
#15 0.221 libvtkInfovisCore-9.1.so.1
#15 0.221 libvtkInfovisCore-9.1.so.9.1.0
#15 0.221 libvtkInfovisLayout-9.1.so
#15 0.221 libvtkInfovisLayout-9.1.so.1
#15 0.221 libvtkInfovisLayout-9.1.so.9.1.0
#15 0.221 libvtkInteractionImage-9.1.so
#15 0.221 libvtkInteractionImage-9.1.so.1
#15 0.221 libvtkInteractionImage-9.1.so.9.1.0
#15 0.221 libvtkInteractionStyle-9.1.so
#15 0.221 libvtkInteractionStyle-9.1.so.1
#15 0.221 libvtkInteractionStyle-9.1.so.9.1.0
#15 0.221 libvtkInteractionWidgets-9.1.so
#15 0.221 libvtkInteractionWidgets-9.1.so.1
#15 0.221 libvtkInteractionWidgets-9.1.so.9.1.0
#15 0.221 libvtkJava-9.1.so
#15 0.221 libvtkJava-9.1.so.1
#15 0.221 libvtkJava-9.1.so.9.1.0
#15 0.221 libvtkParallelCore-9.1.so
#15 0.221 libvtkParallelCore-9.1.so.1
#15 0.221 libvtkParallelCore-9.1.so.9.1.0
#15 0.221 libvtkParallelDIY-9.1.so
#15 0.221 libvtkParallelDIY-9.1.so.1
#15 0.221 libvtkParallelDIY-9.1.so.9.1.0
#15 0.221 libvtkParallelMPI-9.1.so
#15 0.221 libvtkParallelMPI-9.1.so.1
#15 0.221 libvtkParallelMPI-9.1.so.9.1.0
#15 0.221 libvtkParallelMPI4Py-9.1.so
#15 0.221 libvtkParallelMPI4Py-9.1.so.1
#15 0.221 libvtkParallelMPI4Py-9.1.so.9.1.0
#15 0.221 libvtkPythonContext2D-9.1.so
#15 0.221 libvtkPythonContext2D-9.1.so.1
#15 0.221 libvtkPythonContext2D-9.1.so.9.1.0
#15 0.221 libvtkPythonInterpreter-9.1.so
#15 0.221 libvtkPythonInterpreter-9.1.so.1
#15 0.221 libvtkPythonInterpreter-9.1.so.9.1.0
#15 0.221 libvtkRenderingAnnotation-9.1.so
#15 0.221 libvtkRenderingAnnotation-9.1.so.1
#15 0.221 libvtkRenderingAnnotation-9.1.so.9.1.0
#15 0.221 libvtkRenderingContext2D-9.1.so
#15 0.221 libvtkRenderingContext2D-9.1.so.1
#15 0.221 libvtkRenderingContext2D-9.1.so.9.1.0
#15 0.221 libvtkRenderingContextOpenGL2-9.1.so
#15 0.221 libvtkRenderingContextOpenGL2-9.1.so.1
#15 0.221 libvtkRenderingContextOpenGL2-9.1.so.9.1.0
#15 0.221 libvtkRenderingCore-9.1.so
#15 0.221 libvtkRenderingCore-9.1.so.1
#15 0.221 libvtkRenderingCore-9.1.so.9.1.0
#15 0.221 libvtkRenderingFreeType-9.1.so
#15 0.221 libvtkRenderingFreeType-9.1.so.1
#15 0.221 libvtkRenderingFreeType-9.1.so.9.1.0
#15 0.221 libvtkRenderingGL2PSOpenGL2-9.1.so
#15 0.221 libvtkRenderingGL2PSOpenGL2-9.1.so.1
#15 0.221 libvtkRenderingGL2PSOpenGL2-9.1.so.9.1.0
#15 0.221 libvtkRenderingImage-9.1.so
#15 0.221 libvtkRenderingImage-9.1.so.1
#15 0.221 libvtkRenderingImage-9.1.so.9.1.0
#15 0.221 libvtkRenderingLOD-9.1.so
#15 0.221 libvtkRenderingLOD-9.1.so.1
#15 0.221 libvtkRenderingLOD-9.1.so.9.1.0
#15 0.221 libvtkRenderingLabel-9.1.so
#15 0.221 libvtkRenderingLabel-9.1.so.1
#15 0.221 libvtkRenderingLabel-9.1.so.9.1.0
#15 0.221 libvtkRenderingOpenGL2-9.1.so
#15 0.221 libvtkRenderingOpenGL2-9.1.so.1
#15 0.221 libvtkRenderingOpenGL2-9.1.so.9.1.0
#15 0.221 libvtkRenderingQt-9.1.so.1
#15 0.221 libvtkRenderingQt-9.1.so.9.1.0
#15 0.221 libvtkRenderingSceneGraph-9.1.so
#15 0.221 libvtkRenderingSceneGraph-9.1.so.1
#15 0.221 libvtkRenderingSceneGraph-9.1.so.9.1.0
#15 0.221 libvtkRenderingTk-9.1.so
#15 0.221 libvtkRenderingTk-9.1.so.1
#15 0.221 libvtkRenderingTk-9.1.so.9.1.0
#15 0.221 libvtkRenderingUI-9.1.so
#15 0.221 libvtkRenderingUI-9.1.so.1
#15 0.221 libvtkRenderingUI-9.1.so.9.1.0
#15 0.221 libvtkRenderingVolume-9.1.so
#15 0.221 libvtkRenderingVolume-9.1.so.1
#15 0.221 libvtkRenderingVolume-9.1.so.9.1.0
#15 0.221 libvtkRenderingVolumeOpenGL2-9.1.so
#15 0.221 libvtkRenderingVolumeOpenGL2-9.1.so.1
#15 0.221 libvtkRenderingVolumeOpenGL2-9.1.so.9.1.0
#15 0.221 libvtkRenderingVtkJS-9.1.so
#15 0.221 libvtkRenderingVtkJS-9.1.so.1
#15 0.221 libvtkRenderingVtkJS-9.1.so.9.1.0
#15 0.221 libvtkTestingRendering-9.1.so
#15 0.221 libvtkTestingRendering-9.1.so.1
#15 0.221 libvtkTestingRendering-9.1.so.9.1.0
#15 0.221 libvtkViewsContext2D-9.1.so
#15 0.221 libvtkViewsContext2D-9.1.so.1
#15 0.221 libvtkViewsContext2D-9.1.so.9.1.0
#15 0.221 libvtkViewsCore-9.1.so
#15 0.221 libvtkViewsCore-9.1.so.1
#15 0.221 libvtkViewsCore-9.1.so.9.1.0
#15 0.221 libvtkViewsInfovis-9.1.so
#15 0.221 libvtkViewsInfovis-9.1.so.1
#15 0.221 libvtkViewsInfovis-9.1.so.9.1.0
#15 0.221 libvtkViewsQt-9.1.so.1
#15 0.221 libvtkViewsQt-9.1.so.9.1.0
#15 0.221 libvtkWrappingPythonCore3.10-9.1.so
#15 0.221 libvtkWrappingPythonCore3.10-9.1.so.1
#15 0.221 libvtkWrappingPythonCore3.10-9.1.so.9.1.0
#15 0.221 libvtkWrappingTools-9.1.so
#15 0.221 libvtkWrappingTools-9.1.so.1
#15 0.221 libvtkWrappingTools-9.1.so.9.1.0
#15 0.221 libvtkcgns-9.1.so
#15 0.221 libvtkcgns-9.1.so.1
#15 0.221 libvtkcgns-9.1.so.9.1.0
#15 0.221 libvtkexodusII-9.1.so
#15 0.221 libvtkexodusII-9.1.so.1
#15 0.221 libvtkexodusII-9.1.so.9.1.0
#15 0.221 libvtkfmt-9.1.so
#15 0.221 libvtkfmt-9.1.so.1
#15 0.221 libvtkfmt-9.1.so.9.1.0
#15 0.221 libvtkioss-9.1.so
#15 0.221 libvtkioss-9.1.so.1
#15 0.221 libvtkioss-9.1.so.9.1.0
#15 0.221 libvtkkissfft-9.1.so
#15 0.221 libvtkkissfft-9.1.so.1
#15 0.221 libvtkkissfft-9.1.so.9.1.0
#15 0.221 libvtklibharu-9.1.so
#15 0.221 libvtklibharu-9.1.so.1
#15 0.221 libvtklibharu-9.1.so.9.1.0
#15 0.221 libvtkloguru-9.1.so
#15 0.221 libvtkloguru-9.1.so.1
#15 0.221 libvtkloguru-9.1.so.9.1.0
#15 0.221 libvtkmetaio-9.1.so
#15 0.221 libvtkmetaio-9.1.so.1
#15 0.221 libvtkmetaio-9.1.so.9.1.0
#15 0.221 libvtkpugixml-9.1.so
#15 0.221 libvtkpugixml-9.1.so.1
#15 0.221 libvtkpugixml-9.1.so.9.1.0
#15 0.221 libvtksys-9.1.so
#15 0.221 libvtksys-9.1.so.1
#15 0.221 libvtksys-9.1.so.9.1.0
#15 0.221 libvtkverdict-9.1.so
#15 0.221 libvtkverdict-9.1.so.1
#15 0.221 libvtkverdict-9.1.so.9.1.0
#15 0.221 libvulkan.so
#15 0.221 libvulkan.so.1
#15 0.221 libvulkan.so.1.3.204
#15 0.221 libvulkan_intel.so
#15 0.221 libvulkan_intel_hasvk.so
#15 0.221 libvulkan_lvp.so
#15 0.221 libvulkan_radeon.so
#15 0.221 libvulkan_virtio.so
#15 0.221 libwacom.so.9
#15 0.221 libwacom.so.9.0.0
#15 0.221 libwavpack.so.1
#15 0.221 libwavpack.so.1.2.3
#15 0.221 libwayland-client.so
#15 0.221 libwayland-client.so.0
#15 0.221 libwayland-client.so.0.20.0
#15 0.221 libwayland-cursor.so
#15 0.221 libwayland-cursor.so.0
#15 0.221 libwayland-cursor.so.0.20.0
#15 0.221 libwayland-egl.so
#15 0.221 libwayland-egl.so.1
#15 0.221 libwayland-egl.so.1.20.0
#15 0.221 libwayland-server.so
#15 0.221 libwayland-server.so.0
#15 0.221 libwayland-server.so.0.20.0
#15 0.221 libwebp.a
#15 0.221 libwebp.so
#15 0.221 libwebp.so.7
#15 0.221 libwebp.so.7.1.3
#15 0.221 libwebpdemux.a
#15 0.221 libwebpdemux.so
#15 0.221 libwebpdemux.so.2
#15 0.221 libwebpdemux.so.2.0.9
#15 0.221 libwebpmux.a
#15 0.221 libwebpmux.so
#15 0.221 libwebpmux.so.3
#15 0.221 libwebpmux.so.3.0.8
#15 0.221 libwebrtc_audio_processing.so.1
#15 0.221 libwebrtc_audio_processing.so.1.0.0
#15 0.221 libwoff2common.so.1.0.2
#15 0.221 libwoff2dec.so.1.0.2
#15 0.221 libwoff2enc.so.1.0.2
#15 0.221 libx264.so.163
#15 0.221 libx265.a
#15 0.221 libx265.so
#15 0.221 libx265.so.199
#15 0.221 libxcb-dri2.so.0
#15 0.221 libxcb-dri2.so.0.0.0
#15 0.221 libxcb-dri3.so.0
#15 0.221 libxcb-dri3.so.0.0.0
#15 0.221 libxcb-glx.so.0
#15 0.221 libxcb-glx.so.0.0.0
#15 0.221 libxcb-icccm.so.4
#15 0.221 libxcb-icccm.so.4.0.0
#15 0.221 libxcb-image.so.0
#15 0.221 libxcb-image.so.0.0.0
#15 0.221 libxcb-keysyms.so.1
#15 0.221 libxcb-keysyms.so.1.0.0
#15 0.221 libxcb-present.so.0
#15 0.221 libxcb-present.so.0.0.0
#15 0.221 libxcb-randr.so.0
#15 0.221 libxcb-randr.so.0.1.0
#15 0.221 libxcb-render-util.so.0
#15 0.221 libxcb-render-util.so.0.0.0
#15 0.221 libxcb-render.so.0
#15 0.221 libxcb-render.so.0.0.0
#15 0.221 libxcb-shape.so.0
#15 0.221 libxcb-shape.so.0.0.0
#15 0.221 libxcb-shm.so.0
#15 0.221 libxcb-shm.so.0.0.0
#15 0.221 libxcb-sync.so.1
#15 0.221 libxcb-sync.so.1.0.0
#15 0.221 libxcb-util.so.1
#15 0.221 libxcb-util.so.1.0.0
#15 0.221 libxcb-xfixes.so.0
#15 0.221 libxcb-xfixes.so.0.0.0
#15 0.221 libxcb-xinerama.so.0
#15 0.221 libxcb-xinerama.so.0.0.0
#15 0.221 libxcb-xinput.so.0
#15 0.221 libxcb-xinput.so.0.1.0
#15 0.221 libxcb-xkb.so.1
#15 0.221 libxcb-xkb.so.1.0.0
#15 0.221 libxcb.a
#15 0.221 libxcb.so
#15 0.221 libxcb.so.1
#15 0.221 libxcb.so.1.1.0
#15 0.221 libxerces-c-3.2.so
#15 0.221 libxerces-c.a
#15 0.221 libxerces-c.so
#15 0.221 libxkbcommon-x11.so.0
#15 0.221 libxkbcommon-x11.so.0.0.0
#15 0.221 libxkbcommon.so.0
#15 0.221 libxkbcommon.so.0.0.0
#15 0.221 libxkbfile.so.1
#15 0.221 libxkbfile.so.1.0.2
#15 0.221 libxml2.a
#15 0.221 libxml2.so
#15 0.221 libxml2.so.2
#15 0.221 libxml2.so.2.9.13
#15 0.221 libxshmfence.so.1
#15 0.221 libxshmfence.so.1.0.0
#15 0.221 libxslt.so.1
#15 0.221 libxslt.so.1.1.34
#15 0.221 libxvidcore.so.4
#15 0.221 libxvidcore.so.4.3
#15 0.221 libxxhash.so.0
#15 0.221 libxxhash.so.0.8.1
#15 0.221 libyaml-0.so.2
#15 0.221 libyaml-0.so.2.0.6
#15 0.221 libyuv.so.0
#15 0.221 libyuv.so.0.0.1807
#15 0.221 libz.a
#15 0.221 libz.so
#15 0.221 libz.so.1
#15 0.221 libz.so.1.2.11
#15 0.221 libz3.so
#15 0.221 libz3.so.4
#15 0.221 libzbar.so.0
#15 0.221 libzbar.so.0.3.0
#15 0.221 libzimg.so.2
#15 0.221 libzimg.so.2.0.0
#15 0.221 libzmq.so.5
#15 0.221 libzmq.so.5.2.4
#15 0.221 libzstd.a
#15 0.221 libzstd.so
#15 0.221 libzstd.so.1
#15 0.221 libzstd.so.1.4.8
#15 0.221 libzvbi-chains.so.0
#15 0.221 libzvbi-chains.so.0.0.0
#15 0.221 libzvbi.so.0
#15 0.221 libzvbi.so.0.13.2
#15 0.221 libzzip-0.so.10
#15 0.221 libzzip-0.so.11
#15 0.221 libzzip-0.so.12
#15 0.221 libzzip-0.so.13
#15 0.221 libzzip-0.so.13.0.72
#15 0.221 libzzipfseeko-0.so.10
#15 0.221 libzzipfseeko-0.so.11
#15 0.221 libzzipfseeko-0.so.12
#15 0.221 libzzipfseeko-0.so.13
#15 0.221 libzzipfseeko-0.so.13.0.72
#15 0.221 libzzipmmapped-0.so.10
#15 0.221 libzzipmmapped-0.so.11
#15 0.221 libzzipmmapped-0.so.12
#15 0.221 libzzipmmapped-0.so.13
#15 0.221 libzzipmmapped-0.so.13.0.72
#15 0.221 libzzipwrap-0.so.13
#15 0.221 libzzipwrap-0.so.13.0.72
#15 0.221 metatypes
#15 0.221 mfx
#15 0.221 nss
#15 0.221 open-coarrays
#15 0.221 open-corarrys
#15 0.221 openjpeg-2.1
#15 0.221 openjpeg-2.4
#15 0.221 openmpi
#15 0.221 ossl-modules
#15 0.221 perl
#15 0.221 perl-base
#15 0.221 perl5
#15 0.221 pkgconfig
#15 0.221 pmix2
#15 0.221 pulseaudio
#15 0.221 qt-default
#15 0.221 qt5
#15 0.221 qtchooser
#15 0.221 rcrt1.o
#15 0.221 rsocket
#15 0.221 sasl2
#15 0.221 security
#15 0.221 stubs
#15 0.221 tcl8.6
#15 0.221 tclConfig.sh
#15 0.221 tclooConfig.sh
#15 0.221 tk8.6
#15 0.221 tkConfig.sh
#15 0.221 ucx
#15 0.221 utempter
#15 0.221 vdpau
#15 0.221 vtk
#15 0.221 xml2Conf.sh
#15 0.222 + ls /opt/opencv/include
#15 0.223 opencv4
#15 0.224 + ls /opt/opencv/include/opencv4
#15 0.225 opencv2
#15 0.226 + ls /usr/include/x86_64-linux-gnu
#15 0.227 a.out.h
#15 0.227 asm
#15 0.227 atlas
#15 0.227 bits
#15 0.227 c++
#15 0.227 cblas-atlas.h
#15 0.227 cblas.h
#15 0.227 clapack.h
#15 0.227 curl
#15 0.227 expat_config.h
#15 0.227 ffi.h
#15 0.227 ffitarget.h
#15 0.227 fpu_control.h
#15 0.227 gnu
#15 0.227 hwloc
#15 0.227 ieee754.h
#15 0.227 jconfig.h
#15 0.227 libavcodec
#15 0.227 libavformat
#15 0.227 libavutil
#15 0.227 libcaf-gfortran-descriptor.h
#15 0.227 libcaf-version-def.h
#15 0.227 libcaf.h
#15 0.227 libswresample
#15 0.227 libswscale
#15 0.227 libunwind-common.h
#15 0.227 libunwind-coredump.h
#15 0.227 libunwind-dynamic.h
#15 0.227 libunwind-ptrace.h
#15 0.227 libunwind-x86_64.h
#15 0.227 libunwind.h
#15 0.227 mpi
#15 0.227 openmpi
#15 0.227 openssl
#15 0.227 python3.10
#15 0.227 qt5
#15 0.227 sys
#15 0.227 tiff.h
#15 0.227 tiffconf.h
#15 0.227 tiffio.h
#15 0.227 tiffio.hxx
#15 0.227 tiffvers.h
#15 0.227 unwind.h
#15 DONE 0.2s

#16 [13/13] RUN set -xeu && 	cd /root/oko/backend && 	cargo test
#16 0.279 + cd /root/oko/backend
#16 0.279 + cargo test
#16 0.546    Compiling oko v0.1.2 (/root/oko/backend)
#16 CANCELED
ERROR: failed to solve: Canceled: context canceled
