#0 building with "default" instance using docker driver

#1 [internal] load build definition from ubuntu-22.04-opencv-full-build.Dockerfile
#1 transferring dockerfile: 6.55kB done
#1 DONE 0.0s

#2 [internal] load metadata for docker.io/library/ubuntu:22.04
#2 DONE 0.0s

#3 [internal] load .dockerignore
#3 transferring context: 2B done
#3 DONE 0.0s

#4 [ 1/16] FROM docker.io/library/ubuntu:22.04
#4 DONE 0.0s

#5 [ 2/16] RUN set -xeu &&     apt-get update &&     DEBIAN_FRONTEND=noninteractive apt-get dist-upgrade -y &&     apt-get autoremove -y --purge &&     apt-get -y autoclean
#5 CACHED

#6 [ 3/16] RUN set -xeu &&     DEBIAN_FRONTEND=noninteractive apt-get install -y curl clang libclang-dev     cmake python3-numpy libatlas-base-dev libceres-dev libeigen3-dev liblapacke-dev libprotobuf-dev protobuf-compiler nvidia-cuda-dev libtesseract-dev     libwebp-dev libpng-dev libtiff-dev libopenexr-dev libgdal-dev libopenjp2-7-dev libopenjpip-server libopenjpip-dec-server libopenjp2-tools libhdf5-dev     libgphoto2-dev libgstreamer1.0-dev libgstreamer-plugins-base1.0-dev libva-dev libdc1394-dev     libfreetype6-dev libharfbuzz-dev qtbase5-dev libvtk9-dev libogre-1.12-dev 	git libssl-dev
#6 CACHED

#7 [ 4/16] RUN set -xeu && 	ls /usr/lib/x86_64-linux-gnu | grep "avcodec" && 	ls /usr/include/x86_64-linux-gnu | grep "avcodec"
#7 0.222 + ls /usr/lib/x86_64-linux-gnu
#7 0.222 + grep avcodec
#7 0.230 libavcodec.a
#7 0.230 libavcodec.so
#7 0.230 libavcodec.so.58
#7 0.230 libavcodec.so.58.134.100
#7 0.231 + ls /usr/include/x86_64-linux-gnu
#7 0.231 + grep avcodec
#7 0.233 libavcodec
#7 DONE 0.3s

#8 [ 5/16] RUN set -xeu &&     curl --proto '=https' --tlsv1.2 -sSf https://sh.rustup.rs | sh -s -- -y --profile=minimal
#8 0.242 + curl --proto =https --tlsv1.2 -sSf https://sh.rustup.rs
#8 0.242 + sh -s -- -y --profile=minimal
#8 0.423 info: downloading installer
#8 0.950 info: profile set to 'minimal'
#8 0.950 info: default host triple is x86_64-unknown-linux-gnu
#8 0.950 info: syncing channel updates for 'stable-x86_64-unknown-linux-gnu'
#8 1.052 info: latest update on 2024-11-28, rust version 1.83.0 (90b35a623 2024-11-26)
#8 1.052 info: downloading component 'cargo'
#8 1.138 info: downloading component 'rust-std'
#8 1.293 info: downloading component 'rustc'
#8 1.711 info: installing component 'cargo'
#8 2.283 info: installing component 'rust-std'
#8 CANCELED
ERROR: failed to solve: Canceled: context canceled
